Log file open, 09/19/21 12:49:05
LogWindows: Failed to load 'aqProf.dll' (GetLastError=126)
LogWindows: File 'aqProf.dll' does not exist
LogWindows: Failed to load 'VtuneApi.dll' (GetLastError=126)
LogWindows: File 'VtuneApi.dll' does not exist
LogWindows: Failed to load 'VtuneApi32e.dll' (GetLastError=126)
LogWindows: File 'VtuneApi32e.dll' does not exist
LogConsoleResponse: Display: Failed to find resolution value strings in scalability ini. Falling back to default.
LogInit: Display: Running engine for game: TwistedGrounds
LogPlatformFile: Not using cached read wrapper
LogTaskGraph: Started task graph with 5 named threads and 47 total threads with 3 sets of task threads.
LogStats: Stats thread started at 4.708159
LogD3D11RHI: Loaded GFSDK_Aftermath_Lib.x64.dll
LogICUInternationalization: ICU TimeZone Detection - Raw Offset: +10:00, Platform Override: ''
LogPluginManager: Warning: Engine version string in E:/Desktop/Documents -HDD/Assessment3AdvGamesDev/TwistedGrounds/Plugins/SimplexNoise/SimplexNoise/SimplexNoise.uplugin could not be parsed ("4.24")
LogPluginManager: Mounting plugin Paper2D
LogPluginManager: Mounting plugin AISupport
LogPluginManager: Mounting plugin LightPropagationVolume
LogPluginManager: Mounting plugin ActorLayerUtilities
LogPluginManager: Mounting plugin AnimationSharing
LogPluginManager: Mounting plugin CLionSourceCodeAccess
LogPluginManager: Mounting plugin CodeLiteSourceCodeAccess
LogPluginManager: Mounting plugin GitSourceControl
LogPluginManager: Mounting plugin KDevelopSourceCodeAccess
LogPluginManager: Mounting plugin NullSourceCodeAccess
LogPluginManager: Mounting plugin PerforceSourceControl
LogPluginManager: Mounting plugin PlasticSourceControl
LogPluginManager: Mounting plugin SubversionSourceControl
LogPluginManager: Mounting plugin UObjectPlugin
LogPluginManager: Mounting plugin VisualStudioCodeSourceCodeAccess
LogPluginManager: Mounting plugin VisualStudioSourceCodeAccess
LogPluginManager: Mounting plugin XCodeSourceCodeAccess
LogPluginManager: Mounting plugin AssetManagerEditor
LogPluginManager: Mounting plugin CryptoKeys
LogPluginManager: Mounting plugin CurveEditorTools
LogPluginManager: Mounting plugin DataValidation
LogPluginManager: Mounting plugin FacialAnimation
LogPluginManager: Mounting plugin GameplayTagsEditor
LogPluginManager: Mounting plugin MacGraphicsSwitching
LogPluginManager: Mounting plugin MaterialAnalyzer
LogPluginManager: Mounting plugin MobileLauncherProfileWizard
LogPluginManager: Mounting plugin PluginBrowser
LogPluginManager: Mounting plugin SpeedTreeImporter
LogPluginManager: Mounting plugin DatasmithContent
LogPluginManager: Mounting plugin VariantManagerContent
LogPluginManager: Mounting plugin AlembicImporter
LogPluginManager: Mounting plugin AutomationUtils
LogPluginManager: Mounting plugin BackChannel
LogPluginManager: Mounting plugin CharacterAI
LogPluginManager: Mounting plugin GeometryCache
LogPluginManager: Mounting plugin PlatformCrypto
LogPluginManager: Mounting plugin ProxyLODPlugin
LogPluginManager: Mounting plugin SkeletalReduction
LogPluginManager: Mounting plugin MagicLeap
LogPluginManager: Mounting plugin MagicLeapMedia
LogPluginManager: Mounting plugin MLSDK
LogPluginManager: Mounting plugin RuntimeMeshComponent
LogPluginManager: Mounting plugin AndroidMedia
LogPluginManager: Mounting plugin AvfMedia
LogPluginManager: Mounting plugin ImgMedia
LogPluginManager: Mounting plugin MediaCompositing
LogPluginManager: Mounting plugin MediaPlayerEditor
LogPluginManager: Mounting plugin WebMMedia
LogPluginManager: Mounting plugin WmfMedia
LogPluginManager: Mounting plugin TcpMessaging
LogPluginManager: Mounting plugin UdpMessaging
LogPluginManager: Mounting plugin ActorSequence
LogPluginManager: Mounting plugin LevelSequenceEditor
LogPluginManager: Mounting plugin MatineeToLevelSequence
LogPluginManager: Mounting plugin NetcodeUnitTest
LogPluginManager: Mounting plugin NUTUnrealEngine4
LogPluginManager: Mounting plugin OnlineSubsystemGooglePlay
LogPluginManager: Mounting plugin OnlineSubsystemIOS
LogPluginManager: Mounting plugin OnlineSubsystem
LogPluginManager: Mounting plugin OnlineSubsystemNull
LogPluginManager: Mounting plugin OnlineSubsystemUtils
LogPluginManager: Mounting plugin LauncherChunkInstaller
LogPluginManager: Mounting plugin AndroidDeviceProfileSelector
LogPluginManager: Mounting plugin AndroidMoviePlayer
LogPluginManager: Mounting plugin AndroidPermission
LogPluginManager: Mounting plugin AppleImageUtils
LogPluginManager: Mounting plugin AppleMoviePlayer
LogPluginManager: Mounting plugin ArchVisCharacter
LogPluginManager: Mounting plugin AssetTags
LogPluginManager: Mounting plugin AudioCapture
LogPluginManager: Mounting plugin CableComponent
LogPluginManager: Mounting plugin CustomMeshComponent
LogPluginManager: Mounting plugin EditableMesh
LogPluginManager: Mounting plugin ExampleDeviceProfileSelector
LogPluginManager: Mounting plugin GoogleCloudMessaging
LogPluginManager: Mounting plugin IOSDeviceProfileSelector
LogPluginManager: Mounting plugin LinuxDeviceProfileSelector
LogPluginManager: Mounting plugin LocationServicesBPLibrary
LogPluginManager: Mounting plugin MobilePatchingUtils
LogPluginManager: Mounting plugin OculusVR
LogPluginManager: Mounting plugin PhysXVehicles
LogPluginManager: Mounting plugin PostSplashScreen
LogPluginManager: Mounting plugin ProceduralMeshComponent
LogPluginManager: Mounting plugin RuntimePhysXCooking
LogPluginManager: Mounting plugin SignificanceManager
LogPluginManager: Mounting plugin SteamVR
LogPluginManager: Mounting plugin WebMMoviePlayer
LogPluginManager: Mounting plugin WindowsMoviePlayer
LogPluginManager: Mounting plugin ScreenshotTools
LogPluginManager: Mounting plugin SimplexNoise
LogInit: Using libcurl 7.55.1-DEV
LogInit:  - built for x86_64-pc-win32
LogInit:  - supports SSL with OpenSSL/1.1.1
LogInit:  - supports HTTP deflate (compression) using libz 1.2.8
LogInit:  - other features:
LogInit:      CURL_VERSION_SSL
LogInit:      CURL_VERSION_LIBZ
LogInit:      CURL_VERSION_IPV6
LogInit:      CURL_VERSION_ASYNCHDNS
LogInit:      CURL_VERSION_LARGEFILE
LogInit:      CURL_VERSION_IDN
LogInit:  CurlRequestOptions (configurable via config and command line):
LogInit:  - bVerifyPeer = true  - Libcurl will verify peer certificate
LogInit:  - bUseHttpProxy = false  - Libcurl will NOT use HTTP proxy
LogInit:  - bDontReuseConnections = false  - Libcurl will reuse connections
LogInit:  - MaxHostConnections = 16  - Libcurl will limit the number of connections to a host
LogInit:  - LocalHostAddr = Default
LogInit:  - BufferSize = 65536
LogOnline: OSS: Creating online subsystem instance for: NULL
LogInit: WinSock: version 1.1 (2.2), MaxSocks=32767, MaxUdp=65467
LogOnline: OSS: TryLoadSubsystemAndSetDefault: Loaded subsystem for module [NULL]
LogHMD: Failed initializing OVRPlugin 1.40.0
LogInit: Build: ++UE4+Release-4.24-CL-11590370
LogInit: Engine Version: 4.24.3-11590370+++UE4+Release-4.24
LogInit: Compatible Engine Version: 4.24.0-10570792+++UE4+Release-4.24
LogInit: Net CL: 10570792
LogInit: OS: Windows 10 (Release 2009) (), CPU: AMD Ryzen 7 2700X Eight-Core Processor         , GPU: NVIDIA GeForce GTX 1080
LogInit: Compiled (64-bit): Feb 24 2020 15:39:18
LogInit: Compiled with Visual C++: 19.16.27032.01
LogInit: Build Configuration: Development
LogInit: Branch Name: ++UE4+Release-4.24
LogInit: Command Line:  -skipcompile
LogInit: Base Directory: C:/Program Files/UE_4.24/Engine/Binaries/Win64/
LogInit: Installed Engine Build: 1
LogDevObjectVersion: Number of dev versions registered: 25
LogDevObjectVersion:   Dev-Blueprints (B0D832E4-1F89-4F0D-ACCF-7EB736FD4AA2): 10
LogDevObjectVersion:   Dev-Build (E1C64328-A22C-4D53-A36C-8E866417BD8C): 0
LogDevObjectVersion:   Dev-Core (375EC13C-06E4-48FB-B500-84F0262A717E): 3
LogDevObjectVersion:   Dev-Editor (E4B068ED-F494-42E9-A231-DA0B2E46BB41): 37
LogDevObjectVersion:   Dev-Framework (CFFC743F-43B0-4480-9391-14DF171D2073): 36
LogDevObjectVersion:   Dev-Mobile (B02B49B5-BB20-44E9-A304-32B752E40360): 2
LogDevObjectVersion:   Dev-Networking (A4E4105C-59A1-49B5-A7C5-40C4547EDFEE): 0
LogDevObjectVersion:   Dev-Online (39C831C9-5AE6-47DC-9A44-9C173E1C8E7C): 0
LogDevObjectVersion:   Dev-Physics (78F01B33-EBEA-4F98-B9B4-84EACCB95AA2): 2
LogDevObjectVersion:   Dev-Platform (6631380F-2D4D-43E0-8009-CF276956A95A): 0
LogDevObjectVersion:   Dev-Rendering (12F88B9F-8875-4AFC-A67C-D90C383ABD29): 36
LogDevObjectVersion:   Dev-Sequencer (7B5AE74C-D270-4C10-A958-57980B212A5A): 11
LogDevObjectVersion:   Dev-VR (D7296918-1DD6-4BDD-9DE2-64A83CC13884): 2
LogDevObjectVersion:   Dev-LoadTimes (C2A15278-BFE7-4AFE-6C17-90FF531DF755): 1
LogDevObjectVersion:   Private-Geometry (6EACA3D4-40EC-4CC1-B786-8BED09428FC5): 3
LogDevObjectVersion:   Dev-AnimPhys (29E575DD-E0A3-4627-9D10-D276232CDCEA): 17
LogDevObjectVersion:   Dev-Anim (AF43A65D-7FD3-4947-9873-3E8ED9C1BB05): 2
LogDevObjectVersion:   Dev-ReflectionCapture (6B266CEC-1EC7-4B8F-A30B-E4D90942FC07): 1
LogDevObjectVersion:   Dev-Automation (0DF73D61-A23F-47EA-B727-89E90C41499A): 1
LogDevObjectVersion:   FortniteMain (601D1886-AC64-4F84-AA16-D3DE0DEAC7D6): 31
LogDevObjectVersion:   Dev-Enterprise (9DFFBCD6-494F-0158-E221-12823C92A888): 8
LogDevObjectVersion:   Dev-Niagara (F2AED0AC-9AFE-416F-8664-AA7FFA26D6FC): 1
LogDevObjectVersion:   Dev-Destruction (174F1F0B-B4C6-45A5-B13F-2EE8D0FB917D): 9
LogDevObjectVersion:   Dev-Physics-Ext (35F94A83-E258-406C-A318-09F59610247C): 8
LogDevObjectVersion:   Dev-CineCamera (B2E18506-4273-CFC2-A54E-F4BB758BBA07): 1
LogInit: Presizing for max 25165824 objects, including 0 objects not considered by GC, pre-allocating 0 bytes for permanent pool.
LogInit: Object subsystem initialized
LogConfig: Setting CVar [[con.DebugEarlyDefault:1]]
LogConfig: Setting CVar [[r.setres:1280x720]]
[2021.09.19-02.49.42:323][  0]LogConfig: Setting CVar [[r.VSync:0]]
[2021.09.19-02.49.42:323][  0]LogConfig: Setting CVar [[r.RHICmdBypass:0]]
[2021.09.19-02.49.42:323][  0]LogConfig: Applying CVar settings from Section [/Script/Engine.RendererSettings] File [E:/Desktop/Documents -HDD/Assessment3AdvGamesDev/TwistedGrounds/Saved/Config/Windows/Engine.ini]
[2021.09.19-02.49.42:323][  0]LogConfig: Setting CVar [[r.GPUCrashDebugging:0]]
[2021.09.19-02.49.42:323][  0]LogConfig: Applying CVar settings from Section [/Script/Engine.RendererOverrideSettings] File [E:/Desktop/Documents -HDD/Assessment3AdvGamesDev/TwistedGrounds/Saved/Config/Windows/Engine.ini]
[2021.09.19-02.49.42:323][  0]LogConfig: Applying CVar settings from Section [/Script/Engine.StreamingSettings] File [E:/Desktop/Documents -HDD/Assessment3AdvGamesDev/TwistedGrounds/Saved/Config/Windows/Engine.ini]
[2021.09.19-02.49.42:323][  0]LogConfig: Setting CVar [[s.MinBulkDataSizeForAsyncLoading:131072]]
[2021.09.19-02.49.42:324][  0]LogConfig: Setting CVar [[s.AsyncLoadingThreadEnabled:0]]
[2021.09.19-02.49.42:324][  0]LogConfig: Setting CVar [[s.EventDrivenLoaderEnabled:1]]
[2021.09.19-02.49.42:324][  0]LogConfig: Setting CVar [[s.WarnIfTimeLimitExceeded:0]]
[2021.09.19-02.49.42:324][  0]LogConfig: Setting CVar [[s.TimeLimitExceededMultiplier:1.5]]
[2021.09.19-02.49.42:324][  0]LogConfig: Setting CVar [[s.TimeLimitExceededMinTime:0.005]]
[2021.09.19-02.49.42:324][  0]LogConfig: Setting CVar [[s.UseBackgroundLevelStreaming:1]]
[2021.09.19-02.49.42:324][  0]LogConfig: Setting CVar [[s.PriorityAsyncLoadingExtraTime:15.0]]
[2021.09.19-02.49.42:324][  0]LogConfig: Setting CVar [[s.LevelStreamingActorsUpdateTimeLimit:5.0]]
[2021.09.19-02.49.42:324][  0]LogConfig: Setting CVar [[s.PriorityLevelStreamingActorsUpdateExtraTime:5.0]]
[2021.09.19-02.49.42:324][  0]LogConfig: Setting CVar [[s.LevelStreamingComponentsRegistrationGranularity:10]]
[2021.09.19-02.49.42:324][  0]LogConfig: Setting CVar [[s.UnregisterComponentsTimeLimit:1.0]]
[2021.09.19-02.49.42:324][  0]LogConfig: Setting CVar [[s.LevelStreamingComponentsUnregistrationGranularity:5]]
[2021.09.19-02.49.42:324][  0]LogConfig: Setting CVar [[s.FlushStreamingOnExit:1]]
[2021.09.19-02.49.42:324][  0]LogConfig: Applying CVar settings from Section [/Script/Engine.GarbageCollectionSettings] File [E:/Desktop/Documents -HDD/Assessment3AdvGamesDev/TwistedGrounds/Saved/Config/Windows/Engine.ini]
[2021.09.19-02.49.42:324][  0]LogConfig: Setting CVar [[gc.MaxObjectsNotConsideredByGC:1]]
[2021.09.19-02.49.42:324][  0]LogConfig: Setting CVar [[gc.SizeOfPermanentObjectPool:0]]
[2021.09.19-02.49.42:324][  0]LogConfig: Setting CVar [[gc.FlushStreamingOnGC:0]]
[2021.09.19-02.49.42:324][  0]LogConfig: Setting CVar [[gc.NumRetriesBeforeForcingGC:10]]
[2021.09.19-02.49.42:324][  0]LogConfig: Setting CVar [[gc.AllowParallelGC:1]]
[2021.09.19-02.49.42:325][  0]LogConfig: Setting CVar [[gc.TimeBetweenPurgingPendingKillObjects:61.1]]
[2021.09.19-02.49.42:325][  0]LogConfig: Setting CVar [[gc.MaxObjectsInEditor:25165824]]
[2021.09.19-02.49.42:325][  0]LogConfig: Setting CVar [[gc.IncrementalBeginDestroyEnabled:1]]
[2021.09.19-02.49.42:325][  0]LogConfig: Setting CVar [[gc.CreateGCClusters:1]]
[2021.09.19-02.49.42:325][  0]LogConfig: Setting CVar [[gc.MinGCClusterSize:5]]
[2021.09.19-02.49.42:325][  0]LogConfig: Setting CVar [[gc.ActorClusteringEnabled:0]]
[2021.09.19-02.49.42:325][  0]LogConfig: Setting CVar [[gc.BlueprintClusteringEnabled:0]]
[2021.09.19-02.49.42:325][  0]LogConfig: Setting CVar [[gc.UseDisregardForGCOnDedicatedServers:0]]
[2021.09.19-02.49.42:325][  0]LogConfig: Applying CVar settings from Section [/Script/Engine.NetworkSettings] File [E:/Desktop/Documents -HDD/Assessment3AdvGamesDev/TwistedGrounds/Saved/Config/Windows/Engine.ini]
[2021.09.19-02.49.42:325][  0]LogConfig: Applying CVar settings from Section [/Script/UnrealEd.CookerSettings] File [E:/Desktop/Documents -HDD/Assessment3AdvGamesDev/TwistedGrounds/Saved/Config/Windows/Engine.ini]
[2021.09.19-02.49.42:879][  0]LogConfig: Applying CVar settings from Section [ViewDistanceQuality@3] File [E:/Desktop/Documents -HDD/Assessment3AdvGamesDev/TwistedGrounds/Saved/Config/Windows/Scalability.ini]
[2021.09.19-02.49.42:879][  0]LogConfig: Setting CVar [[r.SkeletalMeshLODBias:0]]
[2021.09.19-02.49.42:879][  0]LogConfig: Setting CVar [[r.ViewDistanceScale:1.0]]
[2021.09.19-02.49.42:880][  0]LogConfig: Applying CVar settings from Section [AntiAliasingQuality@3] File [E:/Desktop/Documents -HDD/Assessment3AdvGamesDev/TwistedGrounds/Saved/Config/Windows/Scalability.ini]
[2021.09.19-02.49.42:880][  0]LogConfig: Setting CVar [[r.PostProcessAAQuality:4]]
[2021.09.19-02.49.42:880][  0]LogConfig: Applying CVar settings from Section [ShadowQuality@3] File [E:/Desktop/Documents -HDD/Assessment3AdvGamesDev/TwistedGrounds/Saved/Config/Windows/Scalability.ini]
[2021.09.19-02.49.42:880][  0]LogConfig: Setting CVar [[r.LightFunctionQuality:1]]
[2021.09.19-02.49.42:880][  0]LogConfig: Setting CVar [[r.ShadowQuality:5]]
[2021.09.19-02.49.42:880][  0]LogConfig: Setting CVar [[r.Shadow.CSM.MaxCascades:10]]
[2021.09.19-02.49.42:880][  0]LogConfig: Setting CVar [[r.Shadow.MaxResolution:2048]]
[2021.09.19-02.49.42:880][  0]LogConfig: Setting CVar [[r.Shadow.MaxCSMResolution:2048]]
[2021.09.19-02.49.42:880][  0]LogConfig: Setting CVar [[r.Shadow.RadiusThreshold:0.01]]
[2021.09.19-02.49.42:880][  0]LogConfig: Setting CVar [[r.Shadow.DistanceScale:1.0]]
[2021.09.19-02.49.42:880][  0]LogConfig: Setting CVar [[r.Shadow.CSM.TransitionScale:1.0]]
[2021.09.19-02.49.42:880][  0]LogConfig: Setting CVar [[r.Shadow.PreShadowResolutionFactor:1.0]]
[2021.09.19-02.49.42:880][  0]LogConfig: Setting CVar [[r.DistanceFieldShadowing:1]]
[2021.09.19-02.49.42:880][  0]LogConfig: Setting CVar [[r.DistanceFieldAO:1]]
[2021.09.19-02.49.42:880][  0]LogConfig: Setting CVar [[r.AOQuality:2]]
[2021.09.19-02.49.42:880][  0]LogConfig: Setting CVar [[r.VolumetricFog:1]]
[2021.09.19-02.49.42:880][  0]LogConfig: Setting CVar [[r.VolumetricFog.GridPixelSize:8]]
[2021.09.19-02.49.42:880][  0]LogConfig: Setting CVar [[r.VolumetricFog.GridSizeZ:128]]
[2021.09.19-02.49.42:881][  0]LogConfig: Setting CVar [[r.VolumetricFog.HistoryMissSupersampleCount:4]]
[2021.09.19-02.49.42:881][  0]LogConfig: Setting CVar [[r.LightMaxDrawDistanceScale:1]]
[2021.09.19-02.49.42:881][  0]LogConfig: Setting CVar [[r.CapsuleShadows:1]]
[2021.09.19-02.49.42:881][  0]LogConfig: Applying CVar settings from Section [PostProcessQuality@3] File [E:/Desktop/Documents -HDD/Assessment3AdvGamesDev/TwistedGrounds/Saved/Config/Windows/Scalability.ini]
[2021.09.19-02.49.42:881][  0]LogConfig: Setting CVar [[r.MotionBlurQuality:4]]
[2021.09.19-02.49.42:881][  0]LogConfig: Setting CVar [[r.AmbientOcclusionMipLevelFactor:0.4]]
[2021.09.19-02.49.42:881][  0]LogConfig: Setting CVar [[r.AmbientOcclusionMaxQuality:100]]
[2021.09.19-02.49.42:881][  0]LogConfig: Setting CVar [[r.AmbientOcclusionLevels:-1]]
[2021.09.19-02.49.42:881][  0]LogConfig: Setting CVar [[r.AmbientOcclusionRadiusScale:1.0]]
[2021.09.19-02.49.42:881][  0]LogConfig: Setting CVar [[r.DepthOfFieldQuality:2]]
[2021.09.19-02.49.42:881][  0]LogConfig: Setting CVar [[r.RenderTargetPoolMin:400]]
[2021.09.19-02.49.42:881][  0]LogConfig: Setting CVar [[r.LensFlareQuality:2]]
[2021.09.19-02.49.42:881][  0]LogConfig: Setting CVar [[r.SceneColorFringeQuality:1]]
[2021.09.19-02.49.42:881][  0]LogConfig: Setting CVar [[r.EyeAdaptationQuality:2]]
[2021.09.19-02.49.42:881][  0]LogConfig: Setting CVar [[r.BloomQuality:5]]
[2021.09.19-02.49.42:881][  0]LogConfig: Setting CVar [[r.FastBlurThreshold:100]]
[2021.09.19-02.49.42:881][  0]LogConfig: Setting CVar [[r.Upscale.Quality:3]]
[2021.09.19-02.49.42:881][  0]LogConfig: Setting CVar [[r.Tonemapper.GrainQuantization:1]]
[2021.09.19-02.49.42:882][  0]LogConfig: Setting CVar [[r.LightShaftQuality:1]]
[2021.09.19-02.49.42:882][  0]LogConfig: Setting CVar [[r.Filter.SizeScale:1]]
[2021.09.19-02.49.42:882][  0]LogConfig: Setting CVar [[r.Tonemapper.Quality:5]]
[2021.09.19-02.49.42:882][  0]LogConfig: Setting CVar [[r.DOF.Gather.AccumulatorQuality:1        ; higher gathering accumulator quality]]
[2021.09.19-02.49.42:882][  0]LogConfig: Setting CVar [[r.DOF.Gather.PostfilterMethod:1          ; Median3x3 postfilering method]]
[2021.09.19-02.49.42:882][  0]LogConfig: Setting CVar [[r.DOF.Gather.EnableBokehSettings:0       ; no bokeh simulation when gathering]]
[2021.09.19-02.49.42:882][  0]LogConfig: Setting CVar [[r.DOF.Gather.RingCount:4                 ; medium number of samples when gathering]]
[2021.09.19-02.49.42:882][  0]LogConfig: Setting CVar [[r.DOF.Scatter.ForegroundCompositing:1    ; additive foreground scattering]]
[2021.09.19-02.49.42:882][  0]LogConfig: Setting CVar [[r.DOF.Scatter.BackgroundCompositing:2    ; additive background scattering]]
[2021.09.19-02.49.42:882][  0]LogConfig: Setting CVar [[r.DOF.Scatter.EnableBokehSettings:1      ; bokeh simulation when scattering]]
[2021.09.19-02.49.42:882][  0]LogConfig: Setting CVar [[r.DOF.Scatter.MaxSpriteRatio:0.1         ; only a maximum of 10% of scattered bokeh]]
[2021.09.19-02.49.42:882][  0]LogConfig: Setting CVar [[r.DOF.Recombine.Quality:1                ; cheap slight out of focus]]
[2021.09.19-02.49.42:882][  0]LogConfig: Setting CVar [[r.DOF.Recombine.EnableBokehSettings:0    ; no bokeh simulation on slight out of focus]]
[2021.09.19-02.49.42:882][  0]LogConfig: Setting CVar [[r.DOF.TemporalAAQuality:1                ; more stable temporal accumulation]]
[2021.09.19-02.49.42:882][  0]LogConfig: Setting CVar [[r.DOF.Kernel.MaxForegroundRadius:0.025]]
[2021.09.19-02.49.42:882][  0]LogConfig: Setting CVar [[r.DOF.Kernel.MaxBackgroundRadius:0.025]]
[2021.09.19-02.49.42:882][  0]LogConfig: Applying CVar settings from Section [TextureQuality@3] File [E:/Desktop/Documents -HDD/Assessment3AdvGamesDev/TwistedGrounds/Saved/Config/Windows/Scalability.ini]
[2021.09.19-02.49.42:882][  0]LogConfig: Setting CVar [[r.Streaming.MipBias:0]]
[2021.09.19-02.49.42:882][  0]LogConfig: Setting CVar [[r.Streaming.AmortizeCPUToGPUCopy:0]]
[2021.09.19-02.49.42:882][  0]LogConfig: Setting CVar [[r.Streaming.MaxNumTexturesToStreamPerFrame:0]]
[2021.09.19-02.49.42:883][  0]LogConfig: Setting CVar [[r.Streaming.Boost:1]]
[2021.09.19-02.49.42:883][  0]LogConfig: Setting CVar [[r.MaxAnisotropy:8]]
[2021.09.19-02.49.42:883][  0]LogConfig: Setting CVar [[r.VT.MaxAnisotropy:8]]
[2021.09.19-02.49.42:883][  0]LogConfig: Setting CVar [[r.Streaming.LimitPoolSizeToVRAM:0]]
[2021.09.19-02.49.42:883][  0]LogConfig: Setting CVar [[r.Streaming.PoolSize:1000]]
[2021.09.19-02.49.42:883][  0]LogConfig: Setting CVar [[r.Streaming.MaxEffectiveScreenSize:0]]
[2021.09.19-02.49.42:883][  0]LogConfig: Applying CVar settings from Section [EffectsQuality@3] File [E:/Desktop/Documents -HDD/Assessment3AdvGamesDev/TwistedGrounds/Saved/Config/Windows/Scalability.ini]
[2021.09.19-02.49.42:883][  0]LogConfig: Setting CVar [[r.TranslucencyLightingVolumeDim:64]]
[2021.09.19-02.49.42:883][  0]LogConfig: Setting CVar [[r.RefractionQuality:2]]
[2021.09.19-02.49.42:883][  0]LogConfig: Setting CVar [[r.SSR.Quality:3]]
[2021.09.19-02.49.42:883][  0]LogConfig: Setting CVar [[r.SSR.HalfResSceneColor:0]]
[2021.09.19-02.49.42:883][  0]LogConfig: Setting CVar [[r.SceneColorFormat:4]]
[2021.09.19-02.49.42:883][  0]LogConfig: Setting CVar [[r.DetailMode:2]]
[2021.09.19-02.49.42:883][  0]LogConfig: Setting CVar [[r.TranslucencyVolumeBlur:1]]
[2021.09.19-02.49.42:883][  0]LogConfig: Setting CVar [[r.MaterialQualityLevel:1 ; High quality]]
[2021.09.19-02.49.42:883][  0]LogConfig: Setting CVar [[r.SSS.Scale:1]]
[2021.09.19-02.49.42:883][  0]LogConfig: Setting CVar [[r.SSS.SampleSet:2]]
[2021.09.19-02.49.42:883][  0]LogConfig: Setting CVar [[r.SSS.Quality:1]]
[2021.09.19-02.49.42:884][  0]LogConfig: Setting CVar [[r.SSS.HalfRes:1]]
[2021.09.19-02.49.42:884][  0]LogConfig: Setting CVar [[r.SSGI.Quality:3]]
[2021.09.19-02.49.42:884][  0]LogConfig: Setting CVar [[r.EmitterSpawnRateScale:1.0]]
[2021.09.19-02.49.42:884][  0]LogConfig: Setting CVar [[r.ParticleLightQuality:2]]
[2021.09.19-02.49.42:884][  0]LogConfig: Setting CVar [[r.SkyAtmosphere.AerialPerspectiveLUT.FastApplyOnOpaque:1 ; Always have FastSkyLUT 1 in this case to avoid wrong sky]]
[2021.09.19-02.49.42:884][  0]LogConfig: Setting CVar [[r.SkyAtmosphere.AerialPerspectiveLUT.SampleCountPerSlice:1]]
[2021.09.19-02.49.42:884][  0]LogConfig: Setting CVar [[r.SkyAtmosphere.AerialPerspectiveLUT.DepthResolution:16.0]]
[2021.09.19-02.49.42:884][  0]LogConfig: Setting CVar [[r.SkyAtmosphere.FastSkyLUT:1]]
[2021.09.19-02.49.42:884][  0]LogConfig: Setting CVar [[r.SkyAtmosphere.FastSkyLUT.SampleCountMin:4.0]]
[2021.09.19-02.49.42:884][  0]LogConfig: Setting CVar [[r.SkyAtmosphere.FastSkyLUT.SampleCountMax:32.0]]
[2021.09.19-02.49.42:884][  0]LogConfig: Setting CVar [[r.SkyAtmosphere.SampleCountMin:4.0]]
[2021.09.19-02.49.42:884][  0]LogConfig: Setting CVar [[r.SkyAtmosphere.SampleCountMax:32.0]]
[2021.09.19-02.49.42:884][  0]LogConfig: Setting CVar [[r.SkyAtmosphere.TransmittanceLUT.UseSmallFormat:0]]
[2021.09.19-02.49.42:884][  0]LogConfig: Setting CVar [[r.SkyAtmosphere.TransmittanceLUT.SampleCount:10.0]]
[2021.09.19-02.49.42:884][  0]LogConfig: Setting CVar [[r.SkyAtmosphere.MultiScatteringLUT.SampleCount:15.0]]
[2021.09.19-02.49.42:884][  0]LogConfig: Applying CVar settings from Section [FoliageQuality@3] File [E:/Desktop/Documents -HDD/Assessment3AdvGamesDev/TwistedGrounds/Saved/Config/Windows/Scalability.ini]
[2021.09.19-02.49.42:884][  0]LogConfig: Setting CVar [[foliage.DensityScale:1.0]]
[2021.09.19-02.49.42:885][  0]LogConfig: Setting CVar [[grass.DensityScale:1.0]]
[2021.09.19-02.49.42:885][  0]LogConfig: Applying CVar settings from Section [ShadingQuality@3] File [E:/Desktop/Documents -HDD/Assessment3AdvGamesDev/TwistedGrounds/Saved/Config/Windows/Scalability.ini]
[2021.09.19-02.49.42:885][  0]LogConfig: Setting CVar [[r.HairStrands.SkyLighting.SampleCount:16]]
[2021.09.19-02.49.42:885][  0]LogConfig: Setting CVar [[r.HairStrands.SkyLighting.JitterIntegration:0]]
[2021.09.19-02.49.42:885][  0]LogConfig: Setting CVar [[r.HairStrands.SkyAO.SampleCount:16]]
[2021.09.19-02.49.42:885][  0]LogInit: Selected Device Profile: [Windows]
[2021.09.19-02.49.42:885][  0]LogInit: Applying CVar settings loaded from the selected device profile: [Windows]
[2021.09.19-02.49.42:889][  0]LogHAL: Display: Platform has ~ 16 GB [17128230912 / 17179869184 / 16], which maps to Larger [LargestMinGB=32, LargerMinGB=12, DefaultMinGB=8, SmallerMinGB=6, SmallestMinGB=0)
[2021.09.19-02.49.42:889][  0]LogInit: Going up to parent DeviceProfile []
[2021.09.19-02.49.42:889][  0]LogConfig: Applying CVar settings from Section [ViewDistanceQuality@3] File [E:/Desktop/Documents -HDD/Assessment3AdvGamesDev/TwistedGrounds/Saved/Config/Windows/Scalability.ini]
[2021.09.19-02.49.42:889][  0]LogConfig: Setting CVar [[r.SkeletalMeshLODBias:0]]
[2021.09.19-02.49.42:889][  0]LogConfig: Setting CVar [[r.ViewDistanceScale:1.0]]
[2021.09.19-02.49.42:889][  0]LogConfig: Applying CVar settings from Section [AntiAliasingQuality@3] File [E:/Desktop/Documents -HDD/Assessment3AdvGamesDev/TwistedGrounds/Saved/Config/Windows/Scalability.ini]
[2021.09.19-02.49.42:889][  0]LogConfig: Setting CVar [[r.PostProcessAAQuality:4]]
[2021.09.19-02.49.42:889][  0]LogConfig: Applying CVar settings from Section [ShadowQuality@3] File [E:/Desktop/Documents -HDD/Assessment3AdvGamesDev/TwistedGrounds/Saved/Config/Windows/Scalability.ini]
[2021.09.19-02.49.42:889][  0]LogConfig: Setting CVar [[r.LightFunctionQuality:1]]
[2021.09.19-02.49.42:889][  0]LogConfig: Setting CVar [[r.ShadowQuality:5]]
[2021.09.19-02.49.42:889][  0]LogConfig: Setting CVar [[r.Shadow.CSM.MaxCascades:10]]
[2021.09.19-02.49.42:889][  0]LogConfig: Setting CVar [[r.Shadow.MaxResolution:2048]]
[2021.09.19-02.49.42:889][  0]LogConfig: Setting CVar [[r.Shadow.MaxCSMResolution:2048]]
[2021.09.19-02.49.42:890][  0]LogConfig: Setting CVar [[r.Shadow.RadiusThreshold:0.01]]
[2021.09.19-02.49.42:890][  0]LogConfig: Setting CVar [[r.Shadow.DistanceScale:1.0]]
[2021.09.19-02.49.42:890][  0]LogConfig: Setting CVar [[r.Shadow.CSM.TransitionScale:1.0]]
[2021.09.19-02.49.42:890][  0]LogConfig: Setting CVar [[r.Shadow.PreShadowResolutionFactor:1.0]]
[2021.09.19-02.49.42:890][  0]LogConfig: Setting CVar [[r.DistanceFieldShadowing:1]]
[2021.09.19-02.49.42:890][  0]LogConfig: Setting CVar [[r.DistanceFieldAO:1]]
[2021.09.19-02.49.42:890][  0]LogConfig: Setting CVar [[r.AOQuality:2]]
[2021.09.19-02.49.42:890][  0]LogConfig: Setting CVar [[r.VolumetricFog:1]]
[2021.09.19-02.49.42:890][  0]LogConfig: Setting CVar [[r.VolumetricFog.GridPixelSize:8]]
[2021.09.19-02.49.42:890][  0]LogConfig: Setting CVar [[r.VolumetricFog.GridSizeZ:128]]
[2021.09.19-02.49.42:890][  0]LogConfig: Setting CVar [[r.VolumetricFog.HistoryMissSupersampleCount:4]]
[2021.09.19-02.49.42:890][  0]LogConfig: Setting CVar [[r.LightMaxDrawDistanceScale:1]]
[2021.09.19-02.49.42:890][  0]LogConfig: Setting CVar [[r.CapsuleShadows:1]]
[2021.09.19-02.49.42:890][  0]LogConfig: Applying CVar settings from Section [PostProcessQuality@3] File [E:/Desktop/Documents -HDD/Assessment3AdvGamesDev/TwistedGrounds/Saved/Config/Windows/Scalability.ini]
[2021.09.19-02.49.42:890][  0]LogConfig: Setting CVar [[r.MotionBlurQuality:4]]
[2021.09.19-02.49.42:891][  0]LogConfig: Setting CVar [[r.AmbientOcclusionMipLevelFactor:0.4]]
[2021.09.19-02.49.42:891][  0]LogConfig: Setting CVar [[r.AmbientOcclusionMaxQuality:100]]
[2021.09.19-02.49.42:891][  0]LogConfig: Setting CVar [[r.AmbientOcclusionLevels:-1]]
[2021.09.19-02.49.42:891][  0]LogConfig: Setting CVar [[r.AmbientOcclusionRadiusScale:1.0]]
[2021.09.19-02.49.42:891][  0]LogConfig: Setting CVar [[r.DepthOfFieldQuality:2]]
[2021.09.19-02.49.42:891][  0]LogConfig: Setting CVar [[r.RenderTargetPoolMin:400]]
[2021.09.19-02.49.42:891][  0]LogConfig: Setting CVar [[r.LensFlareQuality:2]]
[2021.09.19-02.49.42:891][  0]LogConfig: Setting CVar [[r.SceneColorFringeQuality:1]]
[2021.09.19-02.49.42:891][  0]LogConfig: Setting CVar [[r.EyeAdaptationQuality:2]]
[2021.09.19-02.49.42:891][  0]LogConfig: Setting CVar [[r.BloomQuality:5]]
[2021.09.19-02.49.42:891][  0]LogConfig: Setting CVar [[r.FastBlurThreshold:100]]
[2021.09.19-02.49.42:891][  0]LogConfig: Setting CVar [[r.Upscale.Quality:3]]
[2021.09.19-02.49.42:891][  0]LogConfig: Setting CVar [[r.Tonemapper.GrainQuantization:1]]
[2021.09.19-02.49.42:891][  0]LogConfig: Setting CVar [[r.LightShaftQuality:1]]
[2021.09.19-02.49.42:891][  0]LogConfig: Setting CVar [[r.Filter.SizeScale:1]]
[2021.09.19-02.49.42:891][  0]LogConfig: Setting CVar [[r.Tonemapper.Quality:5]]
[2021.09.19-02.49.42:891][  0]LogConfig: Setting CVar [[r.DOF.Gather.AccumulatorQuality:1        ; higher gathering accumulator quality]]
[2021.09.19-02.49.42:891][  0]LogConfig: Setting CVar [[r.DOF.Gather.PostfilterMethod:1          ; Median3x3 postfilering method]]
[2021.09.19-02.49.42:891][  0]LogConfig: Setting CVar [[r.DOF.Gather.EnableBokehSettings:0       ; no bokeh simulation when gathering]]
[2021.09.19-02.49.42:891][  0]LogConfig: Setting CVar [[r.DOF.Gather.RingCount:4                 ; medium number of samples when gathering]]
[2021.09.19-02.49.42:892][  0]LogConfig: Setting CVar [[r.DOF.Scatter.ForegroundCompositing:1    ; additive foreground scattering]]
[2021.09.19-02.49.42:892][  0]LogConfig: Setting CVar [[r.DOF.Scatter.BackgroundCompositing:2    ; additive background scattering]]
[2021.09.19-02.49.42:892][  0]LogConfig: Setting CVar [[r.DOF.Scatter.EnableBokehSettings:1      ; bokeh simulation when scattering]]
[2021.09.19-02.49.42:892][  0]LogConfig: Setting CVar [[r.DOF.Scatter.MaxSpriteRatio:0.1         ; only a maximum of 10% of scattered bokeh]]
[2021.09.19-02.49.42:892][  0]LogConfig: Setting CVar [[r.DOF.Recombine.Quality:1                ; cheap slight out of focus]]
[2021.09.19-02.49.42:892][  0]LogConfig: Setting CVar [[r.DOF.Recombine.EnableBokehSettings:0    ; no bokeh simulation on slight out of focus]]
[2021.09.19-02.49.42:892][  0]LogConfig: Setting CVar [[r.DOF.TemporalAAQuality:1                ; more stable temporal accumulation]]
[2021.09.19-02.49.42:892][  0]LogConfig: Setting CVar [[r.DOF.Kernel.MaxForegroundRadius:0.025]]
[2021.09.19-02.49.42:892][  0]LogConfig: Setting CVar [[r.DOF.Kernel.MaxBackgroundRadius:0.025]]
[2021.09.19-02.49.42:892][  0]LogConfig: Applying CVar settings from Section [TextureQuality@3] File [E:/Desktop/Documents -HDD/Assessment3AdvGamesDev/TwistedGrounds/Saved/Config/Windows/Scalability.ini]
[2021.09.19-02.49.42:892][  0]LogConfig: Setting CVar [[r.Streaming.MipBias:0]]
[2021.09.19-02.49.42:892][  0]LogConfig: Setting CVar [[r.Streaming.AmortizeCPUToGPUCopy:0]]
[2021.09.19-02.49.42:892][  0]LogConfig: Setting CVar [[r.Streaming.MaxNumTexturesToStreamPerFrame:0]]
[2021.09.19-02.49.42:892][  0]LogConfig: Setting CVar [[r.Streaming.Boost:1]]
[2021.09.19-02.49.42:892][  0]LogConfig: Setting CVar [[r.MaxAnisotropy:8]]
[2021.09.19-02.49.42:892][  0]LogConfig: Setting CVar [[r.VT.MaxAnisotropy:8]]
[2021.09.19-02.49.42:892][  0]LogConfig: Setting CVar [[r.Streaming.LimitPoolSizeToVRAM:0]]
[2021.09.19-02.49.42:892][  0]LogConfig: Setting CVar [[r.Streaming.PoolSize:1000]]
[2021.09.19-02.49.42:892][  0]LogConfig: Setting CVar [[r.Streaming.MaxEffectiveScreenSize:0]]
[2021.09.19-02.49.42:893][  0]LogConfig: Applying CVar settings from Section [EffectsQuality@3] File [E:/Desktop/Documents -HDD/Assessment3AdvGamesDev/TwistedGrounds/Saved/Config/Windows/Scalability.ini]
[2021.09.19-02.49.42:893][  0]LogConfig: Setting CVar [[r.TranslucencyLightingVolumeDim:64]]
[2021.09.19-02.49.42:893][  0]LogConfig: Setting CVar [[r.RefractionQuality:2]]
[2021.09.19-02.49.42:893][  0]LogConfig: Setting CVar [[r.SSR.Quality:3]]
[2021.09.19-02.49.42:893][  0]LogConfig: Setting CVar [[r.SSR.HalfResSceneColor:0]]
[2021.09.19-02.49.42:893][  0]LogConfig: Setting CVar [[r.SceneColorFormat:4]]
[2021.09.19-02.49.42:893][  0]LogConfig: Setting CVar [[r.DetailMode:2]]
[2021.09.19-02.49.42:893][  0]LogConfig: Setting CVar [[r.TranslucencyVolumeBlur:1]]
[2021.09.19-02.49.42:893][  0]LogConfig: Setting CVar [[r.MaterialQualityLevel:1 ; High quality]]
[2021.09.19-02.49.42:893][  0]LogConfig: Setting CVar [[r.SSS.Scale:1]]
[2021.09.19-02.49.42:893][  0]LogConfig: Setting CVar [[r.SSS.SampleSet:2]]
[2021.09.19-02.49.42:893][  0]LogConfig: Setting CVar [[r.SSS.Quality:1]]
[2021.09.19-02.49.42:893][  0]LogConfig: Setting CVar [[r.SSS.HalfRes:1]]
[2021.09.19-02.49.42:893][  0]LogConfig: Setting CVar [[r.SSGI.Quality:3]]
[2021.09.19-02.49.42:893][  0]LogConfig: Setting CVar [[r.EmitterSpawnRateScale:1.0]]
[2021.09.19-02.49.42:893][  0]LogConfig: Setting CVar [[r.ParticleLightQuality:2]]
[2021.09.19-02.49.42:893][  0]LogConfig: Setting CVar [[r.SkyAtmosphere.AerialPerspectiveLUT.FastApplyOnOpaque:1 ; Always have FastSkyLUT 1 in this case to avoid wrong sky]]
[2021.09.19-02.49.42:893][  0]LogConfig: Setting CVar [[r.SkyAtmosphere.AerialPerspectiveLUT.SampleCountPerSlice:1]]
[2021.09.19-02.49.42:893][  0]LogConfig: Setting CVar [[r.SkyAtmosphere.AerialPerspectiveLUT.DepthResolution:16.0]]
[2021.09.19-02.49.42:893][  0]LogConfig: Setting CVar [[r.SkyAtmosphere.FastSkyLUT:1]]
[2021.09.19-02.49.42:893][  0]LogConfig: Setting CVar [[r.SkyAtmosphere.FastSkyLUT.SampleCountMin:4.0]]
[2021.09.19-02.49.42:894][  0]LogConfig: Setting CVar [[r.SkyAtmosphere.FastSkyLUT.SampleCountMax:32.0]]
[2021.09.19-02.49.42:894][  0]LogConfig: Setting CVar [[r.SkyAtmosphere.SampleCountMin:4.0]]
[2021.09.19-02.49.42:894][  0]LogConfig: Setting CVar [[r.SkyAtmosphere.SampleCountMax:32.0]]
[2021.09.19-02.49.42:894][  0]LogConfig: Setting CVar [[r.SkyAtmosphere.TransmittanceLUT.UseSmallFormat:0]]
[2021.09.19-02.49.42:894][  0]LogConfig: Setting CVar [[r.SkyAtmosphere.TransmittanceLUT.SampleCount:10.0]]
[2021.09.19-02.49.42:894][  0]LogConfig: Setting CVar [[r.SkyAtmosphere.MultiScatteringLUT.SampleCount:15.0]]
[2021.09.19-02.49.42:894][  0]LogConfig: Applying CVar settings from Section [FoliageQuality@3] File [E:/Desktop/Documents -HDD/Assessment3AdvGamesDev/TwistedGrounds/Saved/Config/Windows/Scalability.ini]
[2021.09.19-02.49.42:894][  0]LogConfig: Setting CVar [[foliage.DensityScale:1.0]]
[2021.09.19-02.49.42:894][  0]LogConfig: Setting CVar [[grass.DensityScale:1.0]]
[2021.09.19-02.49.42:894][  0]LogConfig: Applying CVar settings from Section [ShadingQuality@3] File [E:/Desktop/Documents -HDD/Assessment3AdvGamesDev/TwistedGrounds/Saved/Config/Windows/Scalability.ini]
[2021.09.19-02.49.42:894][  0]LogConfig: Setting CVar [[r.HairStrands.SkyLighting.SampleCount:16]]
[2021.09.19-02.49.42:894][  0]LogConfig: Setting CVar [[r.HairStrands.SkyLighting.JitterIntegration:0]]
[2021.09.19-02.49.42:894][  0]LogConfig: Setting CVar [[r.HairStrands.SkyAO.SampleCount:16]]
[2021.09.19-02.49.42:894][  0]LogConfig: Applying CVar settings from Section [Startup] File [../../../Engine/Config/ConsoleVariables.ini]
[2021.09.19-02.49.42:895][  0]LogConfig: Setting CVar [[net.UseAdaptiveNetUpdateFrequency:0]]
[2021.09.19-02.49.42:895][  0]LogConfig: Setting CVar [[p.chaos.AllowCreatePhysxBodies:1]]
[2021.09.19-02.49.42:895][  0]LogConfig: Applying CVar settings from Section [ConsoleVariables] File [E:/Desktop/Documents -HDD/Assessment3AdvGamesDev/TwistedGrounds/Saved/Config/Windows/Engine.ini]
[2021.09.19-02.49.42:895][  0]LogInit: Computer: MAKAR
[2021.09.19-02.49.42:895][  0]LogInit: User: joshsaad
[2021.09.19-02.49.42:895][  0]LogInit: CPU Page size=4096, Cores=8
[2021.09.19-02.49.42:895][  0]LogInit: High frequency timer resolution =10.000000 MHz
[2021.09.19-02.49.42:896][  0]LogMemory: Memory total: Physical=16.0GB (16GB approx)
[2021.09.19-02.49.42:896][  0]LogMemory: Platform Memory Stats for Windows
[2021.09.19-02.49.42:896][  0]LogMemory: Process Physical Memory: 111.45 MB used, 111.45 MB peak
[2021.09.19-02.49.42:896][  0]LogMemory: Process Virtual Memory: 106.48 MB used, 106.48 MB peak
[2021.09.19-02.49.42:896][  0]LogMemory: Physical Memory: 11112.63 MB used,  5222.13 MB free, 16334.75 MB total
[2021.09.19-02.49.42:896][  0]LogMemory: Virtual Memory: 5222.63 MB used,  134212504.00 MB free, 134217728.00 MB total
[2021.09.19-02.49.44:002][  0]LogWindows: WindowsPlatformFeatures enabled
[2021.09.19-02.49.49:205][  0]LogInit: Using OS detected language (en-GB).
[2021.09.19-02.49.49:206][  0]LogInit: Using OS detected locale (en-AU).
[2021.09.19-02.49.49:207][  0]LogTextLocalizationManager: No specific localization for 'en-GB' exists, so the 'en' localization will be used.
[2021.09.19-02.49.49:488][  0]LogInit: Setting process to per monitor DPI aware
[2021.09.19-02.49.55:010][  0]LogSlate: New Slate User Created.  User Index 0, Is Virtual User: 0
[2021.09.19-02.49.55:010][  0]LogSlate: Slate User Registered.  User Index 0, Is Virtual User: 0
[2021.09.19-02.49.57:662][  0]LogHMD: Failed to initialize OpenVR with code 112
[2021.09.19-02.49.57:662][  0]LogD3D11RHI: D3D11 min allowed feature level: 11_0
[2021.09.19-02.49.57:662][  0]LogD3D11RHI: D3D11 max allowed feature level: 11_0
[2021.09.19-02.49.57:662][  0]LogD3D11RHI: D3D11 adapters:
[2021.09.19-02.50.00:543][  0]LogD3D11RHI:    0. 'NVIDIA GeForce GTX 1080' (Feature Level 11_0)
[2021.09.19-02.50.00:543][  0]LogD3D11RHI:       8079/0/8167 MB DedicatedVideo/DedicatedSystem/SharedSystem, Outputs:3, VendorId:0x10de
[2021.09.19-02.50.01:109][  0]LogD3D11RHI:    1. 'Microsoft Basic Render Driver' (Feature Level 11_0)
[2021.09.19-02.50.01:109][  0]LogD3D11RHI:       0/0/8167 MB DedicatedVideo/DedicatedSystem/SharedSystem, Outputs:0, VendorId:0x1414
[2021.09.19-02.50.01:109][  0]LogD3D11RHI: Chosen D3D11 Adapter: 0
[2021.09.19-02.50.01:121][  0]LogD3D11RHI: Creating new Direct3DDevice
[2021.09.19-02.50.01:121][  0]LogD3D11RHI:     GPU DeviceId: 0x1b80 (for the marketing name, search the web for "GPU Device Id")
[2021.09.19-02.50.01:121][  0]LogWindows: EnumDisplayDevices:
[2021.09.19-02.50.01:121][  0]LogWindows:    0. 'NVIDIA GeForce GTX 1080' (P:1 D:1)
[2021.09.19-02.50.01:121][  0]LogWindows:    1. 'NVIDIA GeForce GTX 1080' (P:0 D:1)
[2021.09.19-02.50.01:122][  0]LogWindows:    2. 'NVIDIA GeForce GTX 1080' (P:0 D:1)
[2021.09.19-02.50.01:122][  0]LogWindows:    3. 'NVIDIA GeForce GTX 1080' (P:0 D:0)
[2021.09.19-02.50.01:122][  0]LogWindows: DebugString: FoundDriverCount:4 
[2021.09.19-02.50.01:122][  0]LogD3D11RHI:     Adapter Name: NVIDIA GeForce GTX 1080
[2021.09.19-02.50.01:122][  0]LogD3D11RHI:   Driver Version: 471.68 (internal:30.0.14.7168, unified:471.68)
[2021.09.19-02.50.01:122][  0]LogD3D11RHI:      Driver Date: 8-5-2021
[2021.09.19-02.50.01:122][  0]LogRHI: Texture pool is 5655 MB (70% of 8079 MB)
[2021.09.19-02.50.01:221][  0]LogD3D11RHI: RHI has support for 64 bit atomics
[2021.09.19-02.50.01:222][  0]LogD3D11RHI: Async texture creation enabled
[2021.09.19-02.50.01:250][  0]LogD3D11RHI: GPU Timing Frequency: 1000.000000 (Debug: 2 1)
[2021.09.19-02.50.02:156][  0]LogTargetPlatformManager: Display: Loaded TargetPlatform 'AllDesktop'
[2021.09.19-02.50.03:280][  0]LogTargetPlatformManager: Display: Loaded TargetPlatform 'Android'
[2021.09.19-02.50.03:280][  0]LogTargetPlatformManager: Display: Loaded TargetPlatform 'Android_ASTC'
[2021.09.19-02.50.03:281][  0]LogTargetPlatformManager: Display: Loaded TargetPlatform 'Android_ATC'
[2021.09.19-02.50.03:281][  0]LogTargetPlatformManager: Display: Loaded TargetPlatform 'Android_DXT'
[2021.09.19-02.50.03:281][  0]LogTargetPlatformManager: Display: Loaded TargetPlatform 'Android_ETC1'
[2021.09.19-02.50.03:281][  0]LogTargetPlatformManager: Display: Loaded TargetPlatform 'Android_ETC1a'
[2021.09.19-02.50.03:281][  0]LogTargetPlatformManager: Display: Loaded TargetPlatform 'Android_ETC2'
[2021.09.19-02.50.03:281][  0]LogTargetPlatformManager: Display: Loaded TargetPlatform 'Android_PVRTC'
[2021.09.19-02.50.03:281][  0]LogTargetPlatformManager: Display: Loaded TargetPlatform 'AndroidClient'
[2021.09.19-02.50.03:281][  0]LogTargetPlatformManager: Display: Loaded TargetPlatform 'Android_ASTCClient'
[2021.09.19-02.50.03:281][  0]LogTargetPlatformManager: Display: Loaded TargetPlatform 'Android_ATCClient'
[2021.09.19-02.50.03:281][  0]LogTargetPlatformManager: Display: Loaded TargetPlatform 'Android_DXTClient'
[2021.09.19-02.50.03:281][  0]LogTargetPlatformManager: Display: Loaded TargetPlatform 'Android_ETC1Client'
[2021.09.19-02.50.03:281][  0]LogTargetPlatformManager: Display: Loaded TargetPlatform 'Android_ETC1aClient'
[2021.09.19-02.50.03:281][  0]LogTargetPlatformManager: Display: Loaded TargetPlatform 'Android_ETC2Client'
[2021.09.19-02.50.03:281][  0]LogTargetPlatformManager: Display: Loaded TargetPlatform 'Android_PVRTCClient'
[2021.09.19-02.50.03:281][  0]LogTargetPlatformManager: Display: Loaded TargetPlatform 'Android_Multi'
[2021.09.19-02.50.03:281][  0]LogTargetPlatformManager: Display: Loaded TargetPlatform 'Android_MultiClient'
[2021.09.19-02.50.04:956][  0]LogTargetPlatformManager: Display: Loaded TargetPlatform 'IOSClient'
[2021.09.19-02.50.04:956][  0]LogTargetPlatformManager: Display: Loaded TargetPlatform 'IOS'
[2021.09.19-02.50.05:515][  0]LogTargetPlatformManager: Display: Loaded TargetPlatform 'LinuxNoEditor'
[2021.09.19-02.50.06:070][  0]LogTargetPlatformManager: Display: Loaded TargetPlatform 'LinuxClient'
[2021.09.19-02.50.06:633][  0]LogTargetPlatformManager: Display: Loaded TargetPlatform 'LinuxServer'
[2021.09.19-02.50.07:197][  0]LogTargetPlatformManager: Display: Loaded TargetPlatform 'LinuxAArch64NoEditor'
[2021.09.19-02.50.07:756][  0]LogTargetPlatformManager: Display: Loaded TargetPlatform 'LinuxAArch64Client'
[2021.09.19-02.50.08:850][  0]LogTargetPlatformManager: Display: Loaded TargetPlatform 'LinuxAArch64Server'
[2021.09.19-02.50.09:437][  0]LogTargetPlatformManager: Display: Loaded TargetPlatform 'Lumin'
[2021.09.19-02.50.09:437][  0]LogTargetPlatformManager: Display: Loaded TargetPlatform 'LuminClient'
[2021.09.19-02.50.10:003][  0]LogTargetPlatformManager: Display: Loaded TargetPlatform 'TVOSClient'
[2021.09.19-02.50.10:003][  0]LogTargetPlatformManager: Display: Loaded TargetPlatform 'TVOS'
[2021.09.19-02.50.10:564][  0]LogTargetPlatformManager: Display: Loaded TargetPlatform 'WindowsNoEditor'
[2021.09.19-02.50.11:118][  0]LogTargetPlatformManager: Display: Loaded TargetPlatform 'Windows'
[2021.09.19-02.50.11:674][  0]LogTargetPlatformManager: Display: Loaded TargetPlatform 'WindowsClient'
[2021.09.19-02.50.12:231][  0]LogTargetPlatformManager: Display: Loaded TargetPlatform 'WindowsServer'
[2021.09.19-02.50.12:231][  0]LogTargetPlatformManager: Display: Building Assets For Windows
[2021.09.19-02.50.14:446][  0]LogAudioDebug: Display: Lib vorbis DLL was dynamically loaded.
[2021.09.19-02.50.27:120][  0]LogShaderCompilers: Guid format shader working directory is -13 characters bigger than the processId version (E:/Desktop/Documents -HDD/Assessment3AdvGamesDev/TwistedGrounds/Intermediate/Shaders/WorkingDirectory/3012/).
[2021.09.19-02.50.27:121][  0]LogShaderCompilers: Cleaned the shader compiler working directory 'C:/Users/josh.saad/AppData/Local/Temp/UnrealShaderWorkingDir/14C306BC4D1C2BE97E9E1293FC8DBB41/'.
[2021.09.19-02.50.27:122][  0]LogXGEController: Cannot use XGE Controller as Incredibuild is not installed on this machine.
[2021.09.19-02.50.27:122][  0]LogShaderCompilers: Cannot use XGE Shader Compiler as Incredibuild is not installed on this machine.
[2021.09.19-02.50.27:122][  0]LogShaderCompilers: Display: Using Local Shader Compiler.
[2021.09.19-02.50.27:946][  0]LogDerivedDataCache: Display: Max Cache Size: 512 MB
[2021.09.19-02.50.28:034][  0]LogDerivedDataCache: Loaded boot cache 0.09s 84MB C:/Users/josh.saad/AppData/Local/UnrealEngine/4.24/DerivedDataCache/Boot.ddc.
[2021.09.19-02.50.28:034][  0]LogDerivedDataCache: Display: Loaded Boot cache: C:/Users/josh.saad/AppData/Local/UnrealEngine/4.24/DerivedDataCache/Boot.ddc
[2021.09.19-02.50.28:034][  0]LogDerivedDataCache: FDerivedDataBackendGraph:  Pak pak cache file E:/Desktop/Documents -HDD/Assessment3AdvGamesDev/TwistedGrounds/DerivedDataCache/DDC.ddp not found, will not use a pak cache.
[2021.09.19-02.50.28:034][  0]LogDerivedDataCache: Unable to find inner node Pak for hierarchical cache Hierarchy.
[2021.09.19-02.50.28:034][  0]LogDerivedDataCache: FDerivedDataBackendGraph:  CompressedPak pak cache file E:/Desktop/Documents -HDD/Assessment3AdvGamesDev/TwistedGrounds/DerivedDataCache/Compressed.ddp not found, will not use a pak cache.
[2021.09.19-02.50.28:034][  0]LogDerivedDataCache: Unable to find inner node CompressedPak for hierarchical cache Hierarchy.
[2021.09.19-02.50.28:045][  0]LogDerivedDataCache: Display: Pak cache opened for reading ../../../Engine/DerivedDataCache/Compressed.ddp.
[2021.09.19-02.50.28:046][  0]LogDerivedDataCache: FDerivedDataBackendGraph:  EnterprisePak pak cache file ../../../Enterprise/DerivedDataCache/Compressed.ddp not found, will not use a pak cache.
[2021.09.19-02.50.28:046][  0]LogDerivedDataCache: Unable to find inner node EnterprisePak for hierarchical cache Hierarchy.
[2021.09.19-02.50.28:050][  0]LogDerivedDataCache: Using Local data cache path C:/Users/josh.saad/AppData/Local/UnrealEngine/Common/DerivedDataCache: Writable
[2021.09.19-02.50.28:050][  0]LogDerivedDataCache: Shared data cache path not found in *engine.ini, will not use an Shared cache.
[2021.09.19-02.50.28:050][  0]LogDerivedDataCache: Unable to find inner node Shared for hierarchical cache Hierarchy.
[2021.09.19-02.50.28:077][  0]LogMaterial: Verifying Global Shaders for PCD3D_SM5
[2021.09.19-02.50.28:081][  0]LogSlate: Using FreeType 2.10.0
[2021.09.19-02.50.28:082][  0]LogSlate: SlateFontServices - WITH_FREETYPE: 1, WITH_HARFBUZZ: 1
[2021.09.19-02.50.28:742][  0]LogAssetRegistry: FAssetRegistry took 0.0049 seconds to start up
[2021.09.19-02.50.29:052][  0]LogInit: Selected Device Profile: [Windows]
[2021.09.19-02.50.35:838][  0]LogMeshReduction: Using QuadricMeshReduction for automatic static mesh reduction
[2021.09.19-02.50.35:838][  0]LogMeshReduction: Using SimplygonMeshReduction for automatic skeletal mesh reduction
[2021.09.19-02.50.35:838][  0]LogMeshReduction: Using ProxyLODMeshReduction for automatic mesh merging
[2021.09.19-02.50.35:838][  0]LogMeshReduction: No distributed automatic mesh merging module available
[2021.09.19-02.50.35:838][  0]LogMeshMerging: No distributed automatic mesh merging module available
[2021.09.19-02.50.35:859][  0]LogNetVersion: TwistedGrounds 1.0.0, NetCL: 10570792, EngineNetVer: 13, GameNetVer: 0 (Checksum: 1880475918)
[2021.09.19-02.50.37:576][  0]LogPackageLocalizationCache: Processed 10 localized package path(s) for 1 prioritized culture(s) in 0.094630 seconds
[2021.09.19-02.50.37:585][  0]LogUObjectArray: 46750 objects as part of root set at end of initial load.
[2021.09.19-02.50.37:585][  0]LogUObjectAllocator: 8137160 out of 0 bytes used by permanent object pool.
[2021.09.19-02.50.37:585][  0]LogUObjectArray: CloseDisregardForGC: 0/0 objects in disregard for GC pool
[2021.09.19-02.51.18:775][  0]LogTcpMessaging: Initializing TcpMessaging bridge
[2021.09.19-02.51.19:344][  0]LogUdpMessaging: Initializing bridge on interface 0.0.0.0:0 to multicast group 230.0.0.1:6666.
[2021.09.19-02.51.29:096][  0]SourceControl: Source control is disabled
[2021.09.19-02.51.29:096][  0]SourceControl: Source control is disabled
[2021.09.19-02.51.29:646][  0]SourceControl: Source control is disabled
[2021.09.19-02.51.30:195][  0]SourceControl: Source control is disabled
[2021.09.19-02.51.30:745][  0]SourceControl: Source control is disabled
[2021.09.19-02.51.51:258][  0]LogAndroidPermission: UAndroidPermissionCallbackProxy::GetInstance
[2021.09.19-02.51.55:106][  0]LogAudioCaptureCore: Display: No Audio Capture implementations found. Audio input will be silent.
[2021.09.19-02.51.55:106][  0]LogAudioCaptureCore: Display: No Audio Capture implementations found. Audio input will be silent.
[2021.09.19-02.52.00:126][  0]LogOcInput: OculusInput pre-init called
[2021.09.19-02.52.05:277][  0]LogClass: Warning: FRuntimeMeshCollisionConvexMesh::BoundingBox is not initialized properly
[2021.09.19-02.52.05:278][  0]LogClass: Warning: ObjectProperty FRuntimeMeshMaterialSlot::Material is not initialized properly
[2021.09.19-02.52.05:278][  0]LogClass: Warning: FSculptInputInfo::SculptInput is not initialized properly
[2021.09.19-02.52.05:278][  0]LogClass: Warning: FSculptInputInfo::StartLocation is not initialized properly
[2021.09.19-02.52.05:278][  0]LogClass: Warning: FSculptInputInfo::CurrentLocation is not initialized properly
[2021.09.19-02.52.05:278][  0]LogClass: Warning: FSculptInputInfo::LastLocation is not initialized properly
[2021.09.19-02.52.05:278][  0]LogClass: Warning: FSculptSettings::SculptMode is not initialized properly
[2021.09.19-02.52.05:278][  0]LogClass: Warning: FVertexData::Vertices is not initialized properly
[2021.09.19-02.52.05:278][  0]LogClass: Warning: FVertexData::UV is not initialized properly
[2021.09.19-02.52.05:278][  0]LogClass: Warning: FVertexData::Normals is not initialized properly
[2021.09.19-02.52.05:278][  0]LogClass: Display: 10 Uninitialized script stuct members found
[2021.09.19-02.52.05:279][  0]LogAutomationTest: Warning: FRuntimeMeshCollisionConvexMesh::BoundingBox is not initialized properly
[2021.09.19-02.52.05:279][  0]LogAutomationTest: Warning: ObjectProperty FRuntimeMeshMaterialSlot::Material is not initialized properly
[2021.09.19-02.52.05:279][  0]LogAutomationTest: Warning: FSculptInputInfo::SculptInput is not initialized properly
[2021.09.19-02.52.05:279][  0]LogAutomationTest: Warning: FSculptInputInfo::StartLocation is not initialized properly
[2021.09.19-02.52.05:279][  0]LogAutomationTest: Warning: FSculptInputInfo::CurrentLocation is not initialized properly
[2021.09.19-02.52.05:279][  0]LogAutomationTest: Warning: FSculptInputInfo::LastLocation is not initialized properly
[2021.09.19-02.52.05:279][  0]LogAutomationTest: Warning: FSculptSettings::SculptMode is not initialized properly
[2021.09.19-02.52.05:279][  0]LogAutomationTest: Warning: FVertexData::Vertices is not initialized properly
[2021.09.19-02.52.05:279][  0]LogAutomationTest: Warning: FVertexData::UV is not initialized properly
[2021.09.19-02.52.05:279][  0]LogAutomationTest: Warning: FVertexData::Normals is not initialized properly
[2021.09.19-02.52.05:280][  0]LogEngine: Initializing Engine...
[2021.09.19-02.52.05:386][  0]LogHMD: Failed to initialize OpenVR with code 112
[2021.09.19-02.52.05:387][  0]LogStats: UGameplayTagsManager::InitializeManager -  0.000 s
[2021.09.19-02.52.05:733][  0]LogInit: Initializing FReadOnlyCVARCache
[2021.09.19-02.52.06:292][  0]LogAIModule: Creating AISystem for world Untitled
[2021.09.19-02.52.06:853][  0]LogAudioMixer: Display: Audio Mixer Platform Settings:
[2021.09.19-02.52.06:853][  0]LogAudioMixer: Display: 	Sample Rate:						  48000
[2021.09.19-02.52.06:853][  0]LogAudioMixer: Display: 	Callback Buffer Frame Size Requested: 1024
[2021.09.19-02.52.06:853][  0]LogAudioMixer: Display: 	Callback Buffer Frame Size To Use:	  1024
[2021.09.19-02.52.06:854][  0]LogAudioMixer: Display: 	Number of buffers to queue:			  2
[2021.09.19-02.52.06:854][  0]LogAudioMixer: Display: 	Max Channels (voices):				  32
[2021.09.19-02.52.06:854][  0]LogAudioMixer: Display: 	Number of Async Source Workers:		  0
[2021.09.19-02.52.06:854][  0]LogAudio: Display: AudioDevice MaxSources: 32
[2021.09.19-02.52.06:854][  0]LogAudio: Display: Using built-in audio occlusion.
[2021.09.19-02.52.06:854][  0]LogAudioMixer: Display: Initializing audio mixer.
[2021.09.19-02.52.08:060][  0]LogAudioMixer: Display: Audio Device Output Speaker Info:
[2021.09.19-02.52.08:060][  0]LogAudioMixer: Display: Name: VoiceMeeter Input (VB-Audio VoiceMeeter VAIO)
[2021.09.19-02.52.08:060][  0]LogAudioMixer: Display: Is Default: Yes
[2021.09.19-02.52.08:060][  0]LogAudioMixer: Display: Sample Rate: 48000
[2021.09.19-02.52.08:060][  0]LogAudioMixer: Display: Channel Count Used: 2
[2021.09.19-02.52.08:060][  0]LogAudioMixer: Display: Device Channel Count: 2
[2021.09.19-02.52.08:060][  0]LogAudioMixer: Display: Channel Order:
[2021.09.19-02.52.08:060][  0]LogAudioMixer: Display: 0: FrontLeft
[2021.09.19-02.52.08:061][  0]LogAudioMixer: Display: 1: FrontRight
[2021.09.19-02.52.11:378][  0]LogAudioMixer: Display: Using Audio Device VoiceMeeter Input (VB-Audio VoiceMeeter VAIO)
[2021.09.19-02.52.11:943][  0]LogInit: FAudioDevice initialized.
[2021.09.19-02.52.11:943][  0]LogNetVersion: Set ProjectVersion to 1.0.0.0. Version Checksum will be recalculated on next use.
[2021.09.19-02.52.12:012][  0]LogDerivedDataCache: Saved boot cache 0.07s 84MB C:/Users/josh.saad/AppData/Local/UnrealEngine/4.24/DerivedDataCache/Boot.ddc.
[2021.09.19-02.52.12:017][  0]LogInit: Texture streaming: Enabled
[2021.09.19-02.52.14:256][  0]LogEngineSessionManager: EngineSessionManager initialized
[2021.09.19-02.52.14:256][  0]LogEditorSessionSummary: Verbose: Initializing EditorSessionSummaryWriter for editor session tracking
[2021.09.19-02.52.14:258][  0]LogEditorSessionSummary: EditorSessionSummaryWriter initialized
[2021.09.19-02.52.15:425][  0]LogInit: Transaction tracking system initialized
[2021.09.19-02.52.19:314][  0]BlueprintLog: New page: Editor Load
[2021.09.19-02.52.29:263][  0]LocalizationService: Localization service is disabled
[2021.09.19-02.52.39:484][  0]LogFileCache: Scanning file cache for directory 'E:/Desktop/Documents -HDD/Assessment3AdvGamesDev/TwistedGrounds/Content/' took 0.01s
[2021.09.19-02.52.39:484][  0]LogCook: Display: Max memory allowance for cook 16384mb min free memory 0mb
[2021.09.19-02.52.39:484][  0]LogCook: Display: Mobile HDR setting 1
[2021.09.19-02.53.00:585][  0]SourceControl: Source control is disabled
[2021.09.19-02.53.00:585][  0]Cmd: MAP LOAD FILE="E:/Desktop/Documents -HDD/Assessment3AdvGamesDev/TwistedGrounds/Content/FirstPersonCPP/Maps/FirstPersonExampleMap.umap" TEMPLATE=0 SHOWPROGRESS=1 FEATURELEVEL=3
[2021.09.19-02.53.00:585][  0]LightingResults: New page: Lighting Build
[2021.09.19-02.53.00:587][  0]LogWorld: UWorld::CleanupWorld for Untitled, bSessionEnded=true, bCleanupResources=true
[2021.09.19-02.53.00:587][  0]LogSlate: InvalidateAllWidgets triggered.  All widgets were invalidated
[2021.09.19-02.53.00:587][  0]MapCheck: New page: Map Check
[2021.09.19-02.53.00:587][  0]LightingResults: New page: Lighting Build
[2021.09.19-02.53.00:628][  0]LogUObjectHash: Compacting FUObjectHashTables data took   2.49ms
[2021.09.19-02.53.00:788][  0]LogAIModule: Creating AISystem for world FirstPersonExampleMap
[2021.09.19-02.53.00:795][  0]LogEditorServer: Finished looking for orphan Actors (0.000 secs)
[2021.09.19-02.53.00:839][  0]LogUObjectHash: Compacting FUObjectHashTables data took   2.40ms
[2021.09.19-02.53.00:839][  0]Cmd: MAP CHECKDEP NOCLEARLOG
[2021.09.19-02.53.00:840][  0]MapCheck: Map check complete: 0 Error(s), 0 Warning(s), took 0.171ms to complete.
[2021.09.19-02.53.00:840][  0]LogFileHelpers: Loading map 'FirstPersonExampleMap' took 0.255
[2021.09.19-02.53.02:610][  0]LogSlate: Updating window title bar state: overlay mode, drag disabled, window buttons hidden, title bar hidden
[2021.09.19-02.53.02:616][  0]LogSlate: Updating window title bar state: overlay mode, drag disabled, window buttons hidden, title bar hidden
[2021.09.19-02.53.02:623][  0]LogSlate: Updating window title bar state: overlay mode, drag disabled, window buttons hidden, title bar hidden
[2021.09.19-02.53.02:630][  0]LogSlate: Updating window title bar state: overlay mode, drag disabled, window buttons hidden, title bar hidden
[2021.09.19-02.53.03:184][  0]LogCollectionManager: Loaded 0 collections in 0.002600 seconds
[2021.09.19-02.53.03:206][  0]LogFileCache: Scanning file cache for directory 'E:/Desktop/Documents -HDD/Assessment3AdvGamesDev/TwistedGrounds/Saved/Collections/' took 0.00s
[2021.09.19-02.53.03:206][  0]LogFileCache: Scanning file cache for directory 'E:/Desktop/Documents -HDD/Assessment3AdvGamesDev/TwistedGrounds/Content/Developers/joshsaad/Collections/' took 0.00s
[2021.09.19-02.53.03:206][  0]LogFileCache: Scanning file cache for directory 'E:/Desktop/Documents -HDD/Assessment3AdvGamesDev/TwistedGrounds/Content/Collections/' took 0.00s
[2021.09.19-02.53.03:206][  0]LogContentBrowser: Native class hierarchy populated in 0.0099 seconds. Added 3048 classes and 728 folders.
[2021.09.19-02.53.03:210][  0]LogContentBrowser: Native class hierarchy updated for 'WidgetCarousel' in 0.0005 seconds. Added 0 classes and 0 folders.
[2021.09.19-02.53.03:378][  0]LogContentBrowser: Native class hierarchy updated for 'AddContentDialog' in 0.0006 seconds. Added 0 classes and 0 folders.
[2021.09.19-02.53.04:473][  0]LogContentBrowser: Native class hierarchy updated for 'SceneOutliner' in 0.0006 seconds. Added 2 classes and 3 folders.
[2021.09.19-02.53.04:583][  0]LogSlate: Took 0.000930 seconds to synchronously load lazily loaded font '../../../Engine/Content/Slate/Fonts/Roboto-Regular.ttf' (155K)
[2021.09.19-02.53.04:586][  0]LogSlate: Took 0.000812 seconds to synchronously load lazily loaded font '../../../Engine/Content/Slate/Fonts/Roboto-Bold.ttf' (160K)
[2021.09.19-02.53.04:592][  0]LogSlate: Took 0.000713 seconds to synchronously load lazily loaded font '../../../Engine/Content/Editor/Slate/Fonts/FontAwesome.ttf' (139K)
[2021.09.19-02.53.04:686][  0]LogRenderer: Reallocating scene render targets to support 1164x572 Format 10 NumSamples 1 (Frame:1).
[2021.09.19-02.53.04:744][  0]LogSlate: Took 0.000752 seconds to synchronously load lazily loaded font '../../../Engine/Content/Slate/Fonts/Roboto-Light.ttf' (167K)
[2021.09.19-02.53.05:358][  0]LogContentBrowser: Native class hierarchy updated for 'HierarchicalLODOutliner' in 0.0006 seconds. Added 0 classes and 0 folders.
[2021.09.19-02.53.05:358][  0]LogLoad: (Engine Initialization) Total time: 257.31 seconds
[2021.09.19-02.53.05:358][  0]LogLoad: (Engine Initialization) Total Blueprint compile time: 0.00 seconds
[2021.09.19-02.53.05:421][  0]LogContentStreaming: Texture pool size now 1000 MB
[2021.09.19-02.53.05:550][  3]LogAssetRegistry: Asset discovery search completed in 156.8121 seconds
[2021.09.19-02.53.05:553][  3]LogCollectionManager: Fixed up redirectors for 0 collections in 0.000007 seconds (updated 0 objects)
[2021.09.19-02.53.06:390][100]LogSlate: Took 0.000292 seconds to synchronously load lazily loaded font '../../../Engine/Content/Slate/Fonts/Roboto-Light.ttf' (167K)
[2021.09.19-02.56.18:292][ 23]LogTemp: Repeating last play command: Selected Viewport
[2021.09.19-02.56.18:304][ 23]LogBlueprintUserMessages: Early PlayInEditor Detection: Level '/Game/FirstPersonCPP/Maps/FirstPersonExampleMap.FirstPersonExampleMap:PersistentLevel' has LevelScriptBlueprint '/Game/FirstPersonCPP/Maps/FirstPersonExampleMap.FirstPersonExampleMap:PersistentLevel.FirstPersonExampleMap' with GeneratedClass '/Game/FirstPersonCPP/Maps/FirstPersonExampleMap.FirstPersonExampleMap_C' with ClassGeneratedBy '/Game/FirstPersonCPP/Maps/FirstPersonExampleMap.FirstPersonExampleMap:PersistentLevel.FirstPersonExampleMap'
[2021.09.19-02.56.18:305][ 23]LogPlayLevel: PlayLevel: No blueprints needed recompiling
[2021.09.19-02.56.18:309][ 23]PIE: New page: PIE session: FirstPersonExampleMap (19 Sep 2021, 10:56:18 pm)
[2021.09.19-02.56.18:311][ 23]LogOnline: OSS: Creating online subsystem instance for: NULL
[2021.09.19-02.56.18:313][ 23]LogOnline: OSS: TryLoadSubsystemAndSetDefault: Loaded subsystem for module [NULL]
[2021.09.19-02.56.18:314][ 23]LogPlayLevel: Creating play world package: /Game/FirstPersonCPP/Maps/UEDPIE_0_FirstPersonExampleMap
[2021.09.19-02.56.18:329][ 23]LogPlayLevel: PIE: StaticDuplicateObject took: (0.014962s)
[2021.09.19-02.56.18:330][ 23]LogAIModule: Creating AISystem for world FirstPersonExampleMap
[2021.09.19-02.56.18:331][ 23]LogPlayLevel: PIE: World Init took: (0.001559s)
[2021.09.19-02.56.18:331][ 23]LogPlayLevel: PIE: Created PIE world by copying editor world from /Game/FirstPersonCPP/Maps/FirstPersonExampleMap.FirstPersonExampleMap to /Game/FirstPersonCPP/Maps/UEDPIE_0_FirstPersonExampleMap.FirstPersonExampleMap (0.017306s)
[2021.09.19-02.56.18:370][ 23]LogUObjectHash: Compacting FUObjectHashTables data took   1.69ms
[2021.09.19-02.56.18:372][ 23]LogAudioMixer: Display: Audio Mixer Platform Settings:
[2021.09.19-02.56.18:372][ 23]LogAudioMixer: Display: 	Sample Rate:						  48000
[2021.09.19-02.56.18:372][ 23]LogAudioMixer: Display: 	Callback Buffer Frame Size Requested: 1024
[2021.09.19-02.56.18:372][ 23]LogAudioMixer: Display: 	Callback Buffer Frame Size To Use:	  1024
[2021.09.19-02.56.18:372][ 23]LogAudioMixer: Display: 	Number of buffers to queue:			  2
[2021.09.19-02.56.18:372][ 23]LogAudioMixer: Display: 	Max Channels (voices):				  32
[2021.09.19-02.56.18:372][ 23]LogAudioMixer: Display: 	Number of Async Source Workers:		  0
[2021.09.19-02.56.18:373][ 23]LogAudio: Display: AudioDevice MaxSources: 32
[2021.09.19-02.56.18:373][ 23]LogAudio: Display: Using built-in audio occlusion.
[2021.09.19-02.56.18:373][ 23]LogAudioMixer: Display: Initializing audio mixer.
[2021.09.19-02.56.18:468][ 23]LogAudioMixer: Display: Audio Device Output Speaker Info:
[2021.09.19-02.56.18:468][ 23]LogAudioMixer: Display: Name: VoiceMeeter Input (VB-Audio VoiceMeeter VAIO)
[2021.09.19-02.56.18:468][ 23]LogAudioMixer: Display: Is Default: Yes
[2021.09.19-02.56.18:468][ 23]LogAudioMixer: Display: Sample Rate: 48000
[2021.09.19-02.56.18:468][ 23]LogAudioMixer: Display: Channel Count Used: 2
[2021.09.19-02.56.18:468][ 23]LogAudioMixer: Display: Device Channel Count: 2
[2021.09.19-02.56.18:468][ 23]LogAudioMixer: Display: Channel Order:
[2021.09.19-02.56.18:468][ 23]LogAudioMixer: Display: 0: FrontLeft
[2021.09.19-02.56.18:468][ 23]LogAudioMixer: Display: 1: FrontRight
[2021.09.19-02.56.18:476][ 23]LogAudioMixer: Display: Using Audio Device VoiceMeeter Input (VB-Audio VoiceMeeter VAIO)
[2021.09.19-02.56.18:479][ 23]LogInit: FAudioDevice initialized.
[2021.09.19-02.56.18:497][ 23]LogLoad: Game class is 'TwistedGroundsGameMode'
[2021.09.19-02.56.18:503][ 23]LogWorld: Bringing World /Game/FirstPersonCPP/Maps/UEDPIE_0_FirstPersonExampleMap.FirstPersonExampleMap up for play (max tick rate 0) at 2021.09.19-12.56.18
[2021.09.19-02.56.18:505][ 23]LogWorld: Bringing up level for play took: 0.002731
[2021.09.19-02.56.18:505][ 23]LogOnline: OSS: Creating online subsystem instance for: :Context_2
[2021.09.19-02.56.18:516][ 23]LogContentBrowser: Native class hierarchy updated for 'MovieSceneCapture' in 0.0006 seconds. Added 20 classes and 0 folders.
[2021.09.19-02.56.18:517][ 23]LogTemp: Warning: Rand 7935.117188
[2021.09.19-02.56.19:575][ 23]LogTemp: Warning: Vertices Count: 10000 | UVCoords Count: 10000 Triangles Count: 58806
[2021.09.19-02.56.19:577][ 23]PIE: Play in editor start time for /Game/FirstPersonCPP/Maps/UEDPIE_0_FirstPersonExampleMap 1.444
[2021.09.19-02.56.19:577][ 23]LogBlueprintUserMessages: Late PlayInEditor Detection: Level '/Game/FirstPersonCPP/Maps/FirstPersonExampleMap.FirstPersonExampleMap:PersistentLevel' has LevelScriptBlueprint '/Game/FirstPersonCPP/Maps/FirstPersonExampleMap.FirstPersonExampleMap:PersistentLevel.FirstPersonExampleMap' with GeneratedClass '/Game/FirstPersonCPP/Maps/FirstPersonExampleMap.FirstPersonExampleMap_C' with ClassGeneratedBy '/Game/FirstPersonCPP/Maps/FirstPersonExampleMap.FirstPersonExampleMap:PersistentLevel.FirstPersonExampleMap'
[2021.09.19-02.56.19:582][ 23]LogBlueprintUserMessages: [ProcMeshGenBP_2] X=60000.000 Y=0.000 Z=0.000
[2021.09.19-02.56.19:611][ 24]LogBlueprintUserMessages: [ProcMeshGenBP_2] X=60000.000 Y=0.000 Z=0.000
[2021.09.19-02.56.19:632][ 25]LogBlueprintUserMessages: [ProcMeshGenBP_2] X=60000.000 Y=0.000 Z=0.000
[2021.09.19-02.56.19:640][ 26]LogBlueprintUserMessages: [ProcMeshGenBP_2] X=60000.000 Y=0.000 Z=0.000
[2021.09.19-02.56.19:648][ 27]LogBlueprintUserMessages: [ProcMeshGenBP_2] X=60000.000 Y=0.000 Z=0.000
[2021.09.19-02.56.19:657][ 28]LogBlueprintUserMessages: [ProcMeshGenBP_2] X=60000.000 Y=0.000 Z=0.000
[2021.09.19-02.56.19:665][ 29]LogBlueprintUserMessages: [ProcMeshGenBP_2] X=60000.000 Y=0.000 Z=0.000
[2021.09.19-02.56.19:673][ 30]LogBlueprintUserMessages: [ProcMeshGenBP_2] X=60000.000 Y=0.000 Z=0.000
[2021.09.19-02.56.19:682][ 31]LogBlueprintUserMessages: [ProcMeshGenBP_2] X=60000.000 Y=0.000 Z=0.000
[2021.09.19-02.56.19:690][ 32]LogBlueprintUserMessages: [ProcMeshGenBP_2] X=60000.000 Y=0.000 Z=0.000
[2021.09.19-02.56.19:699][ 33]LogBlueprintUserMessages: [ProcMeshGenBP_2] X=60000.000 Y=0.000 Z=0.000
[2021.09.19-02.56.19:709][ 34]LogBlueprintUserMessages: [ProcMeshGenBP_2] X=60000.000 Y=0.000 Z=0.000
[2021.09.19-02.56.19:720][ 35]LogBlueprintUserMessages: [ProcMeshGenBP_2] X=60000.000 Y=0.000 Z=0.000
[2021.09.19-02.56.19:732][ 36]LogBlueprintUserMessages: [ProcMeshGenBP_2] X=60000.000 Y=0.000 Z=0.000
[2021.09.19-02.56.19:744][ 37]LogBlueprintUserMessages: [ProcMeshGenBP_2] X=60000.000 Y=0.000 Z=0.000
[2021.09.19-02.56.19:754][ 38]LogBlueprintUserMessages: [ProcMeshGenBP_2] X=60000.000 Y=0.000 Z=0.000
[2021.09.19-02.56.19:765][ 39]LogBlueprintUserMessages: [ProcMeshGenBP_2] X=60000.000 Y=0.000 Z=0.000
[2021.09.19-02.56.19:774][ 40]LogBlueprintUserMessages: [ProcMeshGenBP_2] X=60000.000 Y=0.000 Z=0.000
[2021.09.19-02.56.19:781][ 41]LogBlueprintUserMessages: [ProcMeshGenBP_2] X=60000.000 Y=0.000 Z=0.000
[2021.09.19-02.56.19:791][ 42]LogBlueprintUserMessages: [ProcMeshGenBP_2] X=60000.000 Y=0.000 Z=0.000
[2021.09.19-02.56.19:798][ 43]LogBlueprintUserMessages: [ProcMeshGenBP_2] X=60000.000 Y=0.000 Z=0.000
[2021.09.19-02.56.19:806][ 44]LogBlueprintUserMessages: [ProcMeshGenBP_2] X=60000.000 Y=0.000 Z=0.000
[2021.09.19-02.56.19:815][ 45]LogBlueprintUserMessages: [ProcMeshGenBP_2] X=60000.000 Y=0.000 Z=0.000
[2021.09.19-02.56.19:823][ 46]LogBlueprintUserMessages: [ProcMeshGenBP_2] X=60000.000 Y=0.000 Z=0.000
[2021.09.19-02.56.19:832][ 47]LogBlueprintUserMessages: [ProcMeshGenBP_2] X=60000.000 Y=0.000 Z=0.000
[2021.09.19-02.56.19:840][ 48]LogBlueprintUserMessages: [ProcMeshGenBP_2] X=60000.000 Y=0.000 Z=0.000
[2021.09.19-02.56.19:848][ 49]LogBlueprintUserMessages: [ProcMeshGenBP_2] X=60000.000 Y=0.000 Z=0.000
[2021.09.19-02.56.19:856][ 50]LogBlueprintUserMessages: [ProcMeshGenBP_2] X=60000.000 Y=0.000 Z=0.000
[2021.09.19-02.56.19:865][ 51]LogBlueprintUserMessages: [ProcMeshGenBP_2] X=60000.000 Y=0.000 Z=0.000
[2021.09.19-02.56.19:873][ 52]LogBlueprintUserMessages: [ProcMeshGenBP_2] X=60000.000 Y=0.000 Z=0.000
[2021.09.19-02.56.19:881][ 53]LogBlueprintUserMessages: [ProcMeshGenBP_2] X=60000.000 Y=0.000 Z=0.000
[2021.09.19-02.56.19:890][ 54]LogBlueprintUserMessages: [ProcMeshGenBP_2] X=60000.000 Y=0.000 Z=0.000
[2021.09.19-02.56.19:898][ 55]LogBlueprintUserMessages: [ProcMeshGenBP_2] X=60000.000 Y=0.000 Z=0.000
[2021.09.19-02.56.19:906][ 56]LogBlueprintUserMessages: [ProcMeshGenBP_2] X=60000.000 Y=0.000 Z=0.000
[2021.09.19-02.56.19:915][ 57]LogBlueprintUserMessages: [ProcMeshGenBP_2] X=60000.000 Y=0.000 Z=0.000
[2021.09.19-02.56.19:923][ 58]LogBlueprintUserMessages: [ProcMeshGenBP_2] X=60000.000 Y=0.000 Z=0.000
[2021.09.19-02.56.19:931][ 59]LogBlueprintUserMessages: [ProcMeshGenBP_2] X=60000.000 Y=0.000 Z=0.000
[2021.09.19-02.56.19:940][ 60]LogBlueprintUserMessages: [ProcMeshGenBP_2] X=60000.000 Y=0.000 Z=0.000
[2021.09.19-02.56.19:948][ 61]LogBlueprintUserMessages: [ProcMeshGenBP_2] X=60000.000 Y=0.000 Z=0.000
[2021.09.19-02.56.19:956][ 62]LogBlueprintUserMessages: [ProcMeshGenBP_2] X=60000.000 Y=0.000 Z=0.000
[2021.09.19-02.56.19:965][ 63]LogBlueprintUserMessages: [ProcMeshGenBP_2] X=60000.000 Y=0.000 Z=0.000
[2021.09.19-02.56.19:974][ 64]LogBlueprintUserMessages: [ProcMeshGenBP_2] X=60000.000 Y=0.000 Z=0.000
[2021.09.19-02.56.19:982][ 65]LogBlueprintUserMessages: [ProcMeshGenBP_2] X=60000.000 Y=0.000 Z=0.000
[2021.09.19-02.56.19:990][ 66]LogBlueprintUserMessages: [ProcMeshGenBP_2] X=60000.000 Y=0.000 Z=0.000
[2021.09.19-02.56.19:998][ 67]LogBlueprintUserMessages: [ProcMeshGenBP_2] X=60000.000 Y=0.000 Z=0.000
[2021.09.19-02.56.20:006][ 68]LogBlueprintUserMessages: [ProcMeshGenBP_2] X=60000.000 Y=0.000 Z=0.000
[2021.09.19-02.56.20:014][ 69]LogBlueprintUserMessages: [ProcMeshGenBP_2] X=60000.000 Y=0.000 Z=0.000
[2021.09.19-02.56.20:023][ 70]LogBlueprintUserMessages: [ProcMeshGenBP_2] X=60000.000 Y=0.000 Z=0.000
[2021.09.19-02.56.20:031][ 71]LogBlueprintUserMessages: [ProcMeshGenBP_2] X=60000.000 Y=0.000 Z=0.000
[2021.09.19-02.56.20:039][ 72]LogBlueprintUserMessages: [ProcMeshGenBP_2] X=60000.000 Y=0.000 Z=0.000
[2021.09.19-02.56.20:048][ 73]LogBlueprintUserMessages: [ProcMeshGenBP_2] X=60000.000 Y=0.000 Z=0.000
[2021.09.19-02.56.20:057][ 74]LogBlueprintUserMessages: [ProcMeshGenBP_2] X=60000.000 Y=0.000 Z=0.000
[2021.09.19-02.56.20:064][ 75]LogBlueprintUserMessages: [ProcMeshGenBP_2] X=60000.000 Y=0.000 Z=0.000
[2021.09.19-02.56.20:073][ 76]LogBlueprintUserMessages: [ProcMeshGenBP_2] X=60000.000 Y=0.000 Z=0.000
[2021.09.19-02.56.20:081][ 77]LogBlueprintUserMessages: [ProcMeshGenBP_2] X=60000.000 Y=0.000 Z=0.000
[2021.09.19-02.56.20:090][ 78]LogBlueprintUserMessages: [ProcMeshGenBP_2] X=60000.000 Y=0.000 Z=0.000
[2021.09.19-02.56.20:098][ 79]LogBlueprintUserMessages: [ProcMeshGenBP_2] X=60000.000 Y=0.000 Z=0.000
[2021.09.19-02.56.20:106][ 80]LogBlueprintUserMessages: [ProcMeshGenBP_2] X=60000.000 Y=0.000 Z=0.000
[2021.09.19-02.56.20:115][ 81]LogBlueprintUserMessages: [ProcMeshGenBP_2] X=60000.000 Y=0.000 Z=0.000
[2021.09.19-02.56.20:123][ 82]LogBlueprintUserMessages: [ProcMeshGenBP_2] X=60000.000 Y=0.000 Z=0.000
[2021.09.19-02.56.20:131][ 83]LogBlueprintUserMessages: [ProcMeshGenBP_2] X=60000.000 Y=0.000 Z=0.000
[2021.09.19-02.56.20:140][ 84]LogBlueprintUserMessages: [ProcMeshGenBP_2] X=60000.000 Y=0.000 Z=0.000
[2021.09.19-02.56.20:148][ 85]LogBlueprintUserMessages: [ProcMeshGenBP_2] X=60000.000 Y=0.000 Z=0.000
[2021.09.19-02.56.20:157][ 86]LogBlueprintUserMessages: [ProcMeshGenBP_2] X=60000.000 Y=0.000 Z=0.000
[2021.09.19-02.56.20:165][ 87]LogBlueprintUserMessages: [ProcMeshGenBP_2] X=60000.000 Y=0.000 Z=0.000
[2021.09.19-02.56.20:173][ 88]LogBlueprintUserMessages: [ProcMeshGenBP_2] X=60000.000 Y=0.000 Z=0.000
[2021.09.19-02.56.20:181][ 89]LogBlueprintUserMessages: [ProcMeshGenBP_2] X=60000.000 Y=0.000 Z=0.000
[2021.09.19-02.56.20:189][ 90]LogBlueprintUserMessages: [ProcMeshGenBP_2] X=60000.000 Y=0.000 Z=0.000
[2021.09.19-02.56.20:198][ 91]LogBlueprintUserMessages: [ProcMeshGenBP_2] X=60000.000 Y=0.000 Z=0.000
[2021.09.19-02.56.20:207][ 92]LogBlueprintUserMessages: [ProcMeshGenBP_2] X=60000.000 Y=0.000 Z=0.000
[2021.09.19-02.56.20:215][ 93]LogBlueprintUserMessages: [ProcMeshGenBP_2] X=60000.000 Y=0.000 Z=0.000
[2021.09.19-02.56.20:223][ 94]LogBlueprintUserMessages: [ProcMeshGenBP_2] X=60000.000 Y=0.000 Z=0.000
[2021.09.19-02.56.20:231][ 95]LogBlueprintUserMessages: [ProcMeshGenBP_2] X=60000.000 Y=0.000 Z=0.000
[2021.09.19-02.56.20:240][ 96]LogBlueprintUserMessages: [ProcMeshGenBP_2] X=60000.000 Y=0.000 Z=0.000
[2021.09.19-02.56.20:248][ 97]LogBlueprintUserMessages: [ProcMeshGenBP_2] X=60000.000 Y=0.000 Z=0.000
[2021.09.19-02.56.20:256][ 98]LogBlueprintUserMessages: [ProcMeshGenBP_2] X=60000.000 Y=0.000 Z=0.000
[2021.09.19-02.56.20:265][ 99]LogBlueprintUserMessages: [ProcMeshGenBP_2] X=60000.000 Y=0.000 Z=0.000
[2021.09.19-02.56.20:273][100]LogBlueprintUserMessages: [ProcMeshGenBP_2] X=60000.000 Y=0.000 Z=0.000
[2021.09.19-02.56.20:281][101]LogBlueprintUserMessages: [ProcMeshGenBP_2] X=60000.000 Y=0.000 Z=0.000
[2021.09.19-02.56.20:290][102]LogBlueprintUserMessages: [ProcMeshGenBP_2] X=60000.000 Y=0.000 Z=0.000
[2021.09.19-02.56.20:299][103]LogBlueprintUserMessages: [ProcMeshGenBP_2] X=60000.000 Y=0.000 Z=0.000
[2021.09.19-02.56.20:307][104]LogBlueprintUserMessages: [ProcMeshGenBP_2] X=60000.000 Y=0.000 Z=0.000
[2021.09.19-02.56.20:316][105]LogBlueprintUserMessages: [ProcMeshGenBP_2] X=60000.000 Y=0.000 Z=0.000
[2021.09.19-02.56.20:324][106]LogBlueprintUserMessages: [ProcMeshGenBP_2] X=60000.000 Y=0.000 Z=0.000
[2021.09.19-02.56.20:332][107]LogBlueprintUserMessages: [ProcMeshGenBP_2] X=60000.000 Y=0.000 Z=0.000
[2021.09.19-02.56.20:340][108]LogBlueprintUserMessages: [ProcMeshGenBP_2] X=60000.000 Y=0.000 Z=0.000
[2021.09.19-02.56.20:349][109]LogBlueprintUserMessages: [ProcMeshGenBP_2] X=60000.000 Y=0.000 Z=0.000
[2021.09.19-02.56.20:356][110]LogBlueprintUserMessages: [ProcMeshGenBP_2] X=60000.000 Y=0.000 Z=0.000
[2021.09.19-02.56.20:365][111]LogBlueprintUserMessages: [ProcMeshGenBP_2] X=60000.000 Y=0.000 Z=0.000
[2021.09.19-02.56.20:373][112]LogBlueprintUserMessages: [ProcMeshGenBP_2] X=60000.000 Y=0.000 Z=0.000
[2021.09.19-02.56.20:381][113]LogBlueprintUserMessages: [ProcMeshGenBP_2] X=60000.000 Y=0.000 Z=0.000
[2021.09.19-02.56.20:390][114]LogBlueprintUserMessages: [ProcMeshGenBP_2] X=60000.000 Y=0.000 Z=0.000
[2021.09.19-02.56.20:398][115]LogBlueprintUserMessages: [ProcMeshGenBP_2] X=60000.000 Y=0.000 Z=0.000
[2021.09.19-02.56.20:406][116]LogBlueprintUserMessages: [ProcMeshGenBP_2] X=60000.000 Y=0.000 Z=0.000
[2021.09.19-02.56.20:414][117]LogBlueprintUserMessages: [ProcMeshGenBP_2] X=60000.000 Y=0.000 Z=0.000
[2021.09.19-02.56.20:423][118]LogBlueprintUserMessages: [ProcMeshGenBP_2] X=60000.000 Y=0.000 Z=0.000
[2021.09.19-02.56.20:432][119]LogBlueprintUserMessages: [ProcMeshGenBP_2] X=60000.000 Y=0.000 Z=0.000
[2021.09.19-02.56.20:440][120]LogBlueprintUserMessages: [ProcMeshGenBP_2] X=60000.000 Y=0.000 Z=0.000
[2021.09.19-02.56.20:448][121]LogBlueprintUserMessages: [ProcMeshGenBP_2] X=60000.000 Y=0.000 Z=0.000
[2021.09.19-02.56.20:456][122]LogBlueprintUserMessages: [ProcMeshGenBP_2] X=60000.000 Y=0.000 Z=0.000
[2021.09.19-02.56.20:464][123]LogBlueprintUserMessages: [ProcMeshGenBP_2] X=60000.000 Y=0.000 Z=0.000
[2021.09.19-02.56.20:473][124]LogBlueprintUserMessages: [ProcMeshGenBP_2] X=60000.000 Y=0.000 Z=0.000
[2021.09.19-02.56.20:482][125]LogBlueprintUserMessages: [ProcMeshGenBP_2] X=60000.000 Y=0.000 Z=0.000
[2021.09.19-02.56.20:490][126]LogBlueprintUserMessages: [ProcMeshGenBP_2] X=60000.000 Y=0.000 Z=0.000
[2021.09.19-02.56.20:498][127]LogBlueprintUserMessages: [ProcMeshGenBP_2] X=60000.000 Y=0.000 Z=0.000
[2021.09.19-02.56.20:506][128]LogBlueprintUserMessages: [ProcMeshGenBP_2] X=60000.000 Y=0.000 Z=0.000
[2021.09.19-02.56.20:516][129]LogBlueprintUserMessages: [ProcMeshGenBP_2] X=60000.000 Y=0.000 Z=0.000
[2021.09.19-02.56.20:525][130]LogBlueprintUserMessages: [ProcMeshGenBP_2] X=60000.000 Y=0.000 Z=0.000
[2021.09.19-02.56.20:532][131]LogBlueprintUserMessages: [ProcMeshGenBP_2] X=60000.000 Y=0.000 Z=0.000
[2021.09.19-02.56.20:541][132]LogBlueprintUserMessages: [ProcMeshGenBP_2] X=60000.000 Y=0.000 Z=0.000
[2021.09.19-02.56.20:549][133]LogBlueprintUserMessages: [ProcMeshGenBP_2] X=60000.000 Y=0.000 Z=0.000
[2021.09.19-02.56.20:558][134]LogBlueprintUserMessages: [ProcMeshGenBP_2] X=60000.000 Y=0.000 Z=0.000
[2021.09.19-02.56.20:566][135]LogBlueprintUserMessages: [ProcMeshGenBP_2] X=60000.000 Y=0.000 Z=0.000
[2021.09.19-02.56.20:574][136]LogBlueprintUserMessages: [ProcMeshGenBP_2] X=60000.000 Y=0.000 Z=0.000
[2021.09.19-02.56.20:582][137]LogBlueprintUserMessages: [ProcMeshGenBP_2] X=60000.000 Y=0.000 Z=0.000
[2021.09.19-02.56.20:590][138]LogBlueprintUserMessages: [ProcMeshGenBP_2] X=60000.000 Y=0.000 Z=0.000
[2021.09.19-02.56.20:599][139]LogBlueprintUserMessages: [ProcMeshGenBP_2] X=60000.000 Y=0.000 Z=0.000
[2021.09.19-02.56.20:607][140]LogBlueprintUserMessages: [ProcMeshGenBP_2] X=60000.000 Y=0.000 Z=0.000
[2021.09.19-02.56.20:615][141]LogBlueprintUserMessages: [ProcMeshGenBP_2] X=60000.000 Y=0.000 Z=0.000
[2021.09.19-02.56.20:624][142]LogBlueprintUserMessages: [ProcMeshGenBP_2] X=60000.000 Y=0.000 Z=0.000
[2021.09.19-02.56.20:632][143]LogBlueprintUserMessages: [ProcMeshGenBP_2] X=60000.000 Y=0.000 Z=0.000
[2021.09.19-02.56.20:640][144]LogBlueprintUserMessages: [ProcMeshGenBP_2] X=60000.000 Y=0.000 Z=0.000
[2021.09.19-02.56.20:649][145]LogBlueprintUserMessages: [ProcMeshGenBP_2] X=60000.000 Y=0.000 Z=0.000
[2021.09.19-02.56.20:657][146]LogBlueprintUserMessages: [ProcMeshGenBP_2] X=60000.000 Y=0.000 Z=0.000
[2021.09.19-02.56.20:665][147]LogBlueprintUserMessages: [ProcMeshGenBP_2] X=60000.000 Y=0.000 Z=0.000
[2021.09.19-02.56.20:674][148]LogBlueprintUserMessages: [ProcMeshGenBP_2] X=60000.000 Y=0.000 Z=0.000
[2021.09.19-02.56.20:682][149]LogBlueprintUserMessages: [ProcMeshGenBP_2] X=60000.000 Y=0.000 Z=0.000
[2021.09.19-02.56.20:690][150]LogBlueprintUserMessages: [ProcMeshGenBP_2] X=60000.000 Y=0.000 Z=0.000
[2021.09.19-02.56.20:699][151]LogBlueprintUserMessages: [ProcMeshGenBP_2] X=60000.000 Y=0.000 Z=0.000
[2021.09.19-02.56.20:707][152]LogBlueprintUserMessages: [ProcMeshGenBP_2] X=60000.000 Y=0.000 Z=0.000
[2021.09.19-02.56.20:715][153]LogBlueprintUserMessages: [ProcMeshGenBP_2] X=60000.000 Y=0.000 Z=0.000
[2021.09.19-02.56.20:723][154]LogBlueprintUserMessages: [ProcMeshGenBP_2] X=60000.000 Y=0.000 Z=0.000
[2021.09.19-02.56.20:732][155]LogBlueprintUserMessages: [ProcMeshGenBP_2] X=60000.000 Y=0.000 Z=0.000
[2021.09.19-02.56.20:740][156]LogBlueprintUserMessages: [ProcMeshGenBP_2] X=60000.000 Y=0.000 Z=0.000
[2021.09.19-02.56.20:749][157]LogBlueprintUserMessages: [ProcMeshGenBP_2] X=60000.000 Y=0.000 Z=0.000
[2021.09.19-02.56.20:757][158]LogBlueprintUserMessages: [ProcMeshGenBP_2] X=60000.000 Y=0.000 Z=0.000
[2021.09.19-02.56.20:765][159]LogBlueprintUserMessages: [ProcMeshGenBP_2] X=60000.000 Y=0.000 Z=0.000
[2021.09.19-02.56.20:774][160]LogBlueprintUserMessages: [ProcMeshGenBP_2] X=60000.000 Y=0.000 Z=0.000
[2021.09.19-02.56.20:783][161]LogBlueprintUserMessages: [ProcMeshGenBP_2] X=60000.000 Y=0.000 Z=0.000
[2021.09.19-02.56.20:791][162]LogBlueprintUserMessages: [ProcMeshGenBP_2] X=60000.000 Y=0.000 Z=0.000
[2021.09.19-02.56.20:800][163]LogBlueprintUserMessages: [ProcMeshGenBP_2] X=60000.000 Y=0.000 Z=0.000
[2021.09.19-02.56.20:807][164]LogBlueprintUserMessages: [ProcMeshGenBP_2] X=60000.000 Y=0.000 Z=0.000
[2021.09.19-02.56.20:815][165]LogBlueprintUserMessages: [ProcMeshGenBP_2] X=60000.000 Y=0.000 Z=0.000
[2021.09.19-02.56.20:824][166]LogBlueprintUserMessages: [ProcMeshGenBP_2] X=60000.000 Y=0.000 Z=0.000
[2021.09.19-02.56.20:832][167]LogBlueprintUserMessages: [ProcMeshGenBP_2] X=60000.000 Y=0.000 Z=0.000
[2021.09.19-02.56.20:840][168]LogBlueprintUserMessages: [ProcMeshGenBP_2] X=60000.000 Y=0.000 Z=0.000
[2021.09.19-02.56.20:849][169]LogBlueprintUserMessages: [ProcMeshGenBP_2] X=60000.000 Y=0.000 Z=0.000
[2021.09.19-02.56.20:857][170]LogBlueprintUserMessages: [ProcMeshGenBP_2] X=60000.000 Y=0.000 Z=0.000
[2021.09.19-02.56.20:865][171]LogBlueprintUserMessages: [ProcMeshGenBP_2] X=60000.000 Y=0.000 Z=0.000
[2021.09.19-02.56.20:874][172]LogBlueprintUserMessages: [ProcMeshGenBP_2] X=60000.000 Y=0.000 Z=0.000
[2021.09.19-02.56.20:882][173]LogBlueprintUserMessages: [ProcMeshGenBP_2] X=60000.000 Y=0.000 Z=0.000
[2021.09.19-02.56.20:890][174]LogBlueprintUserMessages: [ProcMeshGenBP_2] X=60000.000 Y=0.000 Z=0.000
[2021.09.19-02.56.20:899][175]LogBlueprintUserMessages: [ProcMeshGenBP_2] X=60000.000 Y=0.000 Z=0.000
[2021.09.19-02.56.20:907][176]LogBlueprintUserMessages: [ProcMeshGenBP_2] X=60000.000 Y=0.000 Z=0.000
[2021.09.19-02.56.20:915][177]LogBlueprintUserMessages: [ProcMeshGenBP_2] X=60000.000 Y=0.000 Z=0.000
[2021.09.19-02.56.20:924][178]LogBlueprintUserMessages: [ProcMeshGenBP_2] X=60000.000 Y=0.000 Z=0.000
[2021.09.19-02.56.20:932][179]LogBlueprintUserMessages: [ProcMeshGenBP_2] X=60000.000 Y=0.000 Z=0.000
[2021.09.19-02.56.20:941][180]LogBlueprintUserMessages: [ProcMeshGenBP_2] X=60000.000 Y=0.000 Z=0.000
[2021.09.19-02.56.20:949][181]LogBlueprintUserMessages: [ProcMeshGenBP_2] X=60000.000 Y=0.000 Z=0.000
[2021.09.19-02.56.20:957][182]LogBlueprintUserMessages: [ProcMeshGenBP_2] X=60000.000 Y=0.000 Z=0.000
[2021.09.19-02.56.20:965][183]LogBlueprintUserMessages: [ProcMeshGenBP_2] X=60000.000 Y=0.000 Z=0.000
[2021.09.19-02.56.20:974][184]LogBlueprintUserMessages: [ProcMeshGenBP_2] X=60000.000 Y=0.000 Z=0.000
[2021.09.19-02.56.20:982][185]LogBlueprintUserMessages: [ProcMeshGenBP_2] X=60000.000 Y=0.000 Z=0.000
[2021.09.19-02.56.20:990][186]LogBlueprintUserMessages: [ProcMeshGenBP_2] X=60000.000 Y=0.000 Z=0.000
[2021.09.19-02.56.20:999][187]LogBlueprintUserMessages: [ProcMeshGenBP_2] X=60000.000 Y=0.000 Z=0.000
[2021.09.19-02.56.21:008][188]LogBlueprintUserMessages: [ProcMeshGenBP_2] X=60000.000 Y=0.000 Z=0.000
[2021.09.19-02.56.21:015][189]LogBlueprintUserMessages: [ProcMeshGenBP_2] X=60000.000 Y=0.000 Z=0.000
[2021.09.19-02.56.21:024][190]LogBlueprintUserMessages: [ProcMeshGenBP_2] X=60000.000 Y=0.000 Z=0.000
[2021.09.19-02.56.21:032][191]LogBlueprintUserMessages: [ProcMeshGenBP_2] X=60000.000 Y=0.000 Z=0.000
[2021.09.19-02.56.21:041][192]LogBlueprintUserMessages: [ProcMeshGenBP_2] X=60000.000 Y=0.000 Z=0.000
[2021.09.19-02.56.21:049][193]LogBlueprintUserMessages: [ProcMeshGenBP_2] X=60000.000 Y=0.000 Z=0.000
[2021.09.19-02.56.21:057][194]LogBlueprintUserMessages: [ProcMeshGenBP_2] X=60000.000 Y=0.000 Z=0.000
[2021.09.19-02.56.21:065][195]LogBlueprintUserMessages: [ProcMeshGenBP_2] X=60000.000 Y=0.000 Z=0.000
[2021.09.19-02.56.21:073][196]LogBlueprintUserMessages: [ProcMeshGenBP_2] X=60000.000 Y=0.000 Z=0.000
[2021.09.19-02.56.21:083][197]LogBlueprintUserMessages: [ProcMeshGenBP_2] X=60000.000 Y=0.000 Z=0.000
[2021.09.19-02.56.21:090][198]LogBlueprintUserMessages: [ProcMeshGenBP_2] X=60000.000 Y=0.000 Z=0.000
