Log file open, 09/18/21 21:44:05
LogWindows: Failed to load 'aqProf.dll' (GetLastError=126)
LogWindows: File 'aqProf.dll' does not exist
LogWindows: Failed to load 'VtuneApi.dll' (GetLastError=126)
LogWindows: File 'VtuneApi.dll' does not exist
LogWindows: Failed to load 'VtuneApi32e.dll' (GetLastError=126)
LogWindows: File 'VtuneApi32e.dll' does not exist
LogConsoleResponse: Display: Failed to find resolution value strings in scalability ini. Falling back to default.
LogInit: Display: Running engine for game: TwistedGrounds
LogPlatformFile: Not using cached read wrapper
LogTaskGraph: Started task graph with 5 named threads and 47 total threads with 3 sets of task threads.
LogStats: Stats thread started at 0.093096
LogD3D11RHI: Loaded GFSDK_Aftermath_Lib.x64.dll
LogICUInternationalization: ICU TimeZone Detection - Raw Offset: +10:00, Platform Override: ''
LogPluginManager: Warning: Engine version string in E:/Desktop/Documents -HDD/Assessment3AdvGamesDev/TwistedGrounds/Plugins/SimplexNoise/SimplexNoise/SimplexNoise.uplugin could not be parsed ("4.24")
LogPluginManager: Mounting plugin Paper2D
LogPluginManager: Mounting plugin AISupport
LogPluginManager: Mounting plugin LightPropagationVolume
LogPluginManager: Mounting plugin ActorLayerUtilities
LogPluginManager: Mounting plugin AnimationSharing
LogPluginManager: Mounting plugin CLionSourceCodeAccess
LogPluginManager: Mounting plugin CodeLiteSourceCodeAccess
LogPluginManager: Mounting plugin GitSourceControl
LogPluginManager: Mounting plugin KDevelopSourceCodeAccess
LogPluginManager: Mounting plugin NullSourceCodeAccess
LogPluginManager: Mounting plugin PerforceSourceControl
LogPluginManager: Mounting plugin PlasticSourceControl
LogPluginManager: Mounting plugin SubversionSourceControl
LogPluginManager: Mounting plugin UObjectPlugin
LogPluginManager: Mounting plugin VisualStudioCodeSourceCodeAccess
LogPluginManager: Mounting plugin VisualStudioSourceCodeAccess
LogPluginManager: Mounting plugin XCodeSourceCodeAccess
LogPluginManager: Mounting plugin AssetManagerEditor
LogPluginManager: Mounting plugin CryptoKeys
LogPluginManager: Mounting plugin CurveEditorTools
LogPluginManager: Mounting plugin DataValidation
LogPluginManager: Mounting plugin FacialAnimation
LogPluginManager: Mounting plugin GameplayTagsEditor
LogPluginManager: Mounting plugin MacGraphicsSwitching
LogPluginManager: Mounting plugin MaterialAnalyzer
LogPluginManager: Mounting plugin MobileLauncherProfileWizard
LogPluginManager: Mounting plugin PluginBrowser
LogPluginManager: Mounting plugin SpeedTreeImporter
LogPluginManager: Mounting plugin DatasmithContent
LogPluginManager: Mounting plugin VariantManagerContent
LogPluginManager: Mounting plugin AlembicImporter
LogPluginManager: Mounting plugin AutomationUtils
LogPluginManager: Mounting plugin BackChannel
LogPluginManager: Mounting plugin CharacterAI
LogPluginManager: Mounting plugin GeometryCache
LogPluginManager: Mounting plugin PlatformCrypto
LogPluginManager: Mounting plugin ProxyLODPlugin
LogPluginManager: Mounting plugin SkeletalReduction
LogPluginManager: Mounting plugin MagicLeap
LogPluginManager: Mounting plugin MagicLeapMedia
LogPluginManager: Mounting plugin MLSDK
LogPluginManager: Mounting plugin RuntimeMeshComponent
LogPluginManager: Mounting plugin AndroidMedia
LogPluginManager: Mounting plugin AvfMedia
LogPluginManager: Mounting plugin ImgMedia
LogPluginManager: Mounting plugin MediaCompositing
LogPluginManager: Mounting plugin MediaPlayerEditor
LogPluginManager: Mounting plugin WebMMedia
LogPluginManager: Mounting plugin WmfMedia
LogPluginManager: Mounting plugin TcpMessaging
LogPluginManager: Mounting plugin UdpMessaging
LogPluginManager: Mounting plugin ActorSequence
LogPluginManager: Mounting plugin LevelSequenceEditor
LogPluginManager: Mounting plugin MatineeToLevelSequence
LogPluginManager: Mounting plugin NetcodeUnitTest
LogPluginManager: Mounting plugin NUTUnrealEngine4
LogPluginManager: Mounting plugin OnlineSubsystemGooglePlay
LogPluginManager: Mounting plugin OnlineSubsystemIOS
LogPluginManager: Mounting plugin OnlineSubsystem
LogPluginManager: Mounting plugin OnlineSubsystemNull
LogPluginManager: Mounting plugin OnlineSubsystemUtils
LogPluginManager: Mounting plugin LauncherChunkInstaller
LogPluginManager: Mounting plugin AndroidDeviceProfileSelector
LogPluginManager: Mounting plugin AndroidMoviePlayer
LogPluginManager: Mounting plugin AndroidPermission
LogPluginManager: Mounting plugin AppleImageUtils
LogPluginManager: Mounting plugin AppleMoviePlayer
LogPluginManager: Mounting plugin ArchVisCharacter
LogPluginManager: Mounting plugin AssetTags
LogPluginManager: Mounting plugin AudioCapture
LogPluginManager: Mounting plugin CableComponent
LogPluginManager: Mounting plugin CustomMeshComponent
LogPluginManager: Mounting plugin EditableMesh
LogPluginManager: Mounting plugin ExampleDeviceProfileSelector
LogPluginManager: Mounting plugin GoogleCloudMessaging
LogPluginManager: Mounting plugin IOSDeviceProfileSelector
LogPluginManager: Mounting plugin LinuxDeviceProfileSelector
LogPluginManager: Mounting plugin LocationServicesBPLibrary
LogPluginManager: Mounting plugin MobilePatchingUtils
LogPluginManager: Mounting plugin OculusVR
LogPluginManager: Mounting plugin PhysXVehicles
LogPluginManager: Mounting plugin PostSplashScreen
LogPluginManager: Mounting plugin ProceduralMeshComponent
LogPluginManager: Mounting plugin RuntimePhysXCooking
LogPluginManager: Mounting plugin SignificanceManager
LogPluginManager: Mounting plugin SteamVR
LogPluginManager: Mounting plugin WebMMoviePlayer
LogPluginManager: Mounting plugin WindowsMoviePlayer
LogPluginManager: Mounting plugin ScreenshotTools
LogPluginManager: Mounting plugin SimplexNoise
LogInit: Using libcurl 7.55.1-DEV
LogInit:  - built for x86_64-pc-win32
LogInit:  - supports SSL with OpenSSL/1.1.1
LogInit:  - supports HTTP deflate (compression) using libz 1.2.8
LogInit:  - other features:
LogInit:      CURL_VERSION_SSL
LogInit:      CURL_VERSION_LIBZ
LogInit:      CURL_VERSION_IPV6
LogInit:      CURL_VERSION_ASYNCHDNS
LogInit:      CURL_VERSION_LARGEFILE
LogInit:      CURL_VERSION_IDN
LogInit:  CurlRequestOptions (configurable via config and command line):
LogInit:  - bVerifyPeer = true  - Libcurl will verify peer certificate
LogInit:  - bUseHttpProxy = false  - Libcurl will NOT use HTTP proxy
LogInit:  - bDontReuseConnections = false  - Libcurl will reuse connections
LogInit:  - MaxHostConnections = 16  - Libcurl will limit the number of connections to a host
LogInit:  - LocalHostAddr = Default
LogInit:  - BufferSize = 65536
LogOnline: OSS: Creating online subsystem instance for: NULL
LogInit: WinSock: version 1.1 (2.2), MaxSocks=32767, MaxUdp=65467
LogOnline: OSS: TryLoadSubsystemAndSetDefault: Loaded subsystem for module [NULL]
LogHMD: Failed initializing OVRPlugin 1.40.0
LogInit: Build: ++UE4+Release-4.24-CL-11590370
LogInit: Engine Version: 4.24.3-11590370+++UE4+Release-4.24
LogInit: Compatible Engine Version: 4.24.0-10570792+++UE4+Release-4.24
LogInit: Net CL: 10570792
LogInit: OS: Windows 10 (Release 2009) (), CPU: AMD Ryzen 7 2700X Eight-Core Processor         , GPU: NVIDIA GeForce GTX 1080
LogInit: Compiled (64-bit): Feb 24 2020 15:39:18
LogInit: Compiled with Visual C++: 19.16.27032.01
LogInit: Build Configuration: Development
LogInit: Branch Name: ++UE4+Release-4.24
LogInit: Command Line: 
LogInit: Base Directory: C:/Program Files/UE_4.24/Engine/Binaries/Win64/
LogInit: Installed Engine Build: 1
LogDevObjectVersion: Number of dev versions registered: 25
LogDevObjectVersion:   Dev-Blueprints (B0D832E4-1F89-4F0D-ACCF-7EB736FD4AA2): 10
LogDevObjectVersion:   Dev-Build (E1C64328-A22C-4D53-A36C-8E866417BD8C): 0
LogDevObjectVersion:   Dev-Core (375EC13C-06E4-48FB-B500-84F0262A717E): 3
LogDevObjectVersion:   Dev-Editor (E4B068ED-F494-42E9-A231-DA0B2E46BB41): 37
LogDevObjectVersion:   Dev-Framework (CFFC743F-43B0-4480-9391-14DF171D2073): 36
LogDevObjectVersion:   Dev-Mobile (B02B49B5-BB20-44E9-A304-32B752E40360): 2
LogDevObjectVersion:   Dev-Networking (A4E4105C-59A1-49B5-A7C5-40C4547EDFEE): 0
LogDevObjectVersion:   Dev-Online (39C831C9-5AE6-47DC-9A44-9C173E1C8E7C): 0
LogDevObjectVersion:   Dev-Physics (78F01B33-EBEA-4F98-B9B4-84EACCB95AA2): 2
LogDevObjectVersion:   Dev-Platform (6631380F-2D4D-43E0-8009-CF276956A95A): 0
LogDevObjectVersion:   Dev-Rendering (12F88B9F-8875-4AFC-A67C-D90C383ABD29): 36
LogDevObjectVersion:   Dev-Sequencer (7B5AE74C-D270-4C10-A958-57980B212A5A): 11
LogDevObjectVersion:   Dev-VR (D7296918-1DD6-4BDD-9DE2-64A83CC13884): 2
LogDevObjectVersion:   Dev-LoadTimes (C2A15278-BFE7-4AFE-6C17-90FF531DF755): 1
LogDevObjectVersion:   Private-Geometry (6EACA3D4-40EC-4CC1-B786-8BED09428FC5): 3
LogDevObjectVersion:   Dev-AnimPhys (29E575DD-E0A3-4627-9D10-D276232CDCEA): 17
LogDevObjectVersion:   Dev-Anim (AF43A65D-7FD3-4947-9873-3E8ED9C1BB05): 2
LogDevObjectVersion:   Dev-ReflectionCapture (6B266CEC-1EC7-4B8F-A30B-E4D90942FC07): 1
LogDevObjectVersion:   Dev-Automation (0DF73D61-A23F-47EA-B727-89E90C41499A): 1
LogDevObjectVersion:   FortniteMain (601D1886-AC64-4F84-AA16-D3DE0DEAC7D6): 31
LogDevObjectVersion:   Dev-Enterprise (9DFFBCD6-494F-0158-E221-12823C92A888): 8
LogDevObjectVersion:   Dev-Niagara (F2AED0AC-9AFE-416F-8664-AA7FFA26D6FC): 1
LogDevObjectVersion:   Dev-Destruction (174F1F0B-B4C6-45A5-B13F-2EE8D0FB917D): 9
LogDevObjectVersion:   Dev-Physics-Ext (35F94A83-E258-406C-A318-09F59610247C): 8
LogDevObjectVersion:   Dev-CineCamera (B2E18506-4273-CFC2-A54E-F4BB758BBA07): 1
LogInit: Presizing for max 25165824 objects, including 0 objects not considered by GC, pre-allocating 0 bytes for permanent pool.
LogInit: Object subsystem initialized
LogConfig: Setting CVar [[con.DebugEarlyDefault:1]]
LogConfig: Setting CVar [[r.setres:1280x720]]
[2021.09.18-11.44.06:577][  0]LogConfig: Setting CVar [[r.VSync:0]]
[2021.09.18-11.44.06:577][  0]LogConfig: Setting CVar [[r.RHICmdBypass:0]]
[2021.09.18-11.44.06:577][  0]LogConfig: Applying CVar settings from Section [/Script/Engine.RendererSettings] File [E:/Desktop/Documents -HDD/Assessment3AdvGamesDev/TwistedGrounds/Saved/Config/Windows/Engine.ini]
[2021.09.18-11.44.06:577][  0]LogConfig: Setting CVar [[r.GPUCrashDebugging:0]]
[2021.09.18-11.44.06:577][  0]LogConfig: Applying CVar settings from Section [/Script/Engine.RendererOverrideSettings] File [E:/Desktop/Documents -HDD/Assessment3AdvGamesDev/TwistedGrounds/Saved/Config/Windows/Engine.ini]
[2021.09.18-11.44.06:577][  0]LogConfig: Applying CVar settings from Section [/Script/Engine.StreamingSettings] File [E:/Desktop/Documents -HDD/Assessment3AdvGamesDev/TwistedGrounds/Saved/Config/Windows/Engine.ini]
[2021.09.18-11.44.06:577][  0]LogConfig: Setting CVar [[s.MinBulkDataSizeForAsyncLoading:131072]]
[2021.09.18-11.44.06:577][  0]LogConfig: Setting CVar [[s.AsyncLoadingThreadEnabled:0]]
[2021.09.18-11.44.06:577][  0]LogConfig: Setting CVar [[s.EventDrivenLoaderEnabled:1]]
[2021.09.18-11.44.06:577][  0]LogConfig: Setting CVar [[s.WarnIfTimeLimitExceeded:0]]
[2021.09.18-11.44.06:577][  0]LogConfig: Setting CVar [[s.TimeLimitExceededMultiplier:1.5]]
[2021.09.18-11.44.06:577][  0]LogConfig: Setting CVar [[s.TimeLimitExceededMinTime:0.005]]
[2021.09.18-11.44.06:577][  0]LogConfig: Setting CVar [[s.UseBackgroundLevelStreaming:1]]
[2021.09.18-11.44.06:577][  0]LogConfig: Setting CVar [[s.PriorityAsyncLoadingExtraTime:15.0]]
[2021.09.18-11.44.06:577][  0]LogConfig: Setting CVar [[s.LevelStreamingActorsUpdateTimeLimit:5.0]]
[2021.09.18-11.44.06:577][  0]LogConfig: Setting CVar [[s.PriorityLevelStreamingActorsUpdateExtraTime:5.0]]
[2021.09.18-11.44.06:577][  0]LogConfig: Setting CVar [[s.LevelStreamingComponentsRegistrationGranularity:10]]
[2021.09.18-11.44.06:577][  0]LogConfig: Setting CVar [[s.UnregisterComponentsTimeLimit:1.0]]
[2021.09.18-11.44.06:577][  0]LogConfig: Setting CVar [[s.LevelStreamingComponentsUnregistrationGranularity:5]]
[2021.09.18-11.44.06:577][  0]LogConfig: Setting CVar [[s.FlushStreamingOnExit:1]]
[2021.09.18-11.44.06:577][  0]LogConfig: Applying CVar settings from Section [/Script/Engine.GarbageCollectionSettings] File [E:/Desktop/Documents -HDD/Assessment3AdvGamesDev/TwistedGrounds/Saved/Config/Windows/Engine.ini]
[2021.09.18-11.44.06:577][  0]LogConfig: Setting CVar [[gc.MaxObjectsNotConsideredByGC:1]]
[2021.09.18-11.44.06:577][  0]LogConfig: Setting CVar [[gc.SizeOfPermanentObjectPool:0]]
[2021.09.18-11.44.06:577][  0]LogConfig: Setting CVar [[gc.FlushStreamingOnGC:0]]
[2021.09.18-11.44.06:577][  0]LogConfig: Setting CVar [[gc.NumRetriesBeforeForcingGC:10]]
[2021.09.18-11.44.06:577][  0]LogConfig: Setting CVar [[gc.AllowParallelGC:1]]
[2021.09.18-11.44.06:577][  0]LogConfig: Setting CVar [[gc.TimeBetweenPurgingPendingKillObjects:61.1]]
[2021.09.18-11.44.06:577][  0]LogConfig: Setting CVar [[gc.MaxObjectsInEditor:25165824]]
[2021.09.18-11.44.06:577][  0]LogConfig: Setting CVar [[gc.IncrementalBeginDestroyEnabled:1]]
[2021.09.18-11.44.06:577][  0]LogConfig: Setting CVar [[gc.CreateGCClusters:1]]
[2021.09.18-11.44.06:577][  0]LogConfig: Setting CVar [[gc.MinGCClusterSize:5]]
[2021.09.18-11.44.06:577][  0]LogConfig: Setting CVar [[gc.ActorClusteringEnabled:0]]
[2021.09.18-11.44.06:577][  0]LogConfig: Setting CVar [[gc.BlueprintClusteringEnabled:0]]
[2021.09.18-11.44.06:577][  0]LogConfig: Setting CVar [[gc.UseDisregardForGCOnDedicatedServers:0]]
[2021.09.18-11.44.06:577][  0]LogConfig: Applying CVar settings from Section [/Script/Engine.NetworkSettings] File [E:/Desktop/Documents -HDD/Assessment3AdvGamesDev/TwistedGrounds/Saved/Config/Windows/Engine.ini]
[2021.09.18-11.44.06:577][  0]LogConfig: Applying CVar settings from Section [/Script/UnrealEd.CookerSettings] File [E:/Desktop/Documents -HDD/Assessment3AdvGamesDev/TwistedGrounds/Saved/Config/Windows/Engine.ini]
[2021.09.18-11.44.06:587][  0]LogConfig: Applying CVar settings from Section [ViewDistanceQuality@3] File [E:/Desktop/Documents -HDD/Assessment3AdvGamesDev/TwistedGrounds/Saved/Config/Windows/Scalability.ini]
[2021.09.18-11.44.06:587][  0]LogConfig: Setting CVar [[r.SkeletalMeshLODBias:0]]
[2021.09.18-11.44.06:587][  0]LogConfig: Setting CVar [[r.ViewDistanceScale:1.0]]
[2021.09.18-11.44.06:587][  0]LogConfig: Applying CVar settings from Section [AntiAliasingQuality@3] File [E:/Desktop/Documents -HDD/Assessment3AdvGamesDev/TwistedGrounds/Saved/Config/Windows/Scalability.ini]
[2021.09.18-11.44.06:587][  0]LogConfig: Setting CVar [[r.PostProcessAAQuality:4]]
[2021.09.18-11.44.06:587][  0]LogConfig: Applying CVar settings from Section [ShadowQuality@3] File [E:/Desktop/Documents -HDD/Assessment3AdvGamesDev/TwistedGrounds/Saved/Config/Windows/Scalability.ini]
[2021.09.18-11.44.06:587][  0]LogConfig: Setting CVar [[r.LightFunctionQuality:1]]
[2021.09.18-11.44.06:587][  0]LogConfig: Setting CVar [[r.ShadowQuality:5]]
[2021.09.18-11.44.06:587][  0]LogConfig: Setting CVar [[r.Shadow.CSM.MaxCascades:10]]
[2021.09.18-11.44.06:587][  0]LogConfig: Setting CVar [[r.Shadow.MaxResolution:2048]]
[2021.09.18-11.44.06:587][  0]LogConfig: Setting CVar [[r.Shadow.MaxCSMResolution:2048]]
[2021.09.18-11.44.06:587][  0]LogConfig: Setting CVar [[r.Shadow.RadiusThreshold:0.01]]
[2021.09.18-11.44.06:587][  0]LogConfig: Setting CVar [[r.Shadow.DistanceScale:1.0]]
[2021.09.18-11.44.06:587][  0]LogConfig: Setting CVar [[r.Shadow.CSM.TransitionScale:1.0]]
[2021.09.18-11.44.06:587][  0]LogConfig: Setting CVar [[r.Shadow.PreShadowResolutionFactor:1.0]]
[2021.09.18-11.44.06:587][  0]LogConfig: Setting CVar [[r.DistanceFieldShadowing:1]]
[2021.09.18-11.44.06:587][  0]LogConfig: Setting CVar [[r.DistanceFieldAO:1]]
[2021.09.18-11.44.06:587][  0]LogConfig: Setting CVar [[r.AOQuality:2]]
[2021.09.18-11.44.06:587][  0]LogConfig: Setting CVar [[r.VolumetricFog:1]]
[2021.09.18-11.44.06:587][  0]LogConfig: Setting CVar [[r.VolumetricFog.GridPixelSize:8]]
[2021.09.18-11.44.06:587][  0]LogConfig: Setting CVar [[r.VolumetricFog.GridSizeZ:128]]
[2021.09.18-11.44.06:587][  0]LogConfig: Setting CVar [[r.VolumetricFog.HistoryMissSupersampleCount:4]]
[2021.09.18-11.44.06:587][  0]LogConfig: Setting CVar [[r.LightMaxDrawDistanceScale:1]]
[2021.09.18-11.44.06:587][  0]LogConfig: Setting CVar [[r.CapsuleShadows:1]]
[2021.09.18-11.44.06:587][  0]LogConfig: Applying CVar settings from Section [PostProcessQuality@3] File [E:/Desktop/Documents -HDD/Assessment3AdvGamesDev/TwistedGrounds/Saved/Config/Windows/Scalability.ini]
[2021.09.18-11.44.06:587][  0]LogConfig: Setting CVar [[r.MotionBlurQuality:4]]
[2021.09.18-11.44.06:587][  0]LogConfig: Setting CVar [[r.AmbientOcclusionMipLevelFactor:0.4]]
[2021.09.18-11.44.06:587][  0]LogConfig: Setting CVar [[r.AmbientOcclusionMaxQuality:100]]
[2021.09.18-11.44.06:587][  0]LogConfig: Setting CVar [[r.AmbientOcclusionLevels:-1]]
[2021.09.18-11.44.06:587][  0]LogConfig: Setting CVar [[r.AmbientOcclusionRadiusScale:1.0]]
[2021.09.18-11.44.06:587][  0]LogConfig: Setting CVar [[r.DepthOfFieldQuality:2]]
[2021.09.18-11.44.06:587][  0]LogConfig: Setting CVar [[r.RenderTargetPoolMin:400]]
[2021.09.18-11.44.06:587][  0]LogConfig: Setting CVar [[r.LensFlareQuality:2]]
[2021.09.18-11.44.06:587][  0]LogConfig: Setting CVar [[r.SceneColorFringeQuality:1]]
[2021.09.18-11.44.06:587][  0]LogConfig: Setting CVar [[r.EyeAdaptationQuality:2]]
[2021.09.18-11.44.06:587][  0]LogConfig: Setting CVar [[r.BloomQuality:5]]
[2021.09.18-11.44.06:587][  0]LogConfig: Setting CVar [[r.FastBlurThreshold:100]]
[2021.09.18-11.44.06:587][  0]LogConfig: Setting CVar [[r.Upscale.Quality:3]]
[2021.09.18-11.44.06:587][  0]LogConfig: Setting CVar [[r.Tonemapper.GrainQuantization:1]]
[2021.09.18-11.44.06:588][  0]LogConfig: Setting CVar [[r.LightShaftQuality:1]]
[2021.09.18-11.44.06:588][  0]LogConfig: Setting CVar [[r.Filter.SizeScale:1]]
[2021.09.18-11.44.06:588][  0]LogConfig: Setting CVar [[r.Tonemapper.Quality:5]]
[2021.09.18-11.44.06:588][  0]LogConfig: Setting CVar [[r.DOF.Gather.AccumulatorQuality:1        ; higher gathering accumulator quality]]
[2021.09.18-11.44.06:588][  0]LogConfig: Setting CVar [[r.DOF.Gather.PostfilterMethod:1          ; Median3x3 postfilering method]]
[2021.09.18-11.44.06:588][  0]LogConfig: Setting CVar [[r.DOF.Gather.EnableBokehSettings:0       ; no bokeh simulation when gathering]]
[2021.09.18-11.44.06:588][  0]LogConfig: Setting CVar [[r.DOF.Gather.RingCount:4                 ; medium number of samples when gathering]]
[2021.09.18-11.44.06:588][  0]LogConfig: Setting CVar [[r.DOF.Scatter.ForegroundCompositing:1    ; additive foreground scattering]]
[2021.09.18-11.44.06:588][  0]LogConfig: Setting CVar [[r.DOF.Scatter.BackgroundCompositing:2    ; additive background scattering]]
[2021.09.18-11.44.06:588][  0]LogConfig: Setting CVar [[r.DOF.Scatter.EnableBokehSettings:1      ; bokeh simulation when scattering]]
[2021.09.18-11.44.06:588][  0]LogConfig: Setting CVar [[r.DOF.Scatter.MaxSpriteRatio:0.1         ; only a maximum of 10% of scattered bokeh]]
[2021.09.18-11.44.06:588][  0]LogConfig: Setting CVar [[r.DOF.Recombine.Quality:1                ; cheap slight out of focus]]
[2021.09.18-11.44.06:588][  0]LogConfig: Setting CVar [[r.DOF.Recombine.EnableBokehSettings:0    ; no bokeh simulation on slight out of focus]]
[2021.09.18-11.44.06:588][  0]LogConfig: Setting CVar [[r.DOF.TemporalAAQuality:1                ; more stable temporal accumulation]]
[2021.09.18-11.44.06:588][  0]LogConfig: Setting CVar [[r.DOF.Kernel.MaxForegroundRadius:0.025]]
[2021.09.18-11.44.06:588][  0]LogConfig: Setting CVar [[r.DOF.Kernel.MaxBackgroundRadius:0.025]]
[2021.09.18-11.44.06:588][  0]LogConfig: Applying CVar settings from Section [TextureQuality@3] File [E:/Desktop/Documents -HDD/Assessment3AdvGamesDev/TwistedGrounds/Saved/Config/Windows/Scalability.ini]
[2021.09.18-11.44.06:588][  0]LogConfig: Setting CVar [[r.Streaming.MipBias:0]]
[2021.09.18-11.44.06:588][  0]LogConfig: Setting CVar [[r.Streaming.AmortizeCPUToGPUCopy:0]]
[2021.09.18-11.44.06:588][  0]LogConfig: Setting CVar [[r.Streaming.MaxNumTexturesToStreamPerFrame:0]]
[2021.09.18-11.44.06:588][  0]LogConfig: Setting CVar [[r.Streaming.Boost:1]]
[2021.09.18-11.44.06:588][  0]LogConfig: Setting CVar [[r.MaxAnisotropy:8]]
[2021.09.18-11.44.06:588][  0]LogConfig: Setting CVar [[r.VT.MaxAnisotropy:8]]
[2021.09.18-11.44.06:588][  0]LogConfig: Setting CVar [[r.Streaming.LimitPoolSizeToVRAM:0]]
[2021.09.18-11.44.06:588][  0]LogConfig: Setting CVar [[r.Streaming.PoolSize:1000]]
[2021.09.18-11.44.06:588][  0]LogConfig: Setting CVar [[r.Streaming.MaxEffectiveScreenSize:0]]
[2021.09.18-11.44.06:588][  0]LogConfig: Applying CVar settings from Section [EffectsQuality@3] File [E:/Desktop/Documents -HDD/Assessment3AdvGamesDev/TwistedGrounds/Saved/Config/Windows/Scalability.ini]
[2021.09.18-11.44.06:588][  0]LogConfig: Setting CVar [[r.TranslucencyLightingVolumeDim:64]]
[2021.09.18-11.44.06:588][  0]LogConfig: Setting CVar [[r.RefractionQuality:2]]
[2021.09.18-11.44.06:588][  0]LogConfig: Setting CVar [[r.SSR.Quality:3]]
[2021.09.18-11.44.06:588][  0]LogConfig: Setting CVar [[r.SSR.HalfResSceneColor:0]]
[2021.09.18-11.44.06:588][  0]LogConfig: Setting CVar [[r.SceneColorFormat:4]]
[2021.09.18-11.44.06:588][  0]LogConfig: Setting CVar [[r.DetailMode:2]]
[2021.09.18-11.44.06:588][  0]LogConfig: Setting CVar [[r.TranslucencyVolumeBlur:1]]
[2021.09.18-11.44.06:588][  0]LogConfig: Setting CVar [[r.MaterialQualityLevel:1 ; High quality]]
[2021.09.18-11.44.06:588][  0]LogConfig: Setting CVar [[r.SSS.Scale:1]]
[2021.09.18-11.44.06:588][  0]LogConfig: Setting CVar [[r.SSS.SampleSet:2]]
[2021.09.18-11.44.06:588][  0]LogConfig: Setting CVar [[r.SSS.Quality:1]]
[2021.09.18-11.44.06:588][  0]LogConfig: Setting CVar [[r.SSS.HalfRes:1]]
[2021.09.18-11.44.06:588][  0]LogConfig: Setting CVar [[r.SSGI.Quality:3]]
[2021.09.18-11.44.06:588][  0]LogConfig: Setting CVar [[r.EmitterSpawnRateScale:1.0]]
[2021.09.18-11.44.06:588][  0]LogConfig: Setting CVar [[r.ParticleLightQuality:2]]
[2021.09.18-11.44.06:588][  0]LogConfig: Setting CVar [[r.SkyAtmosphere.AerialPerspectiveLUT.FastApplyOnOpaque:1 ; Always have FastSkyLUT 1 in this case to avoid wrong sky]]
[2021.09.18-11.44.06:588][  0]LogConfig: Setting CVar [[r.SkyAtmosphere.AerialPerspectiveLUT.SampleCountPerSlice:1]]
[2021.09.18-11.44.06:588][  0]LogConfig: Setting CVar [[r.SkyAtmosphere.AerialPerspectiveLUT.DepthResolution:16.0]]
[2021.09.18-11.44.06:588][  0]LogConfig: Setting CVar [[r.SkyAtmosphere.FastSkyLUT:1]]
[2021.09.18-11.44.06:588][  0]LogConfig: Setting CVar [[r.SkyAtmosphere.FastSkyLUT.SampleCountMin:4.0]]
[2021.09.18-11.44.06:588][  0]LogConfig: Setting CVar [[r.SkyAtmosphere.FastSkyLUT.SampleCountMax:32.0]]
[2021.09.18-11.44.06:588][  0]LogConfig: Setting CVar [[r.SkyAtmosphere.SampleCountMin:4.0]]
[2021.09.18-11.44.06:588][  0]LogConfig: Setting CVar [[r.SkyAtmosphere.SampleCountMax:32.0]]
[2021.09.18-11.44.06:588][  0]LogConfig: Setting CVar [[r.SkyAtmosphere.TransmittanceLUT.UseSmallFormat:0]]
[2021.09.18-11.44.06:588][  0]LogConfig: Setting CVar [[r.SkyAtmosphere.TransmittanceLUT.SampleCount:10.0]]
[2021.09.18-11.44.06:588][  0]LogConfig: Setting CVar [[r.SkyAtmosphere.MultiScatteringLUT.SampleCount:15.0]]
[2021.09.18-11.44.06:588][  0]LogConfig: Applying CVar settings from Section [FoliageQuality@3] File [E:/Desktop/Documents -HDD/Assessment3AdvGamesDev/TwistedGrounds/Saved/Config/Windows/Scalability.ini]
[2021.09.18-11.44.06:588][  0]LogConfig: Setting CVar [[foliage.DensityScale:1.0]]
[2021.09.18-11.44.06:588][  0]LogConfig: Setting CVar [[grass.DensityScale:1.0]]
[2021.09.18-11.44.06:588][  0]LogConfig: Applying CVar settings from Section [ShadingQuality@3] File [E:/Desktop/Documents -HDD/Assessment3AdvGamesDev/TwistedGrounds/Saved/Config/Windows/Scalability.ini]
[2021.09.18-11.44.06:588][  0]LogConfig: Setting CVar [[r.HairStrands.SkyLighting.SampleCount:16]]
[2021.09.18-11.44.06:588][  0]LogConfig: Setting CVar [[r.HairStrands.SkyLighting.JitterIntegration:0]]
[2021.09.18-11.44.06:588][  0]LogConfig: Setting CVar [[r.HairStrands.SkyAO.SampleCount:16]]
[2021.09.18-11.44.06:588][  0]LogInit: Selected Device Profile: [Windows]
[2021.09.18-11.44.06:588][  0]LogInit: Applying CVar settings loaded from the selected device profile: [Windows]
[2021.09.18-11.44.06:593][  0]LogHAL: Display: Platform has ~ 16 GB [17128230912 / 17179869184 / 16], which maps to Larger [LargestMinGB=32, LargerMinGB=12, DefaultMinGB=8, SmallerMinGB=6, SmallestMinGB=0)
[2021.09.18-11.44.06:593][  0]LogInit: Going up to parent DeviceProfile []
[2021.09.18-11.44.06:593][  0]LogConfig: Applying CVar settings from Section [ViewDistanceQuality@3] File [E:/Desktop/Documents -HDD/Assessment3AdvGamesDev/TwistedGrounds/Saved/Config/Windows/Scalability.ini]
[2021.09.18-11.44.06:593][  0]LogConfig: Setting CVar [[r.SkeletalMeshLODBias:0]]
[2021.09.18-11.44.06:593][  0]LogConfig: Setting CVar [[r.ViewDistanceScale:1.0]]
[2021.09.18-11.44.06:593][  0]LogConfig: Applying CVar settings from Section [AntiAliasingQuality@3] File [E:/Desktop/Documents -HDD/Assessment3AdvGamesDev/TwistedGrounds/Saved/Config/Windows/Scalability.ini]
[2021.09.18-11.44.06:593][  0]LogConfig: Setting CVar [[r.PostProcessAAQuality:4]]
[2021.09.18-11.44.06:593][  0]LogConfig: Applying CVar settings from Section [ShadowQuality@3] File [E:/Desktop/Documents -HDD/Assessment3AdvGamesDev/TwistedGrounds/Saved/Config/Windows/Scalability.ini]
[2021.09.18-11.44.06:593][  0]LogConfig: Setting CVar [[r.LightFunctionQuality:1]]
[2021.09.18-11.44.06:593][  0]LogConfig: Setting CVar [[r.ShadowQuality:5]]
[2021.09.18-11.44.06:593][  0]LogConfig: Setting CVar [[r.Shadow.CSM.MaxCascades:10]]
[2021.09.18-11.44.06:593][  0]LogConfig: Setting CVar [[r.Shadow.MaxResolution:2048]]
[2021.09.18-11.44.06:593][  0]LogConfig: Setting CVar [[r.Shadow.MaxCSMResolution:2048]]
[2021.09.18-11.44.06:593][  0]LogConfig: Setting CVar [[r.Shadow.RadiusThreshold:0.01]]
[2021.09.18-11.44.06:593][  0]LogConfig: Setting CVar [[r.Shadow.DistanceScale:1.0]]
[2021.09.18-11.44.06:593][  0]LogConfig: Setting CVar [[r.Shadow.CSM.TransitionScale:1.0]]
[2021.09.18-11.44.06:593][  0]LogConfig: Setting CVar [[r.Shadow.PreShadowResolutionFactor:1.0]]
[2021.09.18-11.44.06:593][  0]LogConfig: Setting CVar [[r.DistanceFieldShadowing:1]]
[2021.09.18-11.44.06:593][  0]LogConfig: Setting CVar [[r.DistanceFieldAO:1]]
[2021.09.18-11.44.06:593][  0]LogConfig: Setting CVar [[r.AOQuality:2]]
[2021.09.18-11.44.06:593][  0]LogConfig: Setting CVar [[r.VolumetricFog:1]]
[2021.09.18-11.44.06:593][  0]LogConfig: Setting CVar [[r.VolumetricFog.GridPixelSize:8]]
[2021.09.18-11.44.06:593][  0]LogConfig: Setting CVar [[r.VolumetricFog.GridSizeZ:128]]
[2021.09.18-11.44.06:593][  0]LogConfig: Setting CVar [[r.VolumetricFog.HistoryMissSupersampleCount:4]]
[2021.09.18-11.44.06:593][  0]LogConfig: Setting CVar [[r.LightMaxDrawDistanceScale:1]]
[2021.09.18-11.44.06:593][  0]LogConfig: Setting CVar [[r.CapsuleShadows:1]]
[2021.09.18-11.44.06:593][  0]LogConfig: Applying CVar settings from Section [PostProcessQuality@3] File [E:/Desktop/Documents -HDD/Assessment3AdvGamesDev/TwistedGrounds/Saved/Config/Windows/Scalability.ini]
[2021.09.18-11.44.06:593][  0]LogConfig: Setting CVar [[r.MotionBlurQuality:4]]
[2021.09.18-11.44.06:593][  0]LogConfig: Setting CVar [[r.AmbientOcclusionMipLevelFactor:0.4]]
[2021.09.18-11.44.06:593][  0]LogConfig: Setting CVar [[r.AmbientOcclusionMaxQuality:100]]
[2021.09.18-11.44.06:593][  0]LogConfig: Setting CVar [[r.AmbientOcclusionLevels:-1]]
[2021.09.18-11.44.06:593][  0]LogConfig: Setting CVar [[r.AmbientOcclusionRadiusScale:1.0]]
[2021.09.18-11.44.06:593][  0]LogConfig: Setting CVar [[r.DepthOfFieldQuality:2]]
[2021.09.18-11.44.06:593][  0]LogConfig: Setting CVar [[r.RenderTargetPoolMin:400]]
[2021.09.18-11.44.06:593][  0]LogConfig: Setting CVar [[r.LensFlareQuality:2]]
[2021.09.18-11.44.06:593][  0]LogConfig: Setting CVar [[r.SceneColorFringeQuality:1]]
[2021.09.18-11.44.06:593][  0]LogConfig: Setting CVar [[r.EyeAdaptationQuality:2]]
[2021.09.18-11.44.06:593][  0]LogConfig: Setting CVar [[r.BloomQuality:5]]
[2021.09.18-11.44.06:593][  0]LogConfig: Setting CVar [[r.FastBlurThreshold:100]]
[2021.09.18-11.44.06:593][  0]LogConfig: Setting CVar [[r.Upscale.Quality:3]]
[2021.09.18-11.44.06:593][  0]LogConfig: Setting CVar [[r.Tonemapper.GrainQuantization:1]]
[2021.09.18-11.44.06:593][  0]LogConfig: Setting CVar [[r.LightShaftQuality:1]]
[2021.09.18-11.44.06:593][  0]LogConfig: Setting CVar [[r.Filter.SizeScale:1]]
[2021.09.18-11.44.06:593][  0]LogConfig: Setting CVar [[r.Tonemapper.Quality:5]]
[2021.09.18-11.44.06:593][  0]LogConfig: Setting CVar [[r.DOF.Gather.AccumulatorQuality:1        ; higher gathering accumulator quality]]
[2021.09.18-11.44.06:593][  0]LogConfig: Setting CVar [[r.DOF.Gather.PostfilterMethod:1          ; Median3x3 postfilering method]]
[2021.09.18-11.44.06:593][  0]LogConfig: Setting CVar [[r.DOF.Gather.EnableBokehSettings:0       ; no bokeh simulation when gathering]]
[2021.09.18-11.44.06:593][  0]LogConfig: Setting CVar [[r.DOF.Gather.RingCount:4                 ; medium number of samples when gathering]]
[2021.09.18-11.44.06:593][  0]LogConfig: Setting CVar [[r.DOF.Scatter.ForegroundCompositing:1    ; additive foreground scattering]]
[2021.09.18-11.44.06:593][  0]LogConfig: Setting CVar [[r.DOF.Scatter.BackgroundCompositing:2    ; additive background scattering]]
[2021.09.18-11.44.06:593][  0]LogConfig: Setting CVar [[r.DOF.Scatter.EnableBokehSettings:1      ; bokeh simulation when scattering]]
[2021.09.18-11.44.06:593][  0]LogConfig: Setting CVar [[r.DOF.Scatter.MaxSpriteRatio:0.1         ; only a maximum of 10% of scattered bokeh]]
[2021.09.18-11.44.06:593][  0]LogConfig: Setting CVar [[r.DOF.Recombine.Quality:1                ; cheap slight out of focus]]
[2021.09.18-11.44.06:593][  0]LogConfig: Setting CVar [[r.DOF.Recombine.EnableBokehSettings:0    ; no bokeh simulation on slight out of focus]]
[2021.09.18-11.44.06:593][  0]LogConfig: Setting CVar [[r.DOF.TemporalAAQuality:1                ; more stable temporal accumulation]]
[2021.09.18-11.44.06:593][  0]LogConfig: Setting CVar [[r.DOF.Kernel.MaxForegroundRadius:0.025]]
[2021.09.18-11.44.06:593][  0]LogConfig: Setting CVar [[r.DOF.Kernel.MaxBackgroundRadius:0.025]]
[2021.09.18-11.44.06:593][  0]LogConfig: Applying CVar settings from Section [TextureQuality@3] File [E:/Desktop/Documents -HDD/Assessment3AdvGamesDev/TwistedGrounds/Saved/Config/Windows/Scalability.ini]
[2021.09.18-11.44.06:593][  0]LogConfig: Setting CVar [[r.Streaming.MipBias:0]]
[2021.09.18-11.44.06:593][  0]LogConfig: Setting CVar [[r.Streaming.AmortizeCPUToGPUCopy:0]]
[2021.09.18-11.44.06:593][  0]LogConfig: Setting CVar [[r.Streaming.MaxNumTexturesToStreamPerFrame:0]]
[2021.09.18-11.44.06:593][  0]LogConfig: Setting CVar [[r.Streaming.Boost:1]]
[2021.09.18-11.44.06:593][  0]LogConfig: Setting CVar [[r.MaxAnisotropy:8]]
[2021.09.18-11.44.06:593][  0]LogConfig: Setting CVar [[r.VT.MaxAnisotropy:8]]
[2021.09.18-11.44.06:594][  0]LogConfig: Setting CVar [[r.Streaming.LimitPoolSizeToVRAM:0]]
[2021.09.18-11.44.06:594][  0]LogConfig: Setting CVar [[r.Streaming.PoolSize:1000]]
[2021.09.18-11.44.06:594][  0]LogConfig: Setting CVar [[r.Streaming.MaxEffectiveScreenSize:0]]
[2021.09.18-11.44.06:594][  0]LogConfig: Applying CVar settings from Section [EffectsQuality@3] File [E:/Desktop/Documents -HDD/Assessment3AdvGamesDev/TwistedGrounds/Saved/Config/Windows/Scalability.ini]
[2021.09.18-11.44.06:594][  0]LogConfig: Setting CVar [[r.TranslucencyLightingVolumeDim:64]]
[2021.09.18-11.44.06:594][  0]LogConfig: Setting CVar [[r.RefractionQuality:2]]
[2021.09.18-11.44.06:594][  0]LogConfig: Setting CVar [[r.SSR.Quality:3]]
[2021.09.18-11.44.06:594][  0]LogConfig: Setting CVar [[r.SSR.HalfResSceneColor:0]]
[2021.09.18-11.44.06:594][  0]LogConfig: Setting CVar [[r.SceneColorFormat:4]]
[2021.09.18-11.44.06:594][  0]LogConfig: Setting CVar [[r.DetailMode:2]]
[2021.09.18-11.44.06:594][  0]LogConfig: Setting CVar [[r.TranslucencyVolumeBlur:1]]
[2021.09.18-11.44.06:594][  0]LogConfig: Setting CVar [[r.MaterialQualityLevel:1 ; High quality]]
[2021.09.18-11.44.06:594][  0]LogConfig: Setting CVar [[r.SSS.Scale:1]]
[2021.09.18-11.44.06:594][  0]LogConfig: Setting CVar [[r.SSS.SampleSet:2]]
[2021.09.18-11.44.06:594][  0]LogConfig: Setting CVar [[r.SSS.Quality:1]]
[2021.09.18-11.44.06:594][  0]LogConfig: Setting CVar [[r.SSS.HalfRes:1]]
[2021.09.18-11.44.06:594][  0]LogConfig: Setting CVar [[r.SSGI.Quality:3]]
[2021.09.18-11.44.06:594][  0]LogConfig: Setting CVar [[r.EmitterSpawnRateScale:1.0]]
[2021.09.18-11.44.06:594][  0]LogConfig: Setting CVar [[r.ParticleLightQuality:2]]
[2021.09.18-11.44.06:594][  0]LogConfig: Setting CVar [[r.SkyAtmosphere.AerialPerspectiveLUT.FastApplyOnOpaque:1 ; Always have FastSkyLUT 1 in this case to avoid wrong sky]]
[2021.09.18-11.44.06:594][  0]LogConfig: Setting CVar [[r.SkyAtmosphere.AerialPerspectiveLUT.SampleCountPerSlice:1]]
[2021.09.18-11.44.06:594][  0]LogConfig: Setting CVar [[r.SkyAtmosphere.AerialPerspectiveLUT.DepthResolution:16.0]]
[2021.09.18-11.44.06:594][  0]LogConfig: Setting CVar [[r.SkyAtmosphere.FastSkyLUT:1]]
[2021.09.18-11.44.06:594][  0]LogConfig: Setting CVar [[r.SkyAtmosphere.FastSkyLUT.SampleCountMin:4.0]]
[2021.09.18-11.44.06:594][  0]LogConfig: Setting CVar [[r.SkyAtmosphere.FastSkyLUT.SampleCountMax:32.0]]
[2021.09.18-11.44.06:594][  0]LogConfig: Setting CVar [[r.SkyAtmosphere.SampleCountMin:4.0]]
[2021.09.18-11.44.06:594][  0]LogConfig: Setting CVar [[r.SkyAtmosphere.SampleCountMax:32.0]]
[2021.09.18-11.44.06:594][  0]LogConfig: Setting CVar [[r.SkyAtmosphere.TransmittanceLUT.UseSmallFormat:0]]
[2021.09.18-11.44.06:594][  0]LogConfig: Setting CVar [[r.SkyAtmosphere.TransmittanceLUT.SampleCount:10.0]]
[2021.09.18-11.44.06:594][  0]LogConfig: Setting CVar [[r.SkyAtmosphere.MultiScatteringLUT.SampleCount:15.0]]
[2021.09.18-11.44.06:594][  0]LogConfig: Applying CVar settings from Section [FoliageQuality@3] File [E:/Desktop/Documents -HDD/Assessment3AdvGamesDev/TwistedGrounds/Saved/Config/Windows/Scalability.ini]
[2021.09.18-11.44.06:594][  0]LogConfig: Setting CVar [[foliage.DensityScale:1.0]]
[2021.09.18-11.44.06:594][  0]LogConfig: Setting CVar [[grass.DensityScale:1.0]]
[2021.09.18-11.44.06:594][  0]LogConfig: Applying CVar settings from Section [ShadingQuality@3] File [E:/Desktop/Documents -HDD/Assessment3AdvGamesDev/TwistedGrounds/Saved/Config/Windows/Scalability.ini]
[2021.09.18-11.44.06:594][  0]LogConfig: Setting CVar [[r.HairStrands.SkyLighting.SampleCount:16]]
[2021.09.18-11.44.06:594][  0]LogConfig: Setting CVar [[r.HairStrands.SkyLighting.JitterIntegration:0]]
[2021.09.18-11.44.06:594][  0]LogConfig: Setting CVar [[r.HairStrands.SkyAO.SampleCount:16]]
[2021.09.18-11.44.06:594][  0]LogConfig: Applying CVar settings from Section [Startup] File [../../../Engine/Config/ConsoleVariables.ini]
[2021.09.18-11.44.06:594][  0]LogConfig: Setting CVar [[net.UseAdaptiveNetUpdateFrequency:0]]
[2021.09.18-11.44.06:594][  0]LogConfig: Setting CVar [[p.chaos.AllowCreatePhysxBodies:1]]
[2021.09.18-11.44.06:594][  0]LogConfig: Applying CVar settings from Section [ConsoleVariables] File [E:/Desktop/Documents -HDD/Assessment3AdvGamesDev/TwistedGrounds/Saved/Config/Windows/Engine.ini]
[2021.09.18-11.44.06:594][  0]LogInit: Computer: MAKAR
[2021.09.18-11.44.06:594][  0]LogInit: User: joshsaad
[2021.09.18-11.44.06:594][  0]LogInit: CPU Page size=4096, Cores=8
[2021.09.18-11.44.06:594][  0]LogInit: High frequency timer resolution =10.000000 MHz
[2021.09.18-11.44.06:595][  0]LogMemory: Memory total: Physical=16.0GB (16GB approx)
[2021.09.18-11.44.06:595][  0]LogMemory: Platform Memory Stats for Windows
[2021.09.18-11.44.06:595][  0]LogMemory: Process Physical Memory: 113.13 MB used, 113.13 MB peak
[2021.09.18-11.44.06:595][  0]LogMemory: Process Virtual Memory: 109.23 MB used, 109.23 MB peak
[2021.09.18-11.44.06:595][  0]LogMemory: Physical Memory: 11000.03 MB used,  5334.73 MB free, 16334.75 MB total
[2021.09.18-11.44.06:595][  0]LogMemory: Virtual Memory: 5204.84 MB used,  134212520.00 MB free, 134217728.00 MB total
[2021.09.18-11.44.06:599][  0]LogWindows: WindowsPlatformFeatures enabled
[2021.09.18-11.44.06:652][  0]LogInit: Using OS detected language (en-GB).
[2021.09.18-11.44.06:652][  0]LogInit: Using OS detected locale (en-AU).
[2021.09.18-11.44.06:654][  0]LogTextLocalizationManager: No specific localization for 'en-GB' exists, so the 'en' localization will be used.
[2021.09.18-11.44.06:875][  0]LogInit: Setting process to per monitor DPI aware
[2021.09.18-11.44.06:934][  0]LogSlate: New Slate User Created.  User Index 0, Is Virtual User: 0
[2021.09.18-11.44.06:934][  0]LogSlate: Slate User Registered.  User Index 0, Is Virtual User: 0
[2021.09.18-11.44.07:174][  0]LogHMD: Failed to initialize OpenVR with code 112
[2021.09.18-11.44.07:174][  0]LogD3D11RHI: D3D11 min allowed feature level: 11_0
[2021.09.18-11.44.07:174][  0]LogD3D11RHI: D3D11 max allowed feature level: 11_0
[2021.09.18-11.44.07:174][  0]LogD3D11RHI: D3D11 adapters:
[2021.09.18-11.44.07:277][  0]LogD3D11RHI:    0. 'NVIDIA GeForce GTX 1080' (Feature Level 11_0)
[2021.09.18-11.44.07:277][  0]LogD3D11RHI:       8079/0/8167 MB DedicatedVideo/DedicatedSystem/SharedSystem, Outputs:3, VendorId:0x10de
[2021.09.18-11.44.07:280][  0]LogD3D11RHI:    1. 'Microsoft Basic Render Driver' (Feature Level 11_0)
[2021.09.18-11.44.07:280][  0]LogD3D11RHI:       0/0/8167 MB DedicatedVideo/DedicatedSystem/SharedSystem, Outputs:0, VendorId:0x1414
[2021.09.18-11.44.07:280][  0]LogD3D11RHI: Chosen D3D11 Adapter: 0
[2021.09.18-11.44.07:293][  0]LogD3D11RHI: Creating new Direct3DDevice
[2021.09.18-11.44.07:293][  0]LogD3D11RHI:     GPU DeviceId: 0x1b80 (for the marketing name, search the web for "GPU Device Id")
[2021.09.18-11.44.07:293][  0]LogWindows: EnumDisplayDevices:
[2021.09.18-11.44.07:293][  0]LogWindows:    0. 'NVIDIA GeForce GTX 1080' (P:1 D:1)
[2021.09.18-11.44.07:293][  0]LogWindows:    1. 'NVIDIA GeForce GTX 1080' (P:0 D:1)
[2021.09.18-11.44.07:294][  0]LogWindows:    2. 'NVIDIA GeForce GTX 1080' (P:0 D:1)
[2021.09.18-11.44.07:294][  0]LogWindows:    3. 'NVIDIA GeForce GTX 1080' (P:0 D:0)
[2021.09.18-11.44.07:294][  0]LogWindows: DebugString: FoundDriverCount:4 
[2021.09.18-11.44.07:294][  0]LogD3D11RHI:     Adapter Name: NVIDIA GeForce GTX 1080
[2021.09.18-11.44.07:294][  0]LogD3D11RHI:   Driver Version: 471.68 (internal:30.0.14.7168, unified:471.68)
[2021.09.18-11.44.07:294][  0]LogD3D11RHI:      Driver Date: 8-5-2021
[2021.09.18-11.44.07:294][  0]LogRHI: Texture pool is 5655 MB (70% of 8079 MB)
[2021.09.18-11.44.07:381][  0]LogD3D11RHI: RHI has support for 64 bit atomics
[2021.09.18-11.44.07:381][  0]LogD3D11RHI: Async texture creation enabled
[2021.09.18-11.44.07:404][  0]LogD3D11RHI: GPU Timing Frequency: 1000.000000 (Debug: 2 1)
[2021.09.18-11.44.07:804][  0]LogTargetPlatformManager: Display: Loaded TargetPlatform 'AllDesktop'
[2021.09.18-11.44.07:839][  0]LogTargetPlatformManager: Display: Loaded TargetPlatform 'Android'
[2021.09.18-11.44.07:839][  0]LogTargetPlatformManager: Display: Loaded TargetPlatform 'Android_ASTC'
[2021.09.18-11.44.07:839][  0]LogTargetPlatformManager: Display: Loaded TargetPlatform 'Android_ATC'
[2021.09.18-11.44.07:839][  0]LogTargetPlatformManager: Display: Loaded TargetPlatform 'Android_DXT'
[2021.09.18-11.44.07:839][  0]LogTargetPlatformManager: Display: Loaded TargetPlatform 'Android_ETC1'
[2021.09.18-11.44.07:839][  0]LogTargetPlatformManager: Display: Loaded TargetPlatform 'Android_ETC1a'
[2021.09.18-11.44.07:839][  0]LogTargetPlatformManager: Display: Loaded TargetPlatform 'Android_ETC2'
[2021.09.18-11.44.07:839][  0]LogTargetPlatformManager: Display: Loaded TargetPlatform 'Android_PVRTC'
[2021.09.18-11.44.07:839][  0]LogTargetPlatformManager: Display: Loaded TargetPlatform 'AndroidClient'
[2021.09.18-11.44.07:839][  0]LogTargetPlatformManager: Display: Loaded TargetPlatform 'Android_ASTCClient'
[2021.09.18-11.44.07:839][  0]LogTargetPlatformManager: Display: Loaded TargetPlatform 'Android_ATCClient'
[2021.09.18-11.44.07:839][  0]LogTargetPlatformManager: Display: Loaded TargetPlatform 'Android_DXTClient'
[2021.09.18-11.44.07:839][  0]LogTargetPlatformManager: Display: Loaded TargetPlatform 'Android_ETC1Client'
[2021.09.18-11.44.07:839][  0]LogTargetPlatformManager: Display: Loaded TargetPlatform 'Android_ETC1aClient'
[2021.09.18-11.44.07:839][  0]LogTargetPlatformManager: Display: Loaded TargetPlatform 'Android_ETC2Client'
[2021.09.18-11.44.07:839][  0]LogTargetPlatformManager: Display: Loaded TargetPlatform 'Android_PVRTCClient'
[2021.09.18-11.44.07:839][  0]LogTargetPlatformManager: Display: Loaded TargetPlatform 'Android_Multi'
[2021.09.18-11.44.07:839][  0]LogTargetPlatformManager: Display: Loaded TargetPlatform 'Android_MultiClient'
[2021.09.18-11.44.07:863][  0]LogTargetPlatformManager: Display: Loaded TargetPlatform 'IOSClient'
[2021.09.18-11.44.07:863][  0]LogTargetPlatformManager: Display: Loaded TargetPlatform 'IOS'
[2021.09.18-11.44.07:873][  0]LogTargetPlatformManager: Display: Loaded TargetPlatform 'LinuxNoEditor'
[2021.09.18-11.44.07:883][  0]LogTargetPlatformManager: Display: Loaded TargetPlatform 'LinuxClient'
[2021.09.18-11.44.07:892][  0]LogTargetPlatformManager: Display: Loaded TargetPlatform 'LinuxServer'
[2021.09.18-11.44.07:902][  0]LogTargetPlatformManager: Display: Loaded TargetPlatform 'LinuxAArch64NoEditor'
[2021.09.18-11.44.07:913][  0]LogTargetPlatformManager: Display: Loaded TargetPlatform 'LinuxAArch64Client'
[2021.09.18-11.44.07:923][  0]LogTargetPlatformManager: Display: Loaded TargetPlatform 'LinuxAArch64Server'
[2021.09.18-11.44.07:956][  0]LogTargetPlatformManager: Display: Loaded TargetPlatform 'Lumin'
[2021.09.18-11.44.07:956][  0]LogTargetPlatformManager: Display: Loaded TargetPlatform 'LuminClient'
[2021.09.18-11.44.07:975][  0]LogTargetPlatformManager: Display: Loaded TargetPlatform 'TVOSClient'
[2021.09.18-11.44.07:975][  0]LogTargetPlatformManager: Display: Loaded TargetPlatform 'TVOS'
[2021.09.18-11.44.07:985][  0]LogTargetPlatformManager: Display: Loaded TargetPlatform 'WindowsNoEditor'
[2021.09.18-11.44.07:995][  0]LogTargetPlatformManager: Display: Loaded TargetPlatform 'Windows'
[2021.09.18-11.44.08:005][  0]LogTargetPlatformManager: Display: Loaded TargetPlatform 'WindowsClient'
[2021.09.18-11.44.08:014][  0]LogTargetPlatformManager: Display: Loaded TargetPlatform 'WindowsServer'
[2021.09.18-11.44.08:014][  0]LogTargetPlatformManager: Display: Building Assets For Windows
[2021.09.18-11.44.08:019][  0]LogAudioDebug: Display: Lib vorbis DLL was dynamically loaded.
[2021.09.18-11.44.08:059][  0]LogShaderCompilers: Guid format shader working directory is -13 characters bigger than the processId version (E:/Desktop/Documents -HDD/Assessment3AdvGamesDev/TwistedGrounds/Intermediate/Shaders/WorkingDirectory/4976/).
[2021.09.18-11.44.08:060][  0]LogShaderCompilers: Cleaned the shader compiler working directory 'C:/Users/josh.saad/AppData/Local/Temp/UnrealShaderWorkingDir/7E585E3244EB8E16835344B7F770B143/'.
[2021.09.18-11.44.08:060][  0]LogXGEController: Cleaning working directory: C:/Users/josh.saad/AppData/Local/Temp/UnrealXGEWorkingDir/
[2021.09.18-11.44.08:061][  0]LogXGEController: Cannot use XGE Controller as Incredibuild is not installed on this machine.
[2021.09.18-11.44.08:061][  0]LogShaderCompilers: Cannot use XGE Shader Compiler as Incredibuild is not installed on this machine.
[2021.09.18-11.44.08:061][  0]LogShaderCompilers: Display: Using Local Shader Compiler.
[2021.09.18-11.44.08:773][  0]LogDerivedDataCache: Display: Max Cache Size: 512 MB
[2021.09.18-11.44.08:829][  0]LogDerivedDataCache: Loaded boot cache 0.06s 84MB C:/Users/josh.saad/AppData/Local/UnrealEngine/4.24/DerivedDataCache/Boot.ddc.
[2021.09.18-11.44.08:830][  0]LogDerivedDataCache: Display: Loaded Boot cache: C:/Users/josh.saad/AppData/Local/UnrealEngine/4.24/DerivedDataCache/Boot.ddc
[2021.09.18-11.44.08:830][  0]LogDerivedDataCache: FDerivedDataBackendGraph:  Pak pak cache file E:/Desktop/Documents -HDD/Assessment3AdvGamesDev/TwistedGrounds/DerivedDataCache/DDC.ddp not found, will not use a pak cache.
[2021.09.18-11.44.08:830][  0]LogDerivedDataCache: Unable to find inner node Pak for hierarchical cache Hierarchy.
[2021.09.18-11.44.08:830][  0]LogDerivedDataCache: FDerivedDataBackendGraph:  CompressedPak pak cache file E:/Desktop/Documents -HDD/Assessment3AdvGamesDev/TwistedGrounds/DerivedDataCache/Compressed.ddp not found, will not use a pak cache.
[2021.09.18-11.44.08:830][  0]LogDerivedDataCache: Unable to find inner node CompressedPak for hierarchical cache Hierarchy.
[2021.09.18-11.44.08:840][  0]LogDerivedDataCache: Display: Pak cache opened for reading ../../../Engine/DerivedDataCache/Compressed.ddp.
[2021.09.18-11.44.08:840][  0]LogDerivedDataCache: FDerivedDataBackendGraph:  EnterprisePak pak cache file ../../../Enterprise/DerivedDataCache/Compressed.ddp not found, will not use a pak cache.
[2021.09.18-11.44.08:840][  0]LogDerivedDataCache: Unable to find inner node EnterprisePak for hierarchical cache Hierarchy.
[2021.09.18-11.44.08:842][  0]LogDerivedDataCache: Using Local data cache path C:/Users/josh.saad/AppData/Local/UnrealEngine/Common/DerivedDataCache: Writable
[2021.09.18-11.44.08:842][  0]LogDerivedDataCache: Shared data cache path not found in *engine.ini, will not use an Shared cache.
[2021.09.18-11.44.08:842][  0]LogDerivedDataCache: Unable to find inner node Shared for hierarchical cache Hierarchy.
[2021.09.18-11.44.08:867][  0]LogMaterial: Verifying Global Shaders for PCD3D_SM5
[2021.09.18-11.44.08:870][  0]LogSlate: Using FreeType 2.10.0
[2021.09.18-11.44.08:870][  0]LogSlate: SlateFontServices - WITH_FREETYPE: 1, WITH_HARFBUZZ: 1
[2021.09.18-11.44.08:934][  0]LogAssetRegistry: FAssetRegistry took 0.0028 seconds to start up
[2021.09.18-11.44.09:250][  0]LogInit: Selected Device Profile: [Windows]
[2021.09.18-11.44.09:410][  0]LogMeshReduction: Using QuadricMeshReduction for automatic static mesh reduction
[2021.09.18-11.44.09:411][  0]LogMeshReduction: Using SimplygonMeshReduction for automatic skeletal mesh reduction
[2021.09.18-11.44.09:411][  0]LogMeshReduction: Using ProxyLODMeshReduction for automatic mesh merging
[2021.09.18-11.44.09:411][  0]LogMeshReduction: No distributed automatic mesh merging module available
[2021.09.18-11.44.09:411][  0]LogMeshMerging: No distributed automatic mesh merging module available
[2021.09.18-11.44.09:432][  0]LogNetVersion: TwistedGrounds 1.0.0, NetCL: 10570792, EngineNetVer: 13, GameNetVer: 0 (Checksum: 1880475918)
[2021.09.18-11.44.10:621][  0]LogPackageLocalizationCache: Processed 10 localized package path(s) for 1 prioritized culture(s) in 0.058545 seconds
[2021.09.18-11.44.10:629][  0]LogUObjectArray: 46750 objects as part of root set at end of initial load.
[2021.09.18-11.44.10:629][  0]LogUObjectAllocator: 8137160 out of 0 bytes used by permanent object pool.
[2021.09.18-11.44.10:629][  0]LogUObjectArray: CloseDisregardForGC: 0/0 objects in disregard for GC pool
[2021.09.18-11.44.11:095][  0]LogTcpMessaging: Initializing TcpMessaging bridge
[2021.09.18-11.44.11:099][  0]LogUdpMessaging: Initializing bridge on interface 0.0.0.0:0 to multicast group 230.0.0.1:6666.
[2021.09.18-11.44.11:443][  0]SourceControl: Source control is disabled
[2021.09.18-11.44.11:443][  0]SourceControl: Source control is disabled
[2021.09.18-11.44.11:444][  0]SourceControl: Source control is disabled
[2021.09.18-11.44.11:446][  0]SourceControl: Source control is disabled
[2021.09.18-11.44.11:447][  0]SourceControl: Source control is disabled
[2021.09.18-11.44.12:162][  0]LogAndroidPermission: UAndroidPermissionCallbackProxy::GetInstance
[2021.09.18-11.44.12:177][  0]LogAudioCaptureCore: Display: No Audio Capture implementations found. Audio input will be silent.
[2021.09.18-11.44.12:177][  0]LogAudioCaptureCore: Display: No Audio Capture implementations found. Audio input will be silent.
[2021.09.18-11.44.12:276][  0]LogOcInput: OculusInput pre-init called
[2021.09.18-11.44.13:022][  0]LogClass: Warning: FRuntimeMeshCollisionConvexMesh::BoundingBox is not initialized properly
[2021.09.18-11.44.13:022][  0]LogClass: Warning: ObjectProperty FRuntimeMeshMaterialSlot::Material is not initialized properly
[2021.09.18-11.44.13:022][  0]LogClass: Warning: FSculptInputInfo::SculptInput is not initialized properly
[2021.09.18-11.44.13:022][  0]LogClass: Warning: FSculptInputInfo::StartLocation is not initialized properly
[2021.09.18-11.44.13:022][  0]LogClass: Warning: FSculptInputInfo::CurrentLocation is not initialized properly
[2021.09.18-11.44.13:022][  0]LogClass: Warning: FSculptInputInfo::LastLocation is not initialized properly
[2021.09.18-11.44.13:022][  0]LogClass: Warning: FSculptSettings::SculptMode is not initialized properly
[2021.09.18-11.44.13:022][  0]LogClass: Warning: FVertexData::Vertices is not initialized properly
[2021.09.18-11.44.13:022][  0]LogClass: Warning: FVertexData::UV is not initialized properly
[2021.09.18-11.44.13:022][  0]LogClass: Warning: FVertexData::Normals is not initialized properly
[2021.09.18-11.44.13:022][  0]LogClass: Display: 10 Uninitialized script stuct members found
[2021.09.18-11.44.13:023][  0]LogAutomationTest: Warning: FRuntimeMeshCollisionConvexMesh::BoundingBox is not initialized properly
[2021.09.18-11.44.13:023][  0]LogAutomationTest: Warning: ObjectProperty FRuntimeMeshMaterialSlot::Material is not initialized properly
[2021.09.18-11.44.13:023][  0]LogAutomationTest: Warning: FSculptInputInfo::SculptInput is not initialized properly
[2021.09.18-11.44.13:023][  0]LogAutomationTest: Warning: FSculptInputInfo::StartLocation is not initialized properly
[2021.09.18-11.44.13:023][  0]LogAutomationTest: Warning: FSculptInputInfo::CurrentLocation is not initialized properly
[2021.09.18-11.44.13:023][  0]LogAutomationTest: Warning: FSculptInputInfo::LastLocation is not initialized properly
[2021.09.18-11.44.13:023][  0]LogAutomationTest: Warning: FSculptSettings::SculptMode is not initialized properly
[2021.09.18-11.44.13:023][  0]LogAutomationTest: Warning: FVertexData::Vertices is not initialized properly
[2021.09.18-11.44.13:023][  0]LogAutomationTest: Warning: FVertexData::UV is not initialized properly
[2021.09.18-11.44.13:023][  0]LogAutomationTest: Warning: FVertexData::Normals is not initialized properly
[2021.09.18-11.44.13:023][  0]LogEngine: Initializing Engine...
[2021.09.18-11.44.13:064][  0]LogHMD: Failed to initialize OpenVR with code 112
[2021.09.18-11.44.13:066][  0]LogStats: UGameplayTagsManager::InitializeManager -  0.000 s
[2021.09.18-11.44.13:409][  0]LogInit: Initializing FReadOnlyCVARCache
[2021.09.18-11.44.13:416][  0]LogAIModule: Creating AISystem for world Untitled
[2021.09.18-11.44.13:428][  0]LogAudioMixer: Display: Audio Mixer Platform Settings:
[2021.09.18-11.44.13:428][  0]LogAudioMixer: Display: 	Sample Rate:						  48000
[2021.09.18-11.44.13:428][  0]LogAudioMixer: Display: 	Callback Buffer Frame Size Requested: 1024
[2021.09.18-11.44.13:428][  0]LogAudioMixer: Display: 	Callback Buffer Frame Size To Use:	  1024
[2021.09.18-11.44.13:428][  0]LogAudioMixer: Display: 	Number of buffers to queue:			  2
[2021.09.18-11.44.13:428][  0]LogAudioMixer: Display: 	Max Channels (voices):				  32
[2021.09.18-11.44.13:428][  0]LogAudioMixer: Display: 	Number of Async Source Workers:		  0
[2021.09.18-11.44.13:428][  0]LogAudio: Display: AudioDevice MaxSources: 32
[2021.09.18-11.44.13:428][  0]LogAudio: Display: Using built-in audio occlusion.
[2021.09.18-11.44.13:429][  0]LogAudioMixer: Display: Initializing audio mixer.
[2021.09.18-11.44.13:529][  0]LogAudioMixer: Display: Audio Device Output Speaker Info:
[2021.09.18-11.44.13:529][  0]LogAudioMixer: Display: Name: VoiceMeeter Input (VB-Audio VoiceMeeter VAIO)
[2021.09.18-11.44.13:529][  0]LogAudioMixer: Display: Is Default: Yes
[2021.09.18-11.44.13:529][  0]LogAudioMixer: Display: Sample Rate: 48000
[2021.09.18-11.44.13:529][  0]LogAudioMixer: Display: Channel Count Used: 2
[2021.09.18-11.44.13:529][  0]LogAudioMixer: Display: Device Channel Count: 2
[2021.09.18-11.44.13:529][  0]LogAudioMixer: Display: Channel Order:
[2021.09.18-11.44.13:529][  0]LogAudioMixer: Display: 0: FrontLeft
[2021.09.18-11.44.13:529][  0]LogAudioMixer: Display: 1: FrontRight
[2021.09.18-11.44.13:548][  0]LogAudioMixer: Display: Using Audio Device VoiceMeeter Input (VB-Audio VoiceMeeter VAIO)
[2021.09.18-11.44.13:553][  0]LogInit: FAudioDevice initialized.
[2021.09.18-11.44.13:553][  0]LogNetVersion: Set ProjectVersion to 1.0.0.0. Version Checksum will be recalculated on next use.
[2021.09.18-11.44.13:619][  0]LogDerivedDataCache: Saved boot cache 0.07s 84MB C:/Users/josh.saad/AppData/Local/UnrealEngine/4.24/DerivedDataCache/Boot.ddc.
[2021.09.18-11.44.13:621][  0]LogInit: Texture streaming: Enabled
[2021.09.18-11.44.13:635][  0]LogEngineSessionManager: EngineSessionManager initialized
[2021.09.18-11.44.13:635][  0]LogEngineSessionManager: EngineSessionManager sent abnormal shutdown report. Type=Crashed, SessionId={F13960E9-4D88-4B1A-168B-ECAC9D7E8228}
[2021.09.18-11.44.13:635][  0]LogEditorSessionSummary: Verbose: Initializing EditorSessionSummaryWriter for editor session tracking
[2021.09.18-11.44.13:637][  0]LogEditorSessionSummary: EditorSessionSummaryWriter initialized
[2021.09.18-11.44.13:697][  0]LogInit: Transaction tracking system initialized
[2021.09.18-11.44.13:711][  0]BlueprintLog: New page: Editor Load
[2021.09.18-11.44.13:752][  0]LocalizationService: Localization service is disabled
[2021.09.18-11.44.14:105][  0]LogFileCache: Scanning file cache for directory 'E:/Desktop/Documents -HDD/Assessment3AdvGamesDev/TwistedGrounds/Content/' took 0.01s
[2021.09.18-11.44.14:105][  0]LogCook: Display: Max memory allowance for cook 16384mb min free memory 0mb
[2021.09.18-11.44.14:105][  0]LogCook: Display: Mobile HDR setting 1
[2021.09.18-11.44.14:898][  0]SourceControl: Source control is disabled
[2021.09.18-11.44.14:898][  0]Cmd: MAP LOAD FILE="E:/Desktop/Documents -HDD/Assessment3AdvGamesDev/TwistedGrounds/Content/FirstPersonCPP/Maps/FirstPersonExampleMap.umap" TEMPLATE=0 SHOWPROGRESS=1 FEATURELEVEL=3
[2021.09.18-11.44.14:898][  0]LightingResults: New page: Lighting Build
[2021.09.18-11.44.14:899][  0]LogWorld: UWorld::CleanupWorld for Untitled, bSessionEnded=true, bCleanupResources=true
[2021.09.18-11.44.14:899][  0]LogSlate: InvalidateAllWidgets triggered.  All widgets were invalidated
[2021.09.18-11.44.14:899][  0]MapCheck: New page: Map Check
[2021.09.18-11.44.14:899][  0]LightingResults: New page: Lighting Build
[2021.09.18-11.44.14:940][  0]LogUObjectHash: Compacting FUObjectHashTables data took   2.50ms
[2021.09.18-11.44.15:019][  0]LogAIModule: Creating AISystem for world FirstPersonExampleMap
[2021.09.18-11.44.15:028][  0]LogEditorServer: Finished looking for orphan Actors (0.000 secs)
[2021.09.18-11.44.15:069][  0]LogUObjectHash: Compacting FUObjectHashTables data took   2.30ms
[2021.09.18-11.44.15:069][  0]Cmd: MAP CHECKDEP NOCLEARLOG
[2021.09.18-11.44.15:069][  0]MapCheck: Map check complete: 0 Error(s), 0 Warning(s), took 0.4ms to complete.
[2021.09.18-11.44.15:070][  0]LogFileHelpers: Loading map 'FirstPersonExampleMap' took 0.172
[2021.09.18-11.44.15:227][  0]LogSlate: Updating window title bar state: overlay mode, drag disabled, window buttons hidden, title bar hidden
[2021.09.18-11.44.15:233][  0]LogSlate: Updating window title bar state: overlay mode, drag disabled, window buttons hidden, title bar hidden
[2021.09.18-11.44.15:240][  0]LogSlate: Updating window title bar state: overlay mode, drag disabled, window buttons hidden, title bar hidden
[2021.09.18-11.44.15:246][  0]LogSlate: Updating window title bar state: overlay mode, drag disabled, window buttons hidden, title bar hidden
[2021.09.18-11.44.15:253][  0]LogCollectionManager: Loaded 0 collections in 0.002676 seconds
[2021.09.18-11.44.15:269][  0]LogFileCache: Scanning file cache for directory 'E:/Desktop/Documents -HDD/Assessment3AdvGamesDev/TwistedGrounds/Saved/Collections/' took 0.00s
[2021.09.18-11.44.15:269][  0]LogFileCache: Scanning file cache for directory 'E:/Desktop/Documents -HDD/Assessment3AdvGamesDev/TwistedGrounds/Content/Developers/joshsaad/Collections/' took 0.00s
[2021.09.18-11.44.15:269][  0]LogFileCache: Scanning file cache for directory 'E:/Desktop/Documents -HDD/Assessment3AdvGamesDev/TwistedGrounds/Content/Collections/' took 0.00s
[2021.09.18-11.44.15:269][  0]LogContentBrowser: Native class hierarchy populated in 0.0101 seconds. Added 3048 classes and 728 folders.
[2021.09.18-11.44.15:272][  0]LogContentBrowser: Native class hierarchy updated for 'WidgetCarousel' in 0.0005 seconds. Added 0 classes and 0 folders.
[2021.09.18-11.44.15:364][  0]LogContentBrowser: Native class hierarchy updated for 'AddContentDialog' in 0.0006 seconds. Added 0 classes and 0 folders.
[2021.09.18-11.44.15:371][  0]LogContentBrowser: Native class hierarchy updated for 'SceneOutliner' in 0.0007 seconds. Added 2 classes and 3 folders.
[2021.09.18-11.44.15:484][  0]LogSlate: Took 0.000432 seconds to synchronously load lazily loaded font '../../../Engine/Content/Slate/Fonts/Roboto-Regular.ttf' (155K)
[2021.09.18-11.44.15:486][  0]LogSlate: Took 0.000273 seconds to synchronously load lazily loaded font '../../../Engine/Content/Slate/Fonts/Roboto-Bold.ttf' (160K)
[2021.09.18-11.44.15:491][  0]LogSlate: Took 0.000222 seconds to synchronously load lazily loaded font '../../../Engine/Content/Editor/Slate/Fonts/FontAwesome.ttf' (139K)
[2021.09.18-11.44.15:581][  0]LogRenderer: Reallocating scene render targets to support 1164x572 Format 10 NumSamples 1 (Frame:1).
[2021.09.18-11.44.15:635][  0]LogSlate: Took 0.000252 seconds to synchronously load lazily loaded font '../../../Engine/Content/Slate/Fonts/Roboto-Light.ttf' (167K)
[2021.09.18-11.44.15:679][  0]LogContentBrowser: Native class hierarchy updated for 'HierarchicalLODOutliner' in 0.0006 seconds. Added 0 classes and 0 folders.
[2021.09.18-11.44.15:679][  0]LogLoad: (Engine Initialization) Total time: 12.19 seconds
[2021.09.18-11.44.15:679][  0]LogLoad: (Engine Initialization) Total Blueprint compile time: 0.00 seconds
[2021.09.18-11.44.15:742][  0]LogAssetRegistry: Asset discovery search completed in 6.8080 seconds
[2021.09.18-11.44.15:745][  0]LogCollectionManager: Fixed up redirectors for 0 collections in 0.000010 seconds (updated 0 objects)
[2021.09.18-11.44.15:746][  0]LogContentStreaming: Texture pool size now 1000 MB
[2021.09.18-11.44.16:711][109]LogSlate: Took 0.000301 seconds to synchronously load lazily loaded font '../../../Engine/Content/Slate/Fonts/Roboto-Light.ttf' (167K)
[2021.09.18-11.44.18:553][283]LogAssetEditorSubsystem: Opening Asset editor for Blueprint /Game/ProcMeshGenBP.ProcMeshGenBP
[2021.09.18-11.44.18:748][283]LogContentBrowser: Native class hierarchy updated for 'BlueprintGraph' in 0.0008 seconds. Added 121 classes and 0 folders.
[2021.09.18-11.44.19:615][283]LogActor: Warning: ProcMeshGenBP_C /Engine/Transient.World_1:PersistentLevel.ProcMeshGenBP_C_0 has natively added scene component(s), but none of them were set as the actor's RootComponent - picking one arbitrarily
[2021.09.18-11.44.19:620][283]LogSlate: Took 0.000305 seconds to synchronously load lazily loaded font '../../../Engine/Content/Slate/Fonts/Roboto-BoldCondensed.ttf' (158K)
[2021.09.18-11.44.19:685][284]LogSlate: Took 0.000296 seconds to synchronously load lazily loaded font '../../../Engine/Content/Slate/Fonts/Roboto-Italic.ttf' (157K)
[2021.09.18-11.47.59:248][728]BlueprintLog: New page: Compile ProcMeshGenBP
[2021.09.18-11.47.59:259][728]LogActor: Warning: ProcMeshGenBP_C /Game/FirstPersonCPP/Maps/FirstPersonExampleMap.FirstPersonExampleMap:PersistentLevel.ProcMeshGenBP_2 has natively added scene component(s), but none of them were set as the actor's RootComponent - picking one arbitrarily
[2021.09.18-11.47.59:262][728]LogActor: Warning: ProcMeshGenBP_C /Engine/Transient.World_1:PersistentLevel.ProcMeshGenBP_C_0 has natively added scene component(s), but none of them were set as the actor's RootComponent - picking one arbitrarily
[2021.09.18-11.47.59:525][728]LogUObjectHash: Compacting FUObjectHashTables data took   4.26ms
[2021.09.18-11.47.59:806][745]Cmd: OBJ SAVEPACKAGE PACKAGE="/Game/ProcMeshGenBP" FILE="E:/Desktop/Documents -HDD/Assessment3AdvGamesDev/TwistedGrounds/Content/ProcMeshGenBP.uasset" SILENT=true
[2021.09.18-11.47.59:860][745]LogSavePackage: Moving 'E:/Desktop/Documents -HDD/Assessment3AdvGamesDev/TwistedGrounds/Saved/ProcMeshGenBP8A5FEFE545480DE9F6C2DB8B0DA74FC9.tmp' to 'E:/Desktop/Documents -HDD/Assessment3AdvGamesDev/TwistedGrounds/Content/ProcMeshGenBP.uasset'
[2021.09.18-11.47.59:946][745]AssetCheck: New page: Asset Save: ProcMeshGenBP
[2021.09.18-11.47.59:946][745]LogContentValidation: Display: Validating Blueprint /Game/ProcMeshGenBP.ProcMeshGenBP
[2021.09.18-11.48.01:137][856]LogTemp: Repeating last play command: Selected Viewport
[2021.09.18-11.48.01:148][856]LogBlueprintUserMessages: Early PlayInEditor Detection: Level '/Game/FirstPersonCPP/Maps/FirstPersonExampleMap.FirstPersonExampleMap:PersistentLevel' has LevelScriptBlueprint '/Game/FirstPersonCPP/Maps/FirstPersonExampleMap.FirstPersonExampleMap:PersistentLevel.FirstPersonExampleMap' with GeneratedClass '/Game/FirstPersonCPP/Maps/FirstPersonExampleMap.FirstPersonExampleMap_C' with ClassGeneratedBy '/Game/FirstPersonCPP/Maps/FirstPersonExampleMap.FirstPersonExampleMap:PersistentLevel.FirstPersonExampleMap'
[2021.09.18-11.48.01:148][856]LogPlayLevel: PlayLevel: No blueprints needed recompiling
[2021.09.18-11.48.01:149][856]PIE: New page: PIE session: FirstPersonExampleMap (19 Sep 2021, 7:48:01 am)
[2021.09.18-11.48.01:149][856]LogOnline: OSS: Creating online subsystem instance for: NULL
[2021.09.18-11.48.01:150][856]LogOnline: OSS: TryLoadSubsystemAndSetDefault: Loaded subsystem for module [NULL]
[2021.09.18-11.48.01:150][856]LogPlayLevel: Creating play world package: /Game/FirstPersonCPP/Maps/UEDPIE_0_FirstPersonExampleMap
[2021.09.18-11.48.01:165][856]LogPlayLevel: PIE: StaticDuplicateObject took: (0.013839s)
[2021.09.18-11.48.01:166][856]LogAIModule: Creating AISystem for world FirstPersonExampleMap
[2021.09.18-11.48.01:166][856]LogPlayLevel: PIE: World Init took: (0.001158s)
[2021.09.18-11.48.01:166][856]LogPlayLevel: PIE: Created PIE world by copying editor world from /Game/FirstPersonCPP/Maps/FirstPersonExampleMap.FirstPersonExampleMap to /Game/FirstPersonCPP/Maps/UEDPIE_0_FirstPersonExampleMap.FirstPersonExampleMap (0.015550s)
[2021.09.18-11.48.01:211][856]LogUObjectHash: Compacting FUObjectHashTables data took   3.70ms
[2021.09.18-11.48.01:213][856]LogAudioMixer: Display: Audio Mixer Platform Settings:
[2021.09.18-11.48.01:213][856]LogAudioMixer: Display: 	Sample Rate:						  48000
[2021.09.18-11.48.01:213][856]LogAudioMixer: Display: 	Callback Buffer Frame Size Requested: 1024
[2021.09.18-11.48.01:213][856]LogAudioMixer: Display: 	Callback Buffer Frame Size To Use:	  1024
[2021.09.18-11.48.01:213][856]LogAudioMixer: Display: 	Number of buffers to queue:			  2
[2021.09.18-11.48.01:213][856]LogAudioMixer: Display: 	Max Channels (voices):				  32
[2021.09.18-11.48.01:213][856]LogAudioMixer: Display: 	Number of Async Source Workers:		  0
[2021.09.18-11.48.01:213][856]LogAudio: Display: AudioDevice MaxSources: 32
[2021.09.18-11.48.01:213][856]LogAudio: Display: Using built-in audio occlusion.
[2021.09.18-11.48.01:213][856]LogAudioMixer: Display: Initializing audio mixer.
[2021.09.18-11.48.01:305][856]LogAudioMixer: Display: Audio Device Output Speaker Info:
[2021.09.18-11.48.01:305][856]LogAudioMixer: Display: Name: VoiceMeeter Input (VB-Audio VoiceMeeter VAIO)
[2021.09.18-11.48.01:305][856]LogAudioMixer: Display: Is Default: Yes
[2021.09.18-11.48.01:305][856]LogAudioMixer: Display: Sample Rate: 48000
[2021.09.18-11.48.01:305][856]LogAudioMixer: Display: Channel Count Used: 2
[2021.09.18-11.48.01:305][856]LogAudioMixer: Display: Device Channel Count: 2
[2021.09.18-11.48.01:305][856]LogAudioMixer: Display: Channel Order:
[2021.09.18-11.48.01:305][856]LogAudioMixer: Display: 0: FrontLeft
[2021.09.18-11.48.01:305][856]LogAudioMixer: Display: 1: FrontRight
[2021.09.18-11.48.01:314][856]LogAudioMixer: Display: Using Audio Device VoiceMeeter Input (VB-Audio VoiceMeeter VAIO)
[2021.09.18-11.48.01:315][856]LogInit: FAudioDevice initialized.
[2021.09.18-11.48.01:325][856]LogLoad: Game class is 'TwistedGroundsGameMode'
[2021.09.18-11.48.01:326][856]LogWorld: Bringing World /Game/FirstPersonCPP/Maps/UEDPIE_0_FirstPersonExampleMap.FirstPersonExampleMap up for play (max tick rate 0) at 2021.09.18-21.48.01
[2021.09.18-11.48.01:327][856]LogWorld: Bringing up level for play took: 0.000992
[2021.09.18-11.48.01:327][856]LogOnline: OSS: Creating online subsystem instance for: :Context_3
[2021.09.18-11.48.01:334][856]LogContentBrowser: Native class hierarchy updated for 'MovieSceneCapture' in 0.0007 seconds. Added 20 classes and 0 folders.
[2021.09.18-11.48.01:335][856]LogTemp: Warning: Rand -4460.280273
[2021.09.18-11.48.02:344][856]LogTemp: Warning: Vertices Count: 10000 | UVCoords Count: 10000 Triangles Count: 58806
[2021.09.18-11.48.02:344][856]PIE: Play in editor start time for /Game/FirstPersonCPP/Maps/UEDPIE_0_FirstPersonExampleMap 1.292
[2021.09.18-11.48.02:345][856]LogBlueprintUserMessages: Late PlayInEditor Detection: Level '/Game/FirstPersonCPP/Maps/FirstPersonExampleMap.FirstPersonExampleMap:PersistentLevel' has LevelScriptBlueprint '/Game/FirstPersonCPP/Maps/FirstPersonExampleMap.FirstPersonExampleMap:PersistentLevel.FirstPersonExampleMap' with GeneratedClass '/Game/FirstPersonCPP/Maps/FirstPersonExampleMap.FirstPersonExampleMap_C' with ClassGeneratedBy '/Game/FirstPersonCPP/Maps/FirstPersonExampleMap.FirstPersonExampleMap:PersistentLevel.FirstPersonExampleMap'
[2021.09.18-11.48.02:345][856]LogBlueprintUserMessages: [ProcMeshGenBP_2] X=60000.000 Y=0.000 Z=0.000
[2021.09.18-11.48.02:670][857]LogBlueprintUserMessages: [ProcMeshGenBP_2] X=60000.000 Y=0.000 Z=0.000
[2021.09.18-11.48.02:680][858]LogBlueprintUserMessages: [ProcMeshGenBP_2] X=60000.000 Y=0.000 Z=0.000
[2021.09.18-11.48.02:688][859]LogBlueprintUserMessages: [ProcMeshGenBP_2] X=60000.000 Y=0.000 Z=0.000
[2021.09.18-11.48.02:696][860]LogBlueprintUserMessages: [ProcMeshGenBP_2] X=60000.000 Y=0.000 Z=0.000
[2021.09.18-11.48.02:704][861]LogBlueprintUserMessages: [ProcMeshGenBP_2] X=60000.000 Y=0.000 Z=0.000
[2021.09.18-11.48.02:712][862]LogBlueprintUserMessages: [ProcMeshGenBP_2] X=60000.000 Y=0.000 Z=0.000
[2021.09.18-11.48.02:721][863]LogBlueprintUserMessages: [ProcMeshGenBP_2] X=60000.000 Y=0.000 Z=0.000
[2021.09.18-11.48.02:729][864]LogBlueprintUserMessages: [ProcMeshGenBP_2] X=60000.000 Y=0.000 Z=0.000
[2021.09.18-11.48.02:737][865]LogBlueprintUserMessages: [ProcMeshGenBP_2] X=60000.000 Y=0.000 Z=0.000
[2021.09.18-11.48.02:746][866]LogBlueprintUserMessages: [ProcMeshGenBP_2] X=60000.000 Y=0.000 Z=0.000
[2021.09.18-11.48.02:756][867]LogBlueprintUserMessages: [ProcMeshGenBP_2] X=60000.000 Y=0.000 Z=0.000
[2021.09.18-11.48.02:764][868]LogBlueprintUserMessages: [ProcMeshGenBP_2] X=60000.000 Y=0.000 Z=0.000
[2021.09.18-11.48.02:772][869]LogBlueprintUserMessages: [ProcMeshGenBP_2] X=60000.000 Y=0.000 Z=0.000
[2021.09.18-11.48.02:782][870]LogBlueprintUserMessages: [ProcMeshGenBP_2] X=60000.000 Y=0.000 Z=0.000
[2021.09.18-11.48.02:790][871]LogBlueprintUserMessages: [ProcMeshGenBP_2] X=60000.000 Y=0.000 Z=0.000
[2021.09.18-11.48.02:798][872]LogBlueprintUserMessages: [ProcMeshGenBP_2] X=60000.000 Y=0.000 Z=0.000
[2021.09.18-11.48.02:807][873]LogBlueprintUserMessages: [ProcMeshGenBP_2] X=60000.000 Y=0.000 Z=0.000
[2021.09.18-11.48.02:816][874]LogBlueprintUserMessages: [ProcMeshGenBP_2] X=60000.000 Y=0.000 Z=0.000
[2021.09.18-11.48.02:824][875]LogBlueprintUserMessages: [ProcMeshGenBP_2] X=60000.000 Y=0.000 Z=0.000
[2021.09.18-11.48.02:832][876]LogBlueprintUserMessages: [ProcMeshGenBP_2] X=60000.000 Y=0.000 Z=0.000
[2021.09.18-11.48.02:841][877]LogBlueprintUserMessages: [ProcMeshGenBP_2] X=60000.000 Y=0.000 Z=0.000
[2021.09.18-11.48.02:849][878]LogBlueprintUserMessages: [ProcMeshGenBP_2] X=60000.000 Y=0.000 Z=0.000
[2021.09.18-11.48.02:858][879]LogBlueprintUserMessages: [ProcMeshGenBP_2] X=60000.000 Y=0.000 Z=0.000
[2021.09.18-11.48.02:866][880]LogBlueprintUserMessages: [ProcMeshGenBP_2] X=60000.000 Y=0.000 Z=0.000
[2021.09.18-11.48.02:874][881]LogBlueprintUserMessages: [ProcMeshGenBP_2] X=60000.000 Y=0.000 Z=0.000
[2021.09.18-11.48.02:882][882]LogBlueprintUserMessages: [ProcMeshGenBP_2] X=60000.000 Y=0.000 Z=0.000
[2021.09.18-11.48.02:891][883]LogBlueprintUserMessages: [ProcMeshGenBP_2] X=60000.000 Y=0.000 Z=0.000
[2021.09.18-11.48.02:900][884]LogBlueprintUserMessages: [ProcMeshGenBP_2] X=60000.000 Y=0.000 Z=0.000
[2021.09.18-11.48.02:907][885]LogBlueprintUserMessages: [ProcMeshGenBP_2] X=60000.000 Y=0.000 Z=0.000
[2021.09.18-11.48.02:916][886]LogBlueprintUserMessages: [ProcMeshGenBP_2] X=60000.000 Y=0.000 Z=0.000
[2021.09.18-11.48.02:924][887]LogBlueprintUserMessages: [ProcMeshGenBP_2] X=60000.000 Y=0.000 Z=0.000
[2021.09.18-11.48.02:933][888]LogBlueprintUserMessages: [ProcMeshGenBP_2] X=60000.000 Y=0.000 Z=0.000
[2021.09.18-11.48.02:941][889]LogBlueprintUserMessages: [ProcMeshGenBP_2] X=60000.000 Y=0.000 Z=0.000
[2021.09.18-11.48.02:950][890]LogBlueprintUserMessages: [ProcMeshGenBP_2] X=60000.000 Y=0.000 Z=0.000
[2021.09.18-11.48.02:957][891]LogBlueprintUserMessages: [ProcMeshGenBP_2] X=60000.000 Y=0.000 Z=0.000
[2021.09.18-11.48.02:966][892]LogBlueprintUserMessages: [ProcMeshGenBP_2] X=60000.000 Y=0.000 Z=0.000
[2021.09.18-11.48.02:974][893]LogBlueprintUserMessages: [ProcMeshGenBP_2] X=60000.000 Y=0.000 Z=0.000
[2021.09.18-11.48.02:982][894]LogBlueprintUserMessages: [ProcMeshGenBP_2] X=60000.000 Y=0.000 Z=0.000
[2021.09.18-11.48.02:991][895]LogBlueprintUserMessages: [ProcMeshGenBP_2] X=60000.000 Y=0.000 Z=0.000
[2021.09.18-11.48.02:999][896]LogBlueprintUserMessages: [ProcMeshGenBP_2] X=60000.000 Y=0.000 Z=0.000
[2021.09.18-11.48.03:007][897]LogBlueprintUserMessages: [ProcMeshGenBP_2] X=60000.000 Y=0.000 Z=0.000
[2021.09.18-11.48.03:016][898]LogBlueprintUserMessages: [ProcMeshGenBP_2] X=60000.000 Y=0.000 Z=0.000
[2021.09.18-11.48.03:024][899]LogBlueprintUserMessages: [ProcMeshGenBP_2] X=60000.000 Y=0.000 Z=0.000
[2021.09.18-11.48.03:032][900]LogBlueprintUserMessages: [ProcMeshGenBP_2] X=60000.000 Y=0.000 Z=0.000
[2021.09.18-11.48.03:041][901]LogBlueprintUserMessages: [ProcMeshGenBP_2] X=60000.000 Y=0.000 Z=0.000
[2021.09.18-11.48.03:050][902]LogBlueprintUserMessages: [ProcMeshGenBP_2] X=60000.000 Y=0.000 Z=0.000
[2021.09.18-11.48.03:057][903]LogBlueprintUserMessages: [ProcMeshGenBP_2] X=60000.000 Y=0.000 Z=0.000
[2021.09.18-11.48.03:066][904]LogBlueprintUserMessages: [ProcMeshGenBP_2] X=60000.000 Y=0.000 Z=0.000
[2021.09.18-11.48.03:074][905]LogBlueprintUserMessages: [ProcMeshGenBP_2] X=60000.000 Y=0.000 Z=0.000
[2021.09.18-11.48.03:082][906]LogBlueprintUserMessages: [ProcMeshGenBP_2] X=60000.000 Y=0.000 Z=0.000
[2021.09.18-11.48.03:091][907]LogBlueprintUserMessages: [ProcMeshGenBP_2] X=60000.000 Y=0.000 Z=0.000
[2021.09.18-11.48.03:099][908]LogBlueprintUserMessages: [ProcMeshGenBP_2] X=60000.000 Y=0.000 Z=0.000
[2021.09.18-11.48.03:107][909]LogBlueprintUserMessages: [ProcMeshGenBP_2] X=60000.000 Y=0.000 Z=0.000
[2021.09.18-11.48.03:117][910]LogBlueprintUserMessages: [ProcMeshGenBP_2] X=60000.000 Y=0.000 Z=0.000
[2021.09.18-11.48.03:124][911]LogBlueprintUserMessages: [ProcMeshGenBP_2] X=60000.000 Y=0.000 Z=0.000
[2021.09.18-11.48.03:132][912]LogBlueprintUserMessages: [ProcMeshGenBP_2] X=60000.000 Y=0.000 Z=0.000
[2021.09.18-11.48.03:141][913]LogBlueprintUserMessages: [ProcMeshGenBP_2] X=60000.000 Y=0.000 Z=0.000
[2021.09.18-11.48.03:149][914]LogBlueprintUserMessages: [ProcMeshGenBP_2] X=60000.000 Y=0.000 Z=0.000
[2021.09.18-11.48.03:158][915]LogBlueprintUserMessages: [ProcMeshGenBP_2] X=60000.000 Y=0.000 Z=0.000
[2021.09.18-11.48.03:166][916]LogBlueprintUserMessages: [ProcMeshGenBP_2] X=60000.000 Y=0.000 Z=0.000
[2021.09.18-11.48.03:174][917]LogBlueprintUserMessages: [ProcMeshGenBP_2] X=60000.000 Y=0.000 Z=0.000
[2021.09.18-11.48.03:182][918]LogBlueprintUserMessages: [ProcMeshGenBP_2] X=60000.000 Y=0.000 Z=0.000
[2021.09.18-11.48.03:191][919]LogBlueprintUserMessages: [ProcMeshGenBP_2] X=60000.000 Y=0.000 Z=0.000
[2021.09.18-11.48.03:199][920]LogBlueprintUserMessages: [ProcMeshGenBP_2] X=60000.000 Y=0.000 Z=0.000
[2021.09.18-11.48.03:207][921]LogBlueprintUserMessages: [ProcMeshGenBP_2] X=60000.000 Y=0.000 Z=0.000
[2021.09.18-11.48.03:216][922]LogBlueprintUserMessages: [ProcMeshGenBP_2] X=60000.000 Y=0.000 Z=0.000
[2021.09.18-11.48.03:224][923]LogBlueprintUserMessages: [ProcMeshGenBP_2] X=60000.000 Y=0.000 Z=0.000
[2021.09.18-11.48.03:232][924]LogBlueprintUserMessages: [ProcMeshGenBP_2] X=60000.000 Y=0.000 Z=0.000
[2021.09.18-11.48.03:241][925]LogBlueprintUserMessages: [ProcMeshGenBP_2] X=60000.000 Y=0.000 Z=0.000
[2021.09.18-11.48.03:249][926]LogBlueprintUserMessages: [ProcMeshGenBP_2] X=60000.000 Y=0.000 Z=0.000
[2021.09.18-11.48.03:258][927]LogBlueprintUserMessages: [ProcMeshGenBP_2] X=60000.000 Y=0.000 Z=0.000
[2021.09.18-11.48.03:266][928]LogBlueprintUserMessages: [ProcMeshGenBP_2] X=60000.000 Y=0.000 Z=0.000
[2021.09.18-11.48.03:274][929]LogBlueprintUserMessages: [ProcMeshGenBP_2] X=60000.000 Y=0.000 Z=0.000
[2021.09.18-11.48.03:282][930]LogBlueprintUserMessages: [ProcMeshGenBP_2] X=60000.000 Y=0.000 Z=0.000
[2021.09.18-11.48.03:291][931]LogBlueprintUserMessages: [ProcMeshGenBP_2] X=60000.000 Y=0.000 Z=0.000
[2021.09.18-11.48.03:299][932]LogBlueprintUserMessages: [ProcMeshGenBP_2] X=60000.000 Y=0.000 Z=0.000
[2021.09.18-11.48.03:307][933]LogBlueprintUserMessages: [ProcMeshGenBP_2] X=60000.000 Y=0.000 Z=0.000
[2021.09.18-11.48.03:316][934]LogBlueprintUserMessages: [ProcMeshGenBP_2] X=60000.000 Y=0.000 Z=0.000
[2021.09.18-11.48.03:323][935]LogBlueprintUserMessages: [ProcMeshGenBP_2] X=60000.000 Y=0.000 Z=0.000
[2021.09.18-11.48.03:332][936]LogBlueprintUserMessages: [ProcMeshGenBP_2] X=60000.000 Y=0.000 Z=0.000
[2021.09.18-11.48.03:340][937]LogBlueprintUserMessages: [ProcMeshGenBP_2] X=60000.000 Y=0.000 Z=0.000
[2021.09.18-11.48.03:349][938]LogBlueprintUserMessages: [ProcMeshGenBP_2] X=60000.000 Y=0.000 Z=0.000
[2021.09.18-11.48.03:357][939]LogBlueprintUserMessages: [ProcMeshGenBP_2] X=60000.000 Y=0.000 Z=0.000
[2021.09.18-11.48.03:365][940]LogBlueprintUserMessages: [ProcMeshGenBP_2] X=60000.000 Y=0.000 Z=0.000
[2021.09.18-11.48.03:374][941]LogBlueprintUserMessages: [ProcMeshGenBP_2] X=60000.000 Y=0.000 Z=0.000
[2021.09.18-11.48.03:382][942]LogBlueprintUserMessages: [ProcMeshGenBP_2] X=60000.000 Y=0.000 Z=0.000
[2021.09.18-11.48.03:390][943]LogBlueprintUserMessages: [ProcMeshGenBP_2] X=60000.000 Y=0.000 Z=0.000
[2021.09.18-11.48.03:398][944]LogBlueprintUserMessages: [ProcMeshGenBP_2] X=60000.000 Y=0.000 Z=0.000
[2021.09.18-11.48.03:407][945]LogBlueprintUserMessages: [ProcMeshGenBP_2] X=60000.000 Y=0.000 Z=0.000
[2021.09.18-11.48.03:415][946]LogBlueprintUserMessages: [ProcMeshGenBP_2] X=60000.000 Y=0.000 Z=0.000
[2021.09.18-11.48.03:423][947]LogBlueprintUserMessages: [ProcMeshGenBP_2] X=60000.000 Y=0.000 Z=0.000
[2021.09.18-11.48.03:431][948]LogBlueprintUserMessages: [ProcMeshGenBP_2] X=60000.000 Y=0.000 Z=0.000
[2021.09.18-11.48.03:440][949]LogBlueprintUserMessages: [ProcMeshGenBP_2] X=60000.000 Y=0.000 Z=0.000
[2021.09.18-11.48.03:449][950]LogBlueprintUserMessages: [ProcMeshGenBP_2] X=60000.000 Y=0.000 Z=0.000
[2021.09.18-11.48.03:457][951]LogBlueprintUserMessages: [ProcMeshGenBP_2] X=60000.000 Y=0.000 Z=0.000
[2021.09.18-11.48.03:465][952]LogBlueprintUserMessages: [ProcMeshGenBP_2] X=60000.000 Y=0.000 Z=0.000
[2021.09.18-11.48.03:473][953]LogBlueprintUserMessages: [ProcMeshGenBP_2] X=60000.000 Y=0.000 Z=0.000
[2021.09.18-11.48.03:482][954]LogBlueprintUserMessages: [ProcMeshGenBP_2] X=60000.000 Y=0.000 Z=0.000
[2021.09.18-11.48.03:490][955]LogBlueprintUserMessages: [ProcMeshGenBP_2] X=60000.000 Y=0.000 Z=0.000
[2021.09.18-11.48.05:424][956]LogWindows: Error: === Critical error: ===
[2021.09.18-11.48.05:424][956]LogWindows: Error: 
[2021.09.18-11.48.05:424][956]LogWindows: Error: Fatal error!
[2021.09.18-11.48.05:424][956]LogWindows: Error: 
[2021.09.18-11.48.05:424][956]LogWindows: Error: Unhandled Exception: EXCEPTION_ACCESS_VIOLATION reading address 0x00000148
[2021.09.18-11.48.05:424][956]LogWindows: Error: 
[2021.09.18-11.48.05:424][956]LogWindows: Error: [Callstack] 0x00007ffe54c93ef8 UE4Editor-TwistedGrounds-5393.dll!AProcMeshSculpt::Sculpt() [E:\Desktop\Documents -HDD\Assessment3AdvGamesDev\TwistedGrounds\Source\TwistedGrounds\ProcMeshSculpt.cpp:100]
[2021.09.18-11.48.05:424][956]LogWindows: Error: [Callstack] 0x00007ffea69d42e8 UE4Editor-CoreUObject.dll!UnknownFunction []
[2021.09.18-11.48.05:424][956]LogWindows: Error: [Callstack] 0x00007ffea6bfa62f UE4Editor-CoreUObject.dll!UnknownFunction []
[2021.09.18-11.48.05:424][956]LogWindows: Error: [Callstack] 0x00007ffea6c20cd2 UE4Editor-CoreUObject.dll!UnknownFunction []
[2021.09.18-11.48.05:424][956]LogWindows: Error: [Callstack] 0x00007ffea6beedbb UE4Editor-CoreUObject.dll!UnknownFunction []
[2021.09.18-11.48.05:424][956]LogWindows: Error: [Callstack] 0x00007ffea6c209ef UE4Editor-CoreUObject.dll!UnknownFunction []
[2021.09.18-11.48.05:424][956]LogWindows: Error: [Callstack] 0x00007ffea6c20cd2 UE4Editor-CoreUObject.dll!UnknownFunction []
[2021.09.18-11.48.05:424][956]LogWindows: Error: [Callstack] 0x00007ffea6beedbb UE4Editor-CoreUObject.dll!UnknownFunction []
[2021.09.18-11.48.05:424][956]LogWindows: Error: [Callstack] 0x00007ffea6c209ef UE4Editor-CoreUObject.dll!UnknownFunction []
[2021.09.18-11.48.05:424][956]LogWindows: Error: [Callstack] 0x00007ffea6c1ec61 UE4Editor-CoreUObject.dll!UnknownFunction []
[2021.09.18-11.48.05:424][956]LogWindows: Error: [Callstack] 0x00007ffea6c20cd2 UE4Editor-CoreUObject.dll!UnknownFunction []
[2021.09.18-11.48.05:424][956]LogWindows: Error: [Callstack] 0x00007ffea6beedbb UE4Editor-CoreUObject.dll!UnknownFunction []
[2021.09.18-11.48.05:424][956]LogWindows: Error: [Callstack] 0x00007ffea6c209ef UE4Editor-CoreUObject.dll!UnknownFunction []
[2021.09.18-11.48.05:424][956]LogWindows: Error: [Callstack] 0x00007ffea6c20cd2 UE4Editor-CoreUObject.dll!UnknownFunction []
[2021.09.18-11.48.05:424][956]LogWindows: Error: [Callstack] 0x00007ffea6c20644 UE4Editor-CoreUObject.dll!UnknownFunction []
[2021.09.18-11.48.05:424][956]LogWindows: Error: [Callstack] 0x00007ffea69d42e8 UE4Editor-CoreUObject.dll!UnknownFunction []
[2021.09.18-11.48.05:424][956]LogWindows: Error: [Callstack] 0x00007ffea6c20148 UE4Editor-CoreUObject.dll!UnknownFunction []
[2021.09.18-11.48.05:424][956]LogWindows: Error: [Callstack] 0x00007ffe6bdb7f18 UE4Editor-Engine.dll!UnknownFunction []
[2021.09.18-11.48.05:424][956]LogWindows: Error: [Callstack] 0x00007ffe6cfd5250 UE4Editor-Engine.dll!UnknownFunction []
[2021.09.18-11.48.05:424][956]LogWindows: Error: [Callstack] 0x00007ffe6cffe631 UE4Editor-Engine.dll!UnknownFunction []
[2021.09.18-11.48.05:424][956]LogWindows: Error: [Callstack] 0x00007ffe6cae0043 UE4Editor-Engine.dll!UnknownFunction []
[2021.09.18-11.48.05:424][956]LogWindows: Error: [Callstack] 0x00007ffe6caf1e3d UE4Editor-Engine.dll!UnknownFunction []
[2021.09.18-11.48.05:424][956]LogWindows: Error: [Callstack] 0x00007ffe6caddfcb UE4Editor-Engine.dll!UnknownFunction []
[2021.09.18-11.48.05:424][956]LogWindows: Error: [Callstack] 0x00007ffe6caf0267 UE4Editor-Engine.dll!UnknownFunction []
[2021.09.18-11.48.05:424][956]LogWindows: Error: [Callstack] 0x00007ffe6bd97866 UE4Editor-Engine.dll!UnknownFunction []
[2021.09.18-11.48.05:424][956]LogWindows: Error: [Callstack] 0x00007ffe6ced7223 UE4Editor-Engine.dll!UnknownFunction []
[2021.09.18-11.48.05:424][956]LogWindows: Error: [Callstack] 0x00007ffe6cee5256 UE4Editor-Engine.dll!UnknownFunction []
[2021.09.18-11.48.05:425][956]LogWindows: Error: [Callstack] 0x00007ffea6fa9ff2 UE4Editor-Core.dll!UnknownFunction []
[2021.09.18-11.48.05:425][956]LogWindows: Error: [Callstack] 0x00007ffea6faa393 UE4Editor-Core.dll!UnknownFunction []
[2021.09.18-11.48.05:425][956]LogWindows: Error: [Callstack] 0x00007ffea6fbaa68 UE4Editor-Core.dll!UnknownFunction []
[2021.09.18-11.48.05:425][956]LogWindows: Error: [Callstack] 0x00007ffe6cf038b0 UE4Editor-Engine.dll!UnknownFunction []
[2021.09.18-11.48.05:425][956]LogWindows: Error: [Callstack] 0x00007ffe6cf097c2 UE4Editor-Engine.dll!UnknownFunction []
[2021.09.18-11.48.05:425][956]LogWindows: Error: [Callstack] 0x00007ffe6c68a25f UE4Editor-Engine.dll!UnknownFunction []
[2021.09.18-11.48.05:425][956]LogWindows: Error: [Callstack] 0x00007ffe6c695127 UE4Editor-Engine.dll!UnknownFunction []
[2021.09.18-11.48.05:425][956]LogWindows: Error: [Callstack] 0x00007ffe8258ad60 UE4Editor-UnrealEd.dll!UnknownFunction []
[2021.09.18-11.48.05:425][956]LogWindows: Error: [Callstack] 0x00007ffe82dee476 UE4Editor-UnrealEd.dll!UnknownFunction []
[2021.09.18-11.48.05:425][956]LogWindows: Error: [Callstack] 0x00007ff79dfa7f62 UE4Editor.exe!UnknownFunction []
[2021.09.18-11.48.05:425][956]LogWindows: Error: [Callstack] 0x00007ff79dfbc3ec UE4Editor.exe!UnknownFunction []
[2021.09.18-11.48.05:425][956]LogWindows: Error: [Callstack] 0x00007ff79dfbc4ca UE4Editor.exe!UnknownFunction []
[2021.09.18-11.48.05:425][956]LogWindows: Error: [Callstack] 0x00007ff79dfcceae UE4Editor.exe!UnknownFunction []
[2021.09.18-11.48.05:425][956]LogWindows: Error: [Callstack] 0x00007ff79dfcfcbe UE4Editor.exe!UnknownFunction []
[2021.09.18-11.48.05:425][956]LogWindows: Error: [Callstack] 0x00007fff1e717034 KERNEL32.DLL!UnknownFunction []
[2021.09.18-11.48.05:425][956]LogWindows: Error: [Callstack] 0x00007fff1e982651 ntdll.dll!UnknownFunction []
[2021.09.18-11.48.05:425][956]LogWindows: Error: 
[2021.09.18-11.48.05:439][956]LogExit: Executing StaticShutdownAfterError
[2021.09.18-11.48.05:442][956]LogWindows: FPlatformMisc::RequestExit(1)
[2021.09.18-11.48.05:442][956]LogCore: Engine exit requested (reason: Win RequestExit)
[2021.09.18-11.48.05:472][956]Log file closed, 09/18/21 21:48:05
