Log file open, 09/29/21 12:29:27
LogWindows: Failed to load 'aqProf.dll' (GetLastError=126)
LogWindows: File 'aqProf.dll' does not exist
LogWindows: Failed to load 'VtuneApi.dll' (GetLastError=126)
LogWindows: File 'VtuneApi.dll' does not exist
LogWindows: Failed to load 'VtuneApi32e.dll' (GetLastError=126)
LogWindows: File 'VtuneApi32e.dll' does not exist
LogConsoleResponse: Display: Failed to find resolution value strings in scalability ini. Falling back to default.
LogInit: Display: Running engine for game: TwistedGrounds
LogPlatformFile: Not using cached read wrapper
LogTaskGraph: Started task graph with 5 named threads and 23 total threads with 3 sets of task threads.
LogStats: Stats thread started at 0.072044
LogD3D11RHI: Loaded GFSDK_Aftermath_Lib.x64.dll
LogICUInternationalization: ICU TimeZone Detection - Raw Offset: +10:00, Platform Override: ''
LogPluginManager: Mounting plugin Paper2D
LogPluginManager: Mounting plugin AISupport
LogPluginManager: Mounting plugin LightPropagationVolume
LogPluginManager: Mounting plugin ActorLayerUtilities
LogPluginManager: Mounting plugin AnimationSharing
LogPluginManager: Mounting plugin CLionSourceCodeAccess
LogPluginManager: Mounting plugin CodeLiteSourceCodeAccess
LogPluginManager: Mounting plugin GitSourceControl
LogPluginManager: Mounting plugin KDevelopSourceCodeAccess
LogPluginManager: Mounting plugin NullSourceCodeAccess
LogPluginManager: Mounting plugin PerforceSourceControl
LogPluginManager: Mounting plugin PlasticSourceControl
LogPluginManager: Mounting plugin SubversionSourceControl
LogPluginManager: Mounting plugin UObjectPlugin
LogPluginManager: Mounting plugin VisualStudioCodeSourceCodeAccess
LogPluginManager: Mounting plugin VisualStudioSourceCodeAccess
LogPluginManager: Mounting plugin XCodeSourceCodeAccess
LogPluginManager: Mounting plugin AssetManagerEditor
LogPluginManager: Mounting plugin CryptoKeys
LogPluginManager: Mounting plugin CurveEditorTools
LogPluginManager: Mounting plugin DataValidation
LogPluginManager: Mounting plugin FacialAnimation
LogPluginManager: Mounting plugin GameplayTagsEditor
LogPluginManager: Mounting plugin MacGraphicsSwitching
LogPluginManager: Mounting plugin MaterialAnalyzer
LogPluginManager: Mounting plugin MobileLauncherProfileWizard
LogPluginManager: Mounting plugin PluginBrowser
LogPluginManager: Mounting plugin SpeedTreeImporter
LogPluginManager: Mounting plugin DatasmithContent
LogPluginManager: Mounting plugin VariantManagerContent
LogPluginManager: Mounting plugin AlembicImporter
LogPluginManager: Mounting plugin AutomationUtils
LogPluginManager: Mounting plugin BackChannel
LogPluginManager: Mounting plugin CharacterAI
LogPluginManager: Mounting plugin GeometryCache
LogPluginManager: Mounting plugin PlatformCrypto
LogPluginManager: Mounting plugin ProxyLODPlugin
LogPluginManager: Mounting plugin SkeletalReduction
LogPluginManager: Mounting plugin MagicLeap
LogPluginManager: Mounting plugin MagicLeapMedia
LogPluginManager: Mounting plugin MLSDK
LogPluginManager: Mounting plugin AndroidMedia
LogPluginManager: Mounting plugin AvfMedia
LogPluginManager: Mounting plugin ImgMedia
LogPluginManager: Mounting plugin MediaCompositing
LogPluginManager: Mounting plugin MediaPlayerEditor
LogPluginManager: Mounting plugin WebMMedia
LogPluginManager: Mounting plugin WmfMedia
LogPluginManager: Mounting plugin TcpMessaging
LogPluginManager: Mounting plugin UdpMessaging
LogPluginManager: Mounting plugin ActorSequence
LogPluginManager: Mounting plugin LevelSequenceEditor
LogPluginManager: Mounting plugin MatineeToLevelSequence
LogPluginManager: Mounting plugin NetcodeUnitTest
LogPluginManager: Mounting plugin NUTUnrealEngine4
LogPluginManager: Mounting plugin OnlineSubsystemGooglePlay
LogPluginManager: Mounting plugin OnlineSubsystemIOS
LogPluginManager: Mounting plugin OnlineSubsystem
LogPluginManager: Mounting plugin OnlineSubsystemNull
LogPluginManager: Mounting plugin OnlineSubsystemUtils
LogPluginManager: Mounting plugin LauncherChunkInstaller
LogPluginManager: Mounting plugin AndroidDeviceProfileSelector
LogPluginManager: Mounting plugin AndroidMoviePlayer
LogPluginManager: Mounting plugin AndroidPermission
LogPluginManager: Mounting plugin AppleImageUtils
LogPluginManager: Mounting plugin AppleMoviePlayer
LogPluginManager: Mounting plugin ArchVisCharacter
LogPluginManager: Mounting plugin AssetTags
LogPluginManager: Mounting plugin AudioCapture
LogPluginManager: Mounting plugin CableComponent
LogPluginManager: Mounting plugin CustomMeshComponent
LogPluginManager: Mounting plugin EditableMesh
LogPluginManager: Mounting plugin ExampleDeviceProfileSelector
LogPluginManager: Mounting plugin GoogleCloudMessaging
LogPluginManager: Mounting plugin IOSDeviceProfileSelector
LogPluginManager: Mounting plugin LinuxDeviceProfileSelector
LogPluginManager: Mounting plugin LocationServicesBPLibrary
LogPluginManager: Mounting plugin MobilePatchingUtils
LogPluginManager: Mounting plugin OculusVR
LogPluginManager: Mounting plugin PhysXVehicles
LogPluginManager: Mounting plugin PostSplashScreen
LogPluginManager: Mounting plugin ProceduralMeshComponent
LogPluginManager: Mounting plugin RuntimePhysXCooking
LogPluginManager: Mounting plugin SignificanceManager
LogPluginManager: Mounting plugin SteamVR
LogPluginManager: Mounting plugin WebMMoviePlayer
LogPluginManager: Mounting plugin WindowsMoviePlayer
LogPluginManager: Mounting plugin ScreenshotTools
Launching UnrealBuildTool... [C:/Program Files/Epic Games/UE_4.24/Engine/Binaries/DotNET/UnrealBuildTool.exe -Mode=QueryTargets -Project="C:/Users/zelno/Downloads/Stuff/Coding Stuff/Unreal Engine/Assessment3AdvGamesDev/TwistedGrounds/TwistedGrounds.uproject" -Output="C:/Users/zelno/Downloads/Stuff/Coding Stuff/Unreal Engine/Assessment3AdvGamesDev/TwistedGrounds/Intermediate/TargetInfo.json"]
LogInit: Warning: Incompatible or missing module: TwistedGrounds
Running C:/Program Files/Epic Games/UE_4.24/Engine/Binaries/DotNET/UnrealBuildTool.exe Development Win64 -Project="C:/Users/zelno/Downloads/Stuff/Coding Stuff/Unreal Engine/Assessment3AdvGamesDev/TwistedGrounds/TwistedGrounds.uproject" -TargetType=Editor -Progress -NoHotReloadFromIDE
Using 'git status' to determine working set for adaptive non-unity build (C:\Users\zelno\Downloads\Stuff\Coding Stuff\Unreal Engine\Assessment3AdvGamesDev).
Creating makefile for TwistedGroundsEditor (no existing makefile)
@progress push 5%
Parsing headers for TwistedGroundsEditor
  Running UnrealHeaderTool "C:\Users\zelno\Downloads\Stuff\Coding Stuff\Unreal Engine\Assessment3AdvGamesDev\TwistedGrounds\TwistedGrounds.uproject" "C:\Users\zelno\Downloads\Stuff\Coding Stuff\Unreal Engine\Assessment3AdvGamesDev\TwistedGrounds\Intermediate\Build\Win64\TwistedGroundsEditor\Development\TwistedGroundsEditor.uhtmanifest" -LogCmds="loginit warning, logexit warning, logdatabase error" -Unattended -WarningsAsErrors -installed
Reflection code generated for TwistedGroundsEditor in 5.2508583 seconds
@progress pop
Building TwistedGroundsEditor...
Using Visual Studio 2019 14.29.30040 toolchain (C:\Program Files (x86)\Microsoft Visual Studio\2019\Community\VC\Tools\MSVC\14.29.30037) and Windows 10.0.18362.0 SDK (C:\Program Files (x86)\Windows Kits\10).
Building 22 actions with 8 processes...
  @progress 'Compiling C++ source code...' 0%
  @progress 'Compiling C++ source code...' 5%
  [1/22] Default.rc2
  @progress 'Compiling C++ source code...' 9%
  [2/22] SharedPCH.Engine.ShadowErrors.cpp
  @progress 'Compiling C++ source code...' 14%
  [3/22] TwistedGrounds.cpp
  @progress 'Compiling C++ source code...' 18%
  [4/22] DustClouds.cpp
  @progress 'Compiling C++ source code...' 23%
  [5/22] SavedMap.cpp
  @progress 'Compiling C++ source code...' 27%
  [6/22] TwistedGroundsGameMode.cpp
  @progress 'Compiling C++ source code...' 32%
  [7/22] DustClouds.gen.cpp
  @progress 'Compiling C++ source code...' 36%
  [8/22] ProcedurallyGeneratedMap.cpp
  @progress 'Compiling C++ source code...' 41%
  [9/22] TwistedGrounds.init.gen.cpp
  @progress 'Compiling C++ source code...' 45%
  [10/22] ProcMeshSculpt.cpp
  @progress 'Compiling C++ source code...' 50%
  [11/22] SavedMap.gen.cpp
  @progress 'Compiling C++ source code...' 55%
  [12/22] ProcedurallyGeneratedMap.gen.cpp
  @progress 'Compiling C++ source code...' 59%
  [13/22] PlayerCharacter.cpp
  @progress 'Compiling C++ source code...' 64%
  [14/22] TwistedGroundsGameMode.gen.cpp
  @progress 'Compiling C++ source code...' 68%
  [15/22] ProcMeshSculpt.gen.cpp
  @progress 'Compiling C++ source code...' 73%
  [16/22] TwistedGroundsHUD.gen.cpp
  @progress 'Compiling C++ source code...' 77%
  [17/22] PlayerCharacter.gen.cpp
  @progress 'Compiling C++ source code...' 82%
  [18/22] TwistedGroundsHUD.cpp
  @progress 'Compiling C++ source code...' 86%
  [19/22] UpdateMeshThread.cpp
  @progress 'Compiling C++ source code...' 91%
  [20/22] UE4Editor-TwistedGrounds.lib
     Creating library C:\Users\zelno\Downloads\Stuff\Coding Stuff\Unreal Engine\Assessment3AdvGamesDev\TwistedGrounds\Intermediate\Build\Win64\UE4Editor\Development\TwistedGrounds\UE4Editor-TwistedGrounds.lib and object C:\Users\zelno\Downloads\Stuff\Coding Stuff\Unreal Engine\Assessment3AdvGamesDev\TwistedGrounds\Intermediate\Build\Win64\UE4Editor\Development\TwistedGrounds\UE4Editor-TwistedGrounds.exp
  @progress 'Compiling C++ source code...' 95%
  [21/22] UE4Editor-TwistedGrounds.dll
     Creating library C:\Users\zelno\Downloads\Stuff\Coding Stuff\Unreal Engine\Assessment3AdvGamesDev\TwistedGrounds\Intermediate\Build\Win64\UE4Editor\Development\TwistedGrounds\UE4Editor-TwistedGrounds.suppressed.lib and object C:\Users\zelno\Downloads\Stuff\Coding Stuff\Unreal Engine\Assessment3AdvGamesDev\TwistedGrounds\Intermediate\Build\Win64\UE4Editor\Development\TwistedGrounds\UE4Editor-TwistedGrounds.suppressed.exp
  @progress 'Compiling C++ source code...' 100%
  [22/22] TwistedGroundsEditor.target
Total time in Parallel executor: 18.76 seconds
Total execution time: 26.33 seconds
LogInit: Using libcurl 7.55.1-DEV
LogInit:  - built for x86_64-pc-win32
LogInit:  - supports SSL with OpenSSL/1.1.1
LogInit:  - supports HTTP deflate (compression) using libz 1.2.8
LogInit:  - other features:
LogInit:      CURL_VERSION_SSL
LogInit:      CURL_VERSION_LIBZ
LogInit:      CURL_VERSION_IPV6
LogInit:      CURL_VERSION_ASYNCHDNS
LogInit:      CURL_VERSION_LARGEFILE
LogInit:      CURL_VERSION_IDN
LogInit:  CurlRequestOptions (configurable via config and command line):
LogInit:  - bVerifyPeer = true  - Libcurl will verify peer certificate
LogInit:  - bUseHttpProxy = false  - Libcurl will NOT use HTTP proxy
LogInit:  - bDontReuseConnections = false  - Libcurl will reuse connections
LogInit:  - MaxHostConnections = 16  - Libcurl will limit the number of connections to a host
LogInit:  - LocalHostAddr = Default
LogInit:  - BufferSize = 65536
LogOnline: OSS: Creating online subsystem instance for: NULL
LogInit: WinSock: version 1.1 (2.2), MaxSocks=32767, MaxUdp=65467
LogOnline: OSS: TryLoadSubsystemAndSetDefault: Loaded subsystem for module [NULL]
LogInit: Build: ++UE4+Release-4.24-CL-11590370
LogInit: Engine Version: 4.24.3-11590370+++UE4+Release-4.24
LogInit: Compatible Engine Version: 4.24.0-10570792+++UE4+Release-4.24
LogInit: Net CL: 10570792
LogInit: OS: Windows 10 (Release 2009) (), CPU: Intel(R) Core(TM) i7-1065G7 CPU @ 1.30GHz, GPU: Intel(R) Iris(R) Plus Graphics
LogInit: Compiled (64-bit): Feb 24 2020 15:39:18
LogInit: Compiled with Visual C++: 19.16.27032.01
LogInit: Build Configuration: Development
LogInit: Branch Name: ++UE4+Release-4.24
LogInit: Command Line: 
LogInit: Base Directory: C:/Program Files/Epic Games/UE_4.24/Engine/Binaries/Win64/
LogInit: Installed Engine Build: 1
LogDevObjectVersion: Number of dev versions registered: 25
LogDevObjectVersion:   Dev-Blueprints (B0D832E4-1F89-4F0D-ACCF-7EB736FD4AA2): 10
LogDevObjectVersion:   Dev-Build (E1C64328-A22C-4D53-A36C-8E866417BD8C): 0
LogDevObjectVersion:   Dev-Core (375EC13C-06E4-48FB-B500-84F0262A717E): 3
LogDevObjectVersion:   Dev-Editor (E4B068ED-F494-42E9-A231-DA0B2E46BB41): 37
LogDevObjectVersion:   Dev-Framework (CFFC743F-43B0-4480-9391-14DF171D2073): 36
LogDevObjectVersion:   Dev-Mobile (B02B49B5-BB20-44E9-A304-32B752E40360): 2
LogDevObjectVersion:   Dev-Networking (A4E4105C-59A1-49B5-A7C5-40C4547EDFEE): 0
LogDevObjectVersion:   Dev-Online (39C831C9-5AE6-47DC-9A44-9C173E1C8E7C): 0
LogDevObjectVersion:   Dev-Physics (78F01B33-EBEA-4F98-B9B4-84EACCB95AA2): 2
LogDevObjectVersion:   Dev-Platform (6631380F-2D4D-43E0-8009-CF276956A95A): 0
LogDevObjectVersion:   Dev-Rendering (12F88B9F-8875-4AFC-A67C-D90C383ABD29): 36
LogDevObjectVersion:   Dev-Sequencer (7B5AE74C-D270-4C10-A958-57980B212A5A): 11
LogDevObjectVersion:   Dev-VR (D7296918-1DD6-4BDD-9DE2-64A83CC13884): 2
LogDevObjectVersion:   Dev-LoadTimes (C2A15278-BFE7-4AFE-6C17-90FF531DF755): 1
LogDevObjectVersion:   Private-Geometry (6EACA3D4-40EC-4CC1-B786-8BED09428FC5): 3
LogDevObjectVersion:   Dev-AnimPhys (29E575DD-E0A3-4627-9D10-D276232CDCEA): 17
LogDevObjectVersion:   Dev-Anim (AF43A65D-7FD3-4947-9873-3E8ED9C1BB05): 2
LogDevObjectVersion:   Dev-ReflectionCapture (6B266CEC-1EC7-4B8F-A30B-E4D90942FC07): 1
LogDevObjectVersion:   Dev-Automation (0DF73D61-A23F-47EA-B727-89E90C41499A): 1
LogDevObjectVersion:   FortniteMain (601D1886-AC64-4F84-AA16-D3DE0DEAC7D6): 31
LogDevObjectVersion:   Dev-Enterprise (9DFFBCD6-494F-0158-E221-12823C92A888): 8
LogDevObjectVersion:   Dev-Niagara (F2AED0AC-9AFE-416F-8664-AA7FFA26D6FC): 1
LogDevObjectVersion:   Dev-Destruction (174F1F0B-B4C6-45A5-B13F-2EE8D0FB917D): 9
LogDevObjectVersion:   Dev-Physics-Ext (35F94A83-E258-406C-A318-09F59610247C): 8
LogDevObjectVersion:   Dev-CineCamera (B2E18506-4273-CFC2-A54E-F4BB758BBA07): 1
LogInit: Presizing for max 25165824 objects, including 0 objects not considered by GC, pre-allocating 0 bytes for permanent pool.
LogInit: Object subsystem initialized
LogConfig: Setting CVar [[con.DebugEarlyDefault:1]]
LogConfig: Setting CVar [[r.setres:1280x720]]
[2021.09.29-02.29.56:635][  0]LogConfig: Setting CVar [[r.VSync:0]]
[2021.09.29-02.29.56:635][  0]LogConfig: Setting CVar [[r.RHICmdBypass:0]]
[2021.09.29-02.29.56:635][  0]LogConfig: Applying CVar settings from Section [/Script/Engine.RendererSettings] File [C:/Users/zelno/Downloads/Stuff/Coding Stuff/Unreal Engine/Assessment3AdvGamesDev/TwistedGrounds/Saved/Config/Windows/Engine.ini]
[2021.09.29-02.29.56:635][  0]LogConfig: Setting CVar [[r.GPUCrashDebugging:0]]
[2021.09.29-02.29.56:635][  0]LogConfig: Applying CVar settings from Section [/Script/Engine.RendererOverrideSettings] File [C:/Users/zelno/Downloads/Stuff/Coding Stuff/Unreal Engine/Assessment3AdvGamesDev/TwistedGrounds/Saved/Config/Windows/Engine.ini]
[2021.09.29-02.29.56:635][  0]LogConfig: Applying CVar settings from Section [/Script/Engine.StreamingSettings] File [C:/Users/zelno/Downloads/Stuff/Coding Stuff/Unreal Engine/Assessment3AdvGamesDev/TwistedGrounds/Saved/Config/Windows/Engine.ini]
[2021.09.29-02.29.56:635][  0]LogConfig: Setting CVar [[s.MinBulkDataSizeForAsyncLoading:131072]]
[2021.09.29-02.29.56:635][  0]LogConfig: Setting CVar [[s.AsyncLoadingThreadEnabled:0]]
[2021.09.29-02.29.56:635][  0]LogConfig: Setting CVar [[s.EventDrivenLoaderEnabled:1]]
[2021.09.29-02.29.56:635][  0]LogConfig: Setting CVar [[s.WarnIfTimeLimitExceeded:0]]
[2021.09.29-02.29.56:635][  0]LogConfig: Setting CVar [[s.TimeLimitExceededMultiplier:1.5]]
[2021.09.29-02.29.56:635][  0]LogConfig: Setting CVar [[s.TimeLimitExceededMinTime:0.005]]
[2021.09.29-02.29.56:635][  0]LogConfig: Setting CVar [[s.UseBackgroundLevelStreaming:1]]
[2021.09.29-02.29.56:635][  0]LogConfig: Setting CVar [[s.PriorityAsyncLoadingExtraTime:15.0]]
[2021.09.29-02.29.56:635][  0]LogConfig: Setting CVar [[s.LevelStreamingActorsUpdateTimeLimit:5.0]]
[2021.09.29-02.29.56:635][  0]LogConfig: Setting CVar [[s.PriorityLevelStreamingActorsUpdateExtraTime:5.0]]
[2021.09.29-02.29.56:635][  0]LogConfig: Setting CVar [[s.LevelStreamingComponentsRegistrationGranularity:10]]
[2021.09.29-02.29.56:635][  0]LogConfig: Setting CVar [[s.UnregisterComponentsTimeLimit:1.0]]
[2021.09.29-02.29.56:635][  0]LogConfig: Setting CVar [[s.LevelStreamingComponentsUnregistrationGranularity:5]]
[2021.09.29-02.29.56:635][  0]LogConfig: Setting CVar [[s.FlushStreamingOnExit:1]]
[2021.09.29-02.29.56:635][  0]LogConfig: Applying CVar settings from Section [/Script/Engine.GarbageCollectionSettings] File [C:/Users/zelno/Downloads/Stuff/Coding Stuff/Unreal Engine/Assessment3AdvGamesDev/TwistedGrounds/Saved/Config/Windows/Engine.ini]
[2021.09.29-02.29.56:635][  0]LogConfig: Setting CVar [[gc.MaxObjectsNotConsideredByGC:1]]
[2021.09.29-02.29.56:635][  0]LogConfig: Setting CVar [[gc.SizeOfPermanentObjectPool:0]]
[2021.09.29-02.29.56:635][  0]LogConfig: Setting CVar [[gc.FlushStreamingOnGC:0]]
[2021.09.29-02.29.56:635][  0]LogConfig: Setting CVar [[gc.NumRetriesBeforeForcingGC:10]]
[2021.09.29-02.29.56:635][  0]LogConfig: Setting CVar [[gc.AllowParallelGC:1]]
[2021.09.29-02.29.56:635][  0]LogConfig: Setting CVar [[gc.TimeBetweenPurgingPendingKillObjects:61.1]]
[2021.09.29-02.29.56:635][  0]LogConfig: Setting CVar [[gc.MaxObjectsInEditor:25165824]]
[2021.09.29-02.29.56:635][  0]LogConfig: Setting CVar [[gc.IncrementalBeginDestroyEnabled:1]]
[2021.09.29-02.29.56:635][  0]LogConfig: Setting CVar [[gc.CreateGCClusters:1]]
[2021.09.29-02.29.56:635][  0]LogConfig: Setting CVar [[gc.MinGCClusterSize:5]]
[2021.09.29-02.29.56:635][  0]LogConfig: Setting CVar [[gc.ActorClusteringEnabled:0]]
[2021.09.29-02.29.56:635][  0]LogConfig: Setting CVar [[gc.BlueprintClusteringEnabled:0]]
[2021.09.29-02.29.56:635][  0]LogConfig: Setting CVar [[gc.UseDisregardForGCOnDedicatedServers:0]]
[2021.09.29-02.29.56:635][  0]LogConfig: Applying CVar settings from Section [/Script/Engine.NetworkSettings] File [C:/Users/zelno/Downloads/Stuff/Coding Stuff/Unreal Engine/Assessment3AdvGamesDev/TwistedGrounds/Saved/Config/Windows/Engine.ini]
[2021.09.29-02.29.56:635][  0]LogConfig: Applying CVar settings from Section [/Script/UnrealEd.CookerSettings] File [C:/Users/zelno/Downloads/Stuff/Coding Stuff/Unreal Engine/Assessment3AdvGamesDev/TwistedGrounds/Saved/Config/Windows/Engine.ini]
[2021.09.29-02.29.56:637][  0]LogConfig: Applying CVar settings from Section [ViewDistanceQuality@3] File [C:/Users/zelno/Downloads/Stuff/Coding Stuff/Unreal Engine/Assessment3AdvGamesDev/TwistedGrounds/Saved/Config/Windows/Scalability.ini]
[2021.09.29-02.29.56:637][  0]LogConfig: Setting CVar [[r.SkeletalMeshLODBias:0]]
[2021.09.29-02.29.56:637][  0]LogConfig: Setting CVar [[r.ViewDistanceScale:1.0]]
[2021.09.29-02.29.56:637][  0]LogConfig: Applying CVar settings from Section [AntiAliasingQuality@3] File [C:/Users/zelno/Downloads/Stuff/Coding Stuff/Unreal Engine/Assessment3AdvGamesDev/TwistedGrounds/Saved/Config/Windows/Scalability.ini]
[2021.09.29-02.29.56:637][  0]LogConfig: Setting CVar [[r.PostProcessAAQuality:4]]
[2021.09.29-02.29.56:637][  0]LogConfig: Applying CVar settings from Section [ShadowQuality@3] File [C:/Users/zelno/Downloads/Stuff/Coding Stuff/Unreal Engine/Assessment3AdvGamesDev/TwistedGrounds/Saved/Config/Windows/Scalability.ini]
[2021.09.29-02.29.56:637][  0]LogConfig: Setting CVar [[r.LightFunctionQuality:1]]
[2021.09.29-02.29.56:637][  0]LogConfig: Setting CVar [[r.ShadowQuality:5]]
[2021.09.29-02.29.56:637][  0]LogConfig: Setting CVar [[r.Shadow.CSM.MaxCascades:10]]
[2021.09.29-02.29.56:637][  0]LogConfig: Setting CVar [[r.Shadow.MaxResolution:2048]]
[2021.09.29-02.29.56:637][  0]LogConfig: Setting CVar [[r.Shadow.MaxCSMResolution:2048]]
[2021.09.29-02.29.56:637][  0]LogConfig: Setting CVar [[r.Shadow.RadiusThreshold:0.01]]
[2021.09.29-02.29.56:637][  0]LogConfig: Setting CVar [[r.Shadow.DistanceScale:1.0]]
[2021.09.29-02.29.56:637][  0]LogConfig: Setting CVar [[r.Shadow.CSM.TransitionScale:1.0]]
[2021.09.29-02.29.56:637][  0]LogConfig: Setting CVar [[r.Shadow.PreShadowResolutionFactor:1.0]]
[2021.09.29-02.29.56:637][  0]LogConfig: Setting CVar [[r.DistanceFieldShadowing:1]]
[2021.09.29-02.29.56:638][  0]LogConfig: Setting CVar [[r.DistanceFieldAO:1]]
[2021.09.29-02.29.56:638][  0]LogConfig: Setting CVar [[r.AOQuality:2]]
[2021.09.29-02.29.56:638][  0]LogConfig: Setting CVar [[r.VolumetricFog:1]]
[2021.09.29-02.29.56:638][  0]LogConfig: Setting CVar [[r.VolumetricFog.GridPixelSize:8]]
[2021.09.29-02.29.56:638][  0]LogConfig: Setting CVar [[r.VolumetricFog.GridSizeZ:128]]
[2021.09.29-02.29.56:638][  0]LogConfig: Setting CVar [[r.VolumetricFog.HistoryMissSupersampleCount:4]]
[2021.09.29-02.29.56:638][  0]LogConfig: Setting CVar [[r.LightMaxDrawDistanceScale:1]]
[2021.09.29-02.29.56:638][  0]LogConfig: Setting CVar [[r.CapsuleShadows:1]]
[2021.09.29-02.29.56:638][  0]LogConfig: Applying CVar settings from Section [PostProcessQuality@3] File [C:/Users/zelno/Downloads/Stuff/Coding Stuff/Unreal Engine/Assessment3AdvGamesDev/TwistedGrounds/Saved/Config/Windows/Scalability.ini]
[2021.09.29-02.29.56:638][  0]LogConfig: Setting CVar [[r.MotionBlurQuality:4]]
[2021.09.29-02.29.56:638][  0]LogConfig: Setting CVar [[r.AmbientOcclusionMipLevelFactor:0.4]]
[2021.09.29-02.29.56:638][  0]LogConfig: Setting CVar [[r.AmbientOcclusionMaxQuality:100]]
[2021.09.29-02.29.56:638][  0]LogConfig: Setting CVar [[r.AmbientOcclusionLevels:-1]]
[2021.09.29-02.29.56:638][  0]LogConfig: Setting CVar [[r.AmbientOcclusionRadiusScale:1.0]]
[2021.09.29-02.29.56:638][  0]LogConfig: Setting CVar [[r.DepthOfFieldQuality:2]]
[2021.09.29-02.29.56:638][  0]LogConfig: Setting CVar [[r.RenderTargetPoolMin:400]]
[2021.09.29-02.29.56:638][  0]LogConfig: Setting CVar [[r.LensFlareQuality:2]]
[2021.09.29-02.29.56:638][  0]LogConfig: Setting CVar [[r.SceneColorFringeQuality:1]]
[2021.09.29-02.29.56:638][  0]LogConfig: Setting CVar [[r.EyeAdaptationQuality:2]]
[2021.09.29-02.29.56:638][  0]LogConfig: Setting CVar [[r.BloomQuality:5]]
[2021.09.29-02.29.56:638][  0]LogConfig: Setting CVar [[r.FastBlurThreshold:100]]
[2021.09.29-02.29.56:638][  0]LogConfig: Setting CVar [[r.Upscale.Quality:3]]
[2021.09.29-02.29.56:638][  0]LogConfig: Setting CVar [[r.Tonemapper.GrainQuantization:1]]
[2021.09.29-02.29.56:638][  0]LogConfig: Setting CVar [[r.LightShaftQuality:1]]
[2021.09.29-02.29.56:638][  0]LogConfig: Setting CVar [[r.Filter.SizeScale:1]]
[2021.09.29-02.29.56:638][  0]LogConfig: Setting CVar [[r.Tonemapper.Quality:5]]
[2021.09.29-02.29.56:638][  0]LogConfig: Setting CVar [[r.DOF.Gather.AccumulatorQuality:1        ; higher gathering accumulator quality]]
[2021.09.29-02.29.56:638][  0]LogConfig: Setting CVar [[r.DOF.Gather.PostfilterMethod:1          ; Median3x3 postfilering method]]
[2021.09.29-02.29.56:638][  0]LogConfig: Setting CVar [[r.DOF.Gather.EnableBokehSettings:0       ; no bokeh simulation when gathering]]
[2021.09.29-02.29.56:638][  0]LogConfig: Setting CVar [[r.DOF.Gather.RingCount:4                 ; medium number of samples when gathering]]
[2021.09.29-02.29.56:638][  0]LogConfig: Setting CVar [[r.DOF.Scatter.ForegroundCompositing:1    ; additive foreground scattering]]
[2021.09.29-02.29.56:638][  0]LogConfig: Setting CVar [[r.DOF.Scatter.BackgroundCompositing:2    ; additive background scattering]]
[2021.09.29-02.29.56:638][  0]LogConfig: Setting CVar [[r.DOF.Scatter.EnableBokehSettings:1      ; bokeh simulation when scattering]]
[2021.09.29-02.29.56:638][  0]LogConfig: Setting CVar [[r.DOF.Scatter.MaxSpriteRatio:0.1         ; only a maximum of 10% of scattered bokeh]]
[2021.09.29-02.29.56:638][  0]LogConfig: Setting CVar [[r.DOF.Recombine.Quality:1                ; cheap slight out of focus]]
[2021.09.29-02.29.56:638][  0]LogConfig: Setting CVar [[r.DOF.Recombine.EnableBokehSettings:0    ; no bokeh simulation on slight out of focus]]
[2021.09.29-02.29.56:638][  0]LogConfig: Setting CVar [[r.DOF.TemporalAAQuality:1                ; more stable temporal accumulation]]
[2021.09.29-02.29.56:638][  0]LogConfig: Setting CVar [[r.DOF.Kernel.MaxForegroundRadius:0.025]]
[2021.09.29-02.29.56:638][  0]LogConfig: Setting CVar [[r.DOF.Kernel.MaxBackgroundRadius:0.025]]
[2021.09.29-02.29.56:638][  0]LogConfig: Applying CVar settings from Section [TextureQuality@3] File [C:/Users/zelno/Downloads/Stuff/Coding Stuff/Unreal Engine/Assessment3AdvGamesDev/TwistedGrounds/Saved/Config/Windows/Scalability.ini]
[2021.09.29-02.29.56:638][  0]LogConfig: Setting CVar [[r.Streaming.MipBias:0]]
[2021.09.29-02.29.56:638][  0]LogConfig: Setting CVar [[r.Streaming.AmortizeCPUToGPUCopy:0]]
[2021.09.29-02.29.56:638][  0]LogConfig: Setting CVar [[r.Streaming.MaxNumTexturesToStreamPerFrame:0]]
[2021.09.29-02.29.56:638][  0]LogConfig: Setting CVar [[r.Streaming.Boost:1]]
[2021.09.29-02.29.56:638][  0]LogConfig: Setting CVar [[r.MaxAnisotropy:8]]
[2021.09.29-02.29.56:638][  0]LogConfig: Setting CVar [[r.VT.MaxAnisotropy:8]]
[2021.09.29-02.29.56:638][  0]LogConfig: Setting CVar [[r.Streaming.LimitPoolSizeToVRAM:0]]
[2021.09.29-02.29.56:638][  0]LogConfig: Setting CVar [[r.Streaming.PoolSize:1000]]
[2021.09.29-02.29.56:638][  0]LogConfig: Setting CVar [[r.Streaming.MaxEffectiveScreenSize:0]]
[2021.09.29-02.29.56:638][  0]LogConfig: Applying CVar settings from Section [EffectsQuality@3] File [C:/Users/zelno/Downloads/Stuff/Coding Stuff/Unreal Engine/Assessment3AdvGamesDev/TwistedGrounds/Saved/Config/Windows/Scalability.ini]
[2021.09.29-02.29.56:638][  0]LogConfig: Setting CVar [[r.TranslucencyLightingVolumeDim:64]]
[2021.09.29-02.29.56:638][  0]LogConfig: Setting CVar [[r.RefractionQuality:2]]
[2021.09.29-02.29.56:638][  0]LogConfig: Setting CVar [[r.SSR.Quality:3]]
[2021.09.29-02.29.56:638][  0]LogConfig: Setting CVar [[r.SSR.HalfResSceneColor:0]]
[2021.09.29-02.29.56:638][  0]LogConfig: Setting CVar [[r.SceneColorFormat:4]]
[2021.09.29-02.29.56:638][  0]LogConfig: Setting CVar [[r.DetailMode:2]]
[2021.09.29-02.29.56:638][  0]LogConfig: Setting CVar [[r.TranslucencyVolumeBlur:1]]
[2021.09.29-02.29.56:638][  0]LogConfig: Setting CVar [[r.MaterialQualityLevel:1 ; High quality]]
[2021.09.29-02.29.56:638][  0]LogConfig: Setting CVar [[r.SSS.Scale:1]]
[2021.09.29-02.29.56:638][  0]LogConfig: Setting CVar [[r.SSS.SampleSet:2]]
[2021.09.29-02.29.56:638][  0]LogConfig: Setting CVar [[r.SSS.Quality:1]]
[2021.09.29-02.29.56:638][  0]LogConfig: Setting CVar [[r.SSS.HalfRes:1]]
[2021.09.29-02.29.56:638][  0]LogConfig: Setting CVar [[r.SSGI.Quality:3]]
[2021.09.29-02.29.56:638][  0]LogConfig: Setting CVar [[r.EmitterSpawnRateScale:1.0]]
[2021.09.29-02.29.56:638][  0]LogConfig: Setting CVar [[r.ParticleLightQuality:2]]
[2021.09.29-02.29.56:638][  0]LogConfig: Setting CVar [[r.SkyAtmosphere.AerialPerspectiveLUT.FastApplyOnOpaque:1 ; Always have FastSkyLUT 1 in this case to avoid wrong sky]]
[2021.09.29-02.29.56:638][  0]LogConfig: Setting CVar [[r.SkyAtmosphere.AerialPerspectiveLUT.SampleCountPerSlice:1]]
[2021.09.29-02.29.56:638][  0]LogConfig: Setting CVar [[r.SkyAtmosphere.AerialPerspectiveLUT.DepthResolution:16.0]]
[2021.09.29-02.29.56:638][  0]LogConfig: Setting CVar [[r.SkyAtmosphere.FastSkyLUT:1]]
[2021.09.29-02.29.56:638][  0]LogConfig: Setting CVar [[r.SkyAtmosphere.FastSkyLUT.SampleCountMin:4.0]]
[2021.09.29-02.29.56:638][  0]LogConfig: Setting CVar [[r.SkyAtmosphere.FastSkyLUT.SampleCountMax:32.0]]
[2021.09.29-02.29.56:638][  0]LogConfig: Setting CVar [[r.SkyAtmosphere.SampleCountMin:4.0]]
[2021.09.29-02.29.56:638][  0]LogConfig: Setting CVar [[r.SkyAtmosphere.SampleCountMax:32.0]]
[2021.09.29-02.29.56:638][  0]LogConfig: Setting CVar [[r.SkyAtmosphere.TransmittanceLUT.UseSmallFormat:0]]
[2021.09.29-02.29.56:638][  0]LogConfig: Setting CVar [[r.SkyAtmosphere.TransmittanceLUT.SampleCount:10.0]]
[2021.09.29-02.29.56:638][  0]LogConfig: Setting CVar [[r.SkyAtmosphere.MultiScatteringLUT.SampleCount:15.0]]
[2021.09.29-02.29.56:638][  0]LogConfig: Applying CVar settings from Section [FoliageQuality@3] File [C:/Users/zelno/Downloads/Stuff/Coding Stuff/Unreal Engine/Assessment3AdvGamesDev/TwistedGrounds/Saved/Config/Windows/Scalability.ini]
[2021.09.29-02.29.56:638][  0]LogConfig: Setting CVar [[foliage.DensityScale:1.0]]
[2021.09.29-02.29.56:638][  0]LogConfig: Setting CVar [[grass.DensityScale:1.0]]
[2021.09.29-02.29.56:638][  0]LogConfig: Applying CVar settings from Section [ShadingQuality@3] File [C:/Users/zelno/Downloads/Stuff/Coding Stuff/Unreal Engine/Assessment3AdvGamesDev/TwistedGrounds/Saved/Config/Windows/Scalability.ini]
[2021.09.29-02.29.56:638][  0]LogConfig: Setting CVar [[r.HairStrands.SkyLighting.SampleCount:16]]
[2021.09.29-02.29.56:638][  0]LogConfig: Setting CVar [[r.HairStrands.SkyLighting.JitterIntegration:0]]
[2021.09.29-02.29.56:638][  0]LogConfig: Setting CVar [[r.HairStrands.SkyAO.SampleCount:16]]
[2021.09.29-02.29.56:638][  0]LogInit: Selected Device Profile: [Windows]
[2021.09.29-02.29.56:638][  0]LogInit: Applying CVar settings loaded from the selected device profile: [Windows]
[2021.09.29-02.29.56:641][  0]LogHAL: Display: Platform has ~ 16 GB [16745943040 / 17179869184 / 16], which maps to Larger [LargestMinGB=32, LargerMinGB=12, DefaultMinGB=8, SmallerMinGB=6, SmallestMinGB=0)
[2021.09.29-02.29.56:641][  0]LogInit: Going up to parent DeviceProfile []
[2021.09.29-02.29.56:641][  0]LogConfig: Applying CVar settings from Section [ViewDistanceQuality@3] File [C:/Users/zelno/Downloads/Stuff/Coding Stuff/Unreal Engine/Assessment3AdvGamesDev/TwistedGrounds/Saved/Config/Windows/Scalability.ini]
[2021.09.29-02.29.56:641][  0]LogConfig: Setting CVar [[r.SkeletalMeshLODBias:0]]
[2021.09.29-02.29.56:641][  0]LogConfig: Setting CVar [[r.ViewDistanceScale:1.0]]
[2021.09.29-02.29.56:641][  0]LogConfig: Applying CVar settings from Section [AntiAliasingQuality@3] File [C:/Users/zelno/Downloads/Stuff/Coding Stuff/Unreal Engine/Assessment3AdvGamesDev/TwistedGrounds/Saved/Config/Windows/Scalability.ini]
[2021.09.29-02.29.56:641][  0]LogConfig: Setting CVar [[r.PostProcessAAQuality:4]]
[2021.09.29-02.29.56:641][  0]LogConfig: Applying CVar settings from Section [ShadowQuality@3] File [C:/Users/zelno/Downloads/Stuff/Coding Stuff/Unreal Engine/Assessment3AdvGamesDev/TwistedGrounds/Saved/Config/Windows/Scalability.ini]
[2021.09.29-02.29.56:641][  0]LogConfig: Setting CVar [[r.LightFunctionQuality:1]]
[2021.09.29-02.29.56:641][  0]LogConfig: Setting CVar [[r.ShadowQuality:5]]
[2021.09.29-02.29.56:641][  0]LogConfig: Setting CVar [[r.Shadow.CSM.MaxCascades:10]]
[2021.09.29-02.29.56:641][  0]LogConfig: Setting CVar [[r.Shadow.MaxResolution:2048]]
[2021.09.29-02.29.56:641][  0]LogConfig: Setting CVar [[r.Shadow.MaxCSMResolution:2048]]
[2021.09.29-02.29.56:641][  0]LogConfig: Setting CVar [[r.Shadow.RadiusThreshold:0.01]]
[2021.09.29-02.29.56:641][  0]LogConfig: Setting CVar [[r.Shadow.DistanceScale:1.0]]
[2021.09.29-02.29.56:641][  0]LogConfig: Setting CVar [[r.Shadow.CSM.TransitionScale:1.0]]
[2021.09.29-02.29.56:641][  0]LogConfig: Setting CVar [[r.Shadow.PreShadowResolutionFactor:1.0]]
[2021.09.29-02.29.56:641][  0]LogConfig: Setting CVar [[r.DistanceFieldShadowing:1]]
[2021.09.29-02.29.56:641][  0]LogConfig: Setting CVar [[r.DistanceFieldAO:1]]
[2021.09.29-02.29.56:641][  0]LogConfig: Setting CVar [[r.AOQuality:2]]
[2021.09.29-02.29.56:641][  0]LogConfig: Setting CVar [[r.VolumetricFog:1]]
[2021.09.29-02.29.56:641][  0]LogConfig: Setting CVar [[r.VolumetricFog.GridPixelSize:8]]
[2021.09.29-02.29.56:641][  0]LogConfig: Setting CVar [[r.VolumetricFog.GridSizeZ:128]]
[2021.09.29-02.29.56:641][  0]LogConfig: Setting CVar [[r.VolumetricFog.HistoryMissSupersampleCount:4]]
[2021.09.29-02.29.56:641][  0]LogConfig: Setting CVar [[r.LightMaxDrawDistanceScale:1]]
[2021.09.29-02.29.56:641][  0]LogConfig: Setting CVar [[r.CapsuleShadows:1]]
[2021.09.29-02.29.56:641][  0]LogConfig: Applying CVar settings from Section [PostProcessQuality@3] File [C:/Users/zelno/Downloads/Stuff/Coding Stuff/Unreal Engine/Assessment3AdvGamesDev/TwistedGrounds/Saved/Config/Windows/Scalability.ini]
[2021.09.29-02.29.56:641][  0]LogConfig: Setting CVar [[r.MotionBlurQuality:4]]
[2021.09.29-02.29.56:641][  0]LogConfig: Setting CVar [[r.AmbientOcclusionMipLevelFactor:0.4]]
[2021.09.29-02.29.56:641][  0]LogConfig: Setting CVar [[r.AmbientOcclusionMaxQuality:100]]
[2021.09.29-02.29.56:641][  0]LogConfig: Setting CVar [[r.AmbientOcclusionLevels:-1]]
[2021.09.29-02.29.56:641][  0]LogConfig: Setting CVar [[r.AmbientOcclusionRadiusScale:1.0]]
[2021.09.29-02.29.56:641][  0]LogConfig: Setting CVar [[r.DepthOfFieldQuality:2]]
[2021.09.29-02.29.56:641][  0]LogConfig: Setting CVar [[r.RenderTargetPoolMin:400]]
[2021.09.29-02.29.56:641][  0]LogConfig: Setting CVar [[r.LensFlareQuality:2]]
[2021.09.29-02.29.56:641][  0]LogConfig: Setting CVar [[r.SceneColorFringeQuality:1]]
[2021.09.29-02.29.56:641][  0]LogConfig: Setting CVar [[r.EyeAdaptationQuality:2]]
[2021.09.29-02.29.56:641][  0]LogConfig: Setting CVar [[r.BloomQuality:5]]
[2021.09.29-02.29.56:641][  0]LogConfig: Setting CVar [[r.FastBlurThreshold:100]]
[2021.09.29-02.29.56:641][  0]LogConfig: Setting CVar [[r.Upscale.Quality:3]]
[2021.09.29-02.29.56:641][  0]LogConfig: Setting CVar [[r.Tonemapper.GrainQuantization:1]]
[2021.09.29-02.29.56:641][  0]LogConfig: Setting CVar [[r.LightShaftQuality:1]]
[2021.09.29-02.29.56:641][  0]LogConfig: Setting CVar [[r.Filter.SizeScale:1]]
[2021.09.29-02.29.56:641][  0]LogConfig: Setting CVar [[r.Tonemapper.Quality:5]]
[2021.09.29-02.29.56:641][  0]LogConfig: Setting CVar [[r.DOF.Gather.AccumulatorQuality:1        ; higher gathering accumulator quality]]
[2021.09.29-02.29.56:641][  0]LogConfig: Setting CVar [[r.DOF.Gather.PostfilterMethod:1          ; Median3x3 postfilering method]]
[2021.09.29-02.29.56:641][  0]LogConfig: Setting CVar [[r.DOF.Gather.EnableBokehSettings:0       ; no bokeh simulation when gathering]]
[2021.09.29-02.29.56:641][  0]LogConfig: Setting CVar [[r.DOF.Gather.RingCount:4                 ; medium number of samples when gathering]]
[2021.09.29-02.29.56:641][  0]LogConfig: Setting CVar [[r.DOF.Scatter.ForegroundCompositing:1    ; additive foreground scattering]]
[2021.09.29-02.29.56:641][  0]LogConfig: Setting CVar [[r.DOF.Scatter.BackgroundCompositing:2    ; additive background scattering]]
[2021.09.29-02.29.56:641][  0]LogConfig: Setting CVar [[r.DOF.Scatter.EnableBokehSettings:1      ; bokeh simulation when scattering]]
[2021.09.29-02.29.56:641][  0]LogConfig: Setting CVar [[r.DOF.Scatter.MaxSpriteRatio:0.1         ; only a maximum of 10% of scattered bokeh]]
[2021.09.29-02.29.56:641][  0]LogConfig: Setting CVar [[r.DOF.Recombine.Quality:1                ; cheap slight out of focus]]
[2021.09.29-02.29.56:641][  0]LogConfig: Setting CVar [[r.DOF.Recombine.EnableBokehSettings:0    ; no bokeh simulation on slight out of focus]]
[2021.09.29-02.29.56:641][  0]LogConfig: Setting CVar [[r.DOF.TemporalAAQuality:1                ; more stable temporal accumulation]]
[2021.09.29-02.29.56:641][  0]LogConfig: Setting CVar [[r.DOF.Kernel.MaxForegroundRadius:0.025]]
[2021.09.29-02.29.56:641][  0]LogConfig: Setting CVar [[r.DOF.Kernel.MaxBackgroundRadius:0.025]]
[2021.09.29-02.29.56:641][  0]LogConfig: Applying CVar settings from Section [TextureQuality@3] File [C:/Users/zelno/Downloads/Stuff/Coding Stuff/Unreal Engine/Assessment3AdvGamesDev/TwistedGrounds/Saved/Config/Windows/Scalability.ini]
[2021.09.29-02.29.56:642][  0]LogConfig: Setting CVar [[r.Streaming.MipBias:0]]
[2021.09.29-02.29.56:642][  0]LogConfig: Setting CVar [[r.Streaming.AmortizeCPUToGPUCopy:0]]
[2021.09.29-02.29.56:642][  0]LogConfig: Setting CVar [[r.Streaming.MaxNumTexturesToStreamPerFrame:0]]
[2021.09.29-02.29.56:642][  0]LogConfig: Setting CVar [[r.Streaming.Boost:1]]
[2021.09.29-02.29.56:642][  0]LogConfig: Setting CVar [[r.MaxAnisotropy:8]]
[2021.09.29-02.29.56:642][  0]LogConfig: Setting CVar [[r.VT.MaxAnisotropy:8]]
[2021.09.29-02.29.56:642][  0]LogConfig: Setting CVar [[r.Streaming.LimitPoolSizeToVRAM:0]]
[2021.09.29-02.29.56:642][  0]LogConfig: Setting CVar [[r.Streaming.PoolSize:1000]]
[2021.09.29-02.29.56:642][  0]LogConfig: Setting CVar [[r.Streaming.MaxEffectiveScreenSize:0]]
[2021.09.29-02.29.56:642][  0]LogConfig: Applying CVar settings from Section [EffectsQuality@3] File [C:/Users/zelno/Downloads/Stuff/Coding Stuff/Unreal Engine/Assessment3AdvGamesDev/TwistedGrounds/Saved/Config/Windows/Scalability.ini]
[2021.09.29-02.29.56:642][  0]LogConfig: Setting CVar [[r.TranslucencyLightingVolumeDim:64]]
[2021.09.29-02.29.56:642][  0]LogConfig: Setting CVar [[r.RefractionQuality:2]]
[2021.09.29-02.29.56:642][  0]LogConfig: Setting CVar [[r.SSR.Quality:3]]
[2021.09.29-02.29.56:642][  0]LogConfig: Setting CVar [[r.SSR.HalfResSceneColor:0]]
[2021.09.29-02.29.56:642][  0]LogConfig: Setting CVar [[r.SceneColorFormat:4]]
[2021.09.29-02.29.56:642][  0]LogConfig: Setting CVar [[r.DetailMode:2]]
[2021.09.29-02.29.56:642][  0]LogConfig: Setting CVar [[r.TranslucencyVolumeBlur:1]]
[2021.09.29-02.29.56:642][  0]LogConfig: Setting CVar [[r.MaterialQualityLevel:1 ; High quality]]
[2021.09.29-02.29.56:642][  0]LogConfig: Setting CVar [[r.SSS.Scale:1]]
[2021.09.29-02.29.56:642][  0]LogConfig: Setting CVar [[r.SSS.SampleSet:2]]
[2021.09.29-02.29.56:642][  0]LogConfig: Setting CVar [[r.SSS.Quality:1]]
[2021.09.29-02.29.56:642][  0]LogConfig: Setting CVar [[r.SSS.HalfRes:1]]
[2021.09.29-02.29.56:642][  0]LogConfig: Setting CVar [[r.SSGI.Quality:3]]
[2021.09.29-02.29.56:642][  0]LogConfig: Setting CVar [[r.EmitterSpawnRateScale:1.0]]
[2021.09.29-02.29.56:642][  0]LogConfig: Setting CVar [[r.ParticleLightQuality:2]]
[2021.09.29-02.29.56:642][  0]LogConfig: Setting CVar [[r.SkyAtmosphere.AerialPerspectiveLUT.FastApplyOnOpaque:1 ; Always have FastSkyLUT 1 in this case to avoid wrong sky]]
[2021.09.29-02.29.56:642][  0]LogConfig: Setting CVar [[r.SkyAtmosphere.AerialPerspectiveLUT.SampleCountPerSlice:1]]
[2021.09.29-02.29.56:642][  0]LogConfig: Setting CVar [[r.SkyAtmosphere.AerialPerspectiveLUT.DepthResolution:16.0]]
[2021.09.29-02.29.56:642][  0]LogConfig: Setting CVar [[r.SkyAtmosphere.FastSkyLUT:1]]
[2021.09.29-02.29.56:642][  0]LogConfig: Setting CVar [[r.SkyAtmosphere.FastSkyLUT.SampleCountMin:4.0]]
[2021.09.29-02.29.56:642][  0]LogConfig: Setting CVar [[r.SkyAtmosphere.FastSkyLUT.SampleCountMax:32.0]]
[2021.09.29-02.29.56:642][  0]LogConfig: Setting CVar [[r.SkyAtmosphere.SampleCountMin:4.0]]
[2021.09.29-02.29.56:642][  0]LogConfig: Setting CVar [[r.SkyAtmosphere.SampleCountMax:32.0]]
[2021.09.29-02.29.56:642][  0]LogConfig: Setting CVar [[r.SkyAtmosphere.TransmittanceLUT.UseSmallFormat:0]]
[2021.09.29-02.29.56:642][  0]LogConfig: Setting CVar [[r.SkyAtmosphere.TransmittanceLUT.SampleCount:10.0]]
[2021.09.29-02.29.56:642][  0]LogConfig: Setting CVar [[r.SkyAtmosphere.MultiScatteringLUT.SampleCount:15.0]]
[2021.09.29-02.29.56:642][  0]LogConfig: Applying CVar settings from Section [FoliageQuality@3] File [C:/Users/zelno/Downloads/Stuff/Coding Stuff/Unreal Engine/Assessment3AdvGamesDev/TwistedGrounds/Saved/Config/Windows/Scalability.ini]
[2021.09.29-02.29.56:642][  0]LogConfig: Setting CVar [[foliage.DensityScale:1.0]]
[2021.09.29-02.29.56:642][  0]LogConfig: Setting CVar [[grass.DensityScale:1.0]]
[2021.09.29-02.29.56:642][  0]LogConfig: Applying CVar settings from Section [ShadingQuality@3] File [C:/Users/zelno/Downloads/Stuff/Coding Stuff/Unreal Engine/Assessment3AdvGamesDev/TwistedGrounds/Saved/Config/Windows/Scalability.ini]
[2021.09.29-02.29.56:642][  0]LogConfig: Setting CVar [[r.HairStrands.SkyLighting.SampleCount:16]]
[2021.09.29-02.29.56:642][  0]LogConfig: Setting CVar [[r.HairStrands.SkyLighting.JitterIntegration:0]]
[2021.09.29-02.29.56:642][  0]LogConfig: Setting CVar [[r.HairStrands.SkyAO.SampleCount:16]]
[2021.09.29-02.29.56:642][  0]LogConfig: Applying CVar settings from Section [Startup] File [../../../Engine/Config/ConsoleVariables.ini]
[2021.09.29-02.29.56:643][  0]LogConfig: Setting CVar [[net.UseAdaptiveNetUpdateFrequency:0]]
[2021.09.29-02.29.56:643][  0]LogConfig: Setting CVar [[p.chaos.AllowCreatePhysxBodies:1]]
[2021.09.29-02.29.56:643][  0]LogConfig: Applying CVar settings from Section [ConsoleVariables] File [C:/Users/zelno/Downloads/Stuff/Coding Stuff/Unreal Engine/Assessment3AdvGamesDev/TwistedGrounds/Saved/Config/Windows/Engine.ini]
[2021.09.29-02.29.56:643][  0]LogInit: Computer: ZELNONMON-PRO-7
[2021.09.29-02.29.56:643][  0]LogInit: User: zelno
[2021.09.29-02.29.56:643][  0]LogInit: CPU Page size=4096, Cores=4
[2021.09.29-02.29.56:643][  0]LogInit: High frequency timer resolution =10.000000 MHz
[2021.09.29-02.29.56:643][  0]LogMemory: Memory total: Physical=15.6GB (16GB approx)
[2021.09.29-02.29.56:643][  0]LogMemory: Platform Memory Stats for Windows
[2021.09.29-02.29.56:643][  0]LogMemory: Process Physical Memory: 111.12 MB used, 111.13 MB peak
[2021.09.29-02.29.56:643][  0]LogMemory: Process Virtual Memory: 101.45 MB used, 101.45 MB peak
[2021.09.29-02.29.56:643][  0]LogMemory: Physical Memory: 5954.13 MB used,  10016.05 MB free, 15970.18 MB total
[2021.09.29-02.29.56:643][  0]LogMemory: Virtual Memory: 5204.05 MB used,  134212520.00 MB free, 134217728.00 MB total
[2021.09.29-02.29.56:645][  0]LogWindows: WindowsPlatformFeatures enabled
[2021.09.29-02.29.56:657][  0]LogInit: Using OS detected language (en-GB).
[2021.09.29-02.29.56:657][  0]LogInit: Using OS detected locale (en-AU).
[2021.09.29-02.29.56:658][  0]LogTextLocalizationManager: No specific localization for 'en-GB' exists, so the 'en' localization will be used.
[2021.09.29-02.29.56:782][  0]LogInit: Setting process to per monitor DPI aware
[2021.09.29-02.29.56:816][  0]LogSlate: New Slate User Created.  User Index 0, Is Virtual User: 0
[2021.09.29-02.29.56:816][  0]LogSlate: Slate User Registered.  User Index 0, Is Virtual User: 0
[2021.09.29-02.29.57:047][  0]LogHMD: Failed to initialize OpenVR with code 110
[2021.09.29-02.29.57:047][  0]LogD3D11RHI: D3D11 min allowed feature level: 11_0
[2021.09.29-02.29.57:047][  0]LogD3D11RHI: D3D11 max allowed feature level: 11_0
[2021.09.29-02.29.57:047][  0]LogD3D11RHI: D3D11 adapters:
[2021.09.29-02.29.57:267][  0]LogD3D11RHI:    0. 'Intel(R) Iris(R) Plus Graphics' (Feature Level 11_0)
[2021.09.29-02.29.57:268][  0]LogD3D11RHI:       128/0/7985 MB DedicatedVideo/DedicatedSystem/SharedSystem, Outputs:1, VendorId:0x8086
[2021.09.29-02.29.57:270][  0]LogD3D11RHI:    1. 'Microsoft Basic Render Driver' (Feature Level 11_0)
[2021.09.29-02.29.57:270][  0]LogD3D11RHI:       0/0/7985 MB DedicatedVideo/DedicatedSystem/SharedSystem, Outputs:0, VendorId:0x1414
[2021.09.29-02.29.57:270][  0]LogD3D11RHI: Chosen D3D11 Adapter: 0
[2021.09.29-02.29.57:274][  0]LogD3D11RHI: Creating new Direct3DDevice
[2021.09.29-02.29.57:274][  0]LogD3D11RHI:     GPU DeviceId: 0x8a52 (for the marketing name, search the web for "GPU Device Id")
[2021.09.29-02.29.57:274][  0]LogWindows: EnumDisplayDevices:
[2021.09.29-02.29.57:274][  0]LogWindows:    0. 'Intel(R) Iris(R) Plus Graphics' (P:1 D:1)
[2021.09.29-02.29.57:274][  0]LogWindows:    1. 'Intel(R) Iris(R) Plus Graphics' (P:0 D:0)
[2021.09.29-02.29.57:274][  0]LogWindows:    2. 'Intel(R) Iris(R) Plus Graphics' (P:0 D:0)
[2021.09.29-02.29.57:274][  0]LogWindows: DebugString: FoundDriverCount:3 
[2021.09.29-02.29.57:274][  0]LogD3D11RHI:     Adapter Name: Intel(R) Iris(R) Plus Graphics
[2021.09.29-02.29.57:274][  0]LogD3D11RHI:   Driver Version: 27.20.100.8681 (internal:27.20.100.8681, unified:27.20.100.8681)
[2021.09.29-02.29.57:274][  0]LogD3D11RHI:      Driver Date: 9-5-2020
[2021.09.29-02.29.57:274][  0]LogRHI: Texture pool is 1523 MB (70% of 2176 MB)
[2021.09.29-02.29.57:531][  0]LogD3D11RHI: RHI does not have support for 64 bit atomics
[2021.09.29-02.29.57:531][  0]LogD3D11RHI: [IntelMetricsDiscovery] Started
[2021.09.29-02.29.57:531][  0]LogD3D11RHI: Async texture creation enabled
[2021.09.29-02.29.57:536][  0]LogD3D11RHI: GPU Timing Frequency: 19.200000 (Debug: 2 0)
[2021.09.29-02.29.57:788][  0]LogTargetPlatformManager: Display: Loaded TargetPlatform 'AllDesktop'
[2021.09.29-02.29.57:812][  0]LogTargetPlatformManager: Display: Loaded TargetPlatform 'Android'
[2021.09.29-02.29.57:812][  0]LogTargetPlatformManager: Display: Loaded TargetPlatform 'Android_ASTC'
[2021.09.29-02.29.57:812][  0]LogTargetPlatformManager: Display: Loaded TargetPlatform 'Android_ATC'
[2021.09.29-02.29.57:812][  0]LogTargetPlatformManager: Display: Loaded TargetPlatform 'Android_DXT'
[2021.09.29-02.29.57:812][  0]LogTargetPlatformManager: Display: Loaded TargetPlatform 'Android_ETC1'
[2021.09.29-02.29.57:812][  0]LogTargetPlatformManager: Display: Loaded TargetPlatform 'Android_ETC1a'
[2021.09.29-02.29.57:812][  0]LogTargetPlatformManager: Display: Loaded TargetPlatform 'Android_ETC2'
[2021.09.29-02.29.57:812][  0]LogTargetPlatformManager: Display: Loaded TargetPlatform 'Android_PVRTC'
[2021.09.29-02.29.57:812][  0]LogTargetPlatformManager: Display: Loaded TargetPlatform 'AndroidClient'
[2021.09.29-02.29.57:812][  0]LogTargetPlatformManager: Display: Loaded TargetPlatform 'Android_ASTCClient'
[2021.09.29-02.29.57:812][  0]LogTargetPlatformManager: Display: Loaded TargetPlatform 'Android_ATCClient'
[2021.09.29-02.29.57:812][  0]LogTargetPlatformManager: Display: Loaded TargetPlatform 'Android_DXTClient'
[2021.09.29-02.29.57:812][  0]LogTargetPlatformManager: Display: Loaded TargetPlatform 'Android_ETC1Client'
[2021.09.29-02.29.57:812][  0]LogTargetPlatformManager: Display: Loaded TargetPlatform 'Android_ETC1aClient'
[2021.09.29-02.29.57:812][  0]LogTargetPlatformManager: Display: Loaded TargetPlatform 'Android_ETC2Client'
[2021.09.29-02.29.57:812][  0]LogTargetPlatformManager: Display: Loaded TargetPlatform 'Android_PVRTCClient'
[2021.09.29-02.29.57:812][  0]LogTargetPlatformManager: Display: Loaded TargetPlatform 'Android_Multi'
[2021.09.29-02.29.57:812][  0]LogTargetPlatformManager: Display: Loaded TargetPlatform 'Android_MultiClient'
[2021.09.29-02.29.57:829][  0]LogTargetPlatformManager: Display: Loaded TargetPlatform 'IOSClient'
[2021.09.29-02.29.57:829][  0]LogTargetPlatformManager: Display: Loaded TargetPlatform 'IOS'
[2021.09.29-02.29.57:835][  0]LogTargetPlatformManager: Display: Loaded TargetPlatform 'LinuxNoEditor'
[2021.09.29-02.29.57:841][  0]LogTargetPlatformManager: Display: Loaded TargetPlatform 'LinuxClient'
[2021.09.29-02.29.57:847][  0]LogTargetPlatformManager: Display: Loaded TargetPlatform 'LinuxServer'
[2021.09.29-02.29.57:853][  0]LogTargetPlatformManager: Display: Loaded TargetPlatform 'LinuxAArch64NoEditor'
[2021.09.29-02.29.57:858][  0]LogTargetPlatformManager: Display: Loaded TargetPlatform 'LinuxAArch64Client'
[2021.09.29-02.29.57:865][  0]LogTargetPlatformManager: Display: Loaded TargetPlatform 'LinuxAArch64Server'
[2021.09.29-02.29.57:886][  0]LogTargetPlatformManager: Display: Loaded TargetPlatform 'Lumin'
[2021.09.29-02.29.57:886][  0]LogTargetPlatformManager: Display: Loaded TargetPlatform 'LuminClient'
[2021.09.29-02.29.57:898][  0]LogTargetPlatformManager: Display: Loaded TargetPlatform 'TVOSClient'
[2021.09.29-02.29.57:898][  0]LogTargetPlatformManager: Display: Loaded TargetPlatform 'TVOS'
[2021.09.29-02.29.57:904][  0]LogTargetPlatformManager: Display: Loaded TargetPlatform 'WindowsNoEditor'
[2021.09.29-02.29.57:910][  0]LogTargetPlatformManager: Display: Loaded TargetPlatform 'Windows'
[2021.09.29-02.29.57:917][  0]LogTargetPlatformManager: Display: Loaded TargetPlatform 'WindowsClient'
[2021.09.29-02.29.57:922][  0]LogTargetPlatformManager: Display: Loaded TargetPlatform 'WindowsServer'
[2021.09.29-02.29.57:922][  0]LogTargetPlatformManager: Display: Building Assets For Windows
[2021.09.29-02.29.57:925][  0]LogAudioDebug: Display: Lib vorbis DLL was dynamically loaded.
[2021.09.29-02.29.57:943][  0]LogShaderCompilers: Guid format shader working directory is -65 characters bigger than the processId version (../../../../../../Users/zelno/Downloads/Stuff/Coding Stuff/Unreal Engine/Assessment3AdvGamesDev/TwistedGrounds/Intermediate/Shaders/WorkingDirectory/14632/).
[2021.09.29-02.29.57:943][  0]LogShaderCompilers: Cleaned the shader compiler working directory 'C:/Users/zelno/AppData/Local/Temp/UnrealShaderWorkingDir/4ABD50724A5B90ABC8DBE7B9EEBE44C0/'.
[2021.09.29-02.29.57:943][  0]LogXGEController: Cleaning working directory: C:/Users/zelno/AppData/Local/Temp/UnrealXGEWorkingDir/
[2021.09.29-02.29.57:943][  0]LogXGEController: Cannot use XGE Controller as Incredibuild is not installed on this machine.
[2021.09.29-02.29.57:943][  0]LogShaderCompilers: Cannot use XGE Shader Compiler as Incredibuild is not installed on this machine.
[2021.09.29-02.29.57:943][  0]LogShaderCompilers: Display: Using Local Shader Compiler.
[2021.09.29-02.29.58:576][  0]LogDerivedDataCache: Display: Max Cache Size: 512 MB
[2021.09.29-02.29.58:622][  0]LogDerivedDataCache: Loaded boot cache 0.05s 78MB C:/Users/zelno/AppData/Local/UnrealEngine/4.24/DerivedDataCache/Boot.ddc.
[2021.09.29-02.29.58:622][  0]LogDerivedDataCache: Display: Loaded Boot cache: C:/Users/zelno/AppData/Local/UnrealEngine/4.24/DerivedDataCache/Boot.ddc
[2021.09.29-02.29.58:622][  0]LogDerivedDataCache: FDerivedDataBackendGraph:  Pak pak cache file ../../../../../../Users/zelno/Downloads/Stuff/Coding Stuff/Unreal Engine/Assessment3AdvGamesDev/TwistedGrounds/DerivedDataCache/DDC.ddp not found, will not use a pak cache.
[2021.09.29-02.29.58:622][  0]LogDerivedDataCache: Unable to find inner node Pak for hierarchical cache Hierarchy.
[2021.09.29-02.29.58:622][  0]LogDerivedDataCache: FDerivedDataBackendGraph:  CompressedPak pak cache file ../../../../../../Users/zelno/Downloads/Stuff/Coding Stuff/Unreal Engine/Assessment3AdvGamesDev/TwistedGrounds/DerivedDataCache/Compressed.ddp not found, will not use a pak cache.
[2021.09.29-02.29.58:622][  0]LogDerivedDataCache: Unable to find inner node CompressedPak for hierarchical cache Hierarchy.
[2021.09.29-02.29.58:633][  0]LogDerivedDataCache: Display: Pak cache opened for reading ../../../Engine/DerivedDataCache/Compressed.ddp.
[2021.09.29-02.29.58:633][  0]LogDerivedDataCache: FDerivedDataBackendGraph:  EnterprisePak pak cache file ../../../Enterprise/DerivedDataCache/Compressed.ddp not found, will not use a pak cache.
[2021.09.29-02.29.58:633][  0]LogDerivedDataCache: Unable to find inner node EnterprisePak for hierarchical cache Hierarchy.
[2021.09.29-02.29.58:636][  0]LogDerivedDataCache: Using Local data cache path C:/Users/zelno/AppData/Local/UnrealEngine/Common/DerivedDataCache: Writable
[2021.09.29-02.29.58:636][  0]LogDerivedDataCache: Shared data cache path not found in *engine.ini, will not use an Shared cache.
[2021.09.29-02.29.58:636][  0]LogDerivedDataCache: Unable to find inner node Shared for hierarchical cache Hierarchy.
[2021.09.29-02.29.58:658][  0]LogMaterial: Verifying Global Shaders for PCD3D_SM5
[2021.09.29-02.29.58:659][  0]LogSlate: Using FreeType 2.10.0
[2021.09.29-02.29.58:660][  0]LogSlate: SlateFontServices - WITH_FREETYPE: 1, WITH_HARFBUZZ: 1
[2021.09.29-02.29.58:749][  0]LogAssetRegistry: FAssetRegistry took 0.0022 seconds to start up
[2021.09.29-02.29.58:989][  0]LogInit: Selected Device Profile: [Windows]
[2021.09.29-02.29.59:126][  0]LogMeshReduction: Using QuadricMeshReduction for automatic static mesh reduction
[2021.09.29-02.29.59:126][  0]LogMeshReduction: Using SimplygonMeshReduction for automatic skeletal mesh reduction
[2021.09.29-02.29.59:126][  0]LogMeshReduction: Using ProxyLODMeshReduction for automatic mesh merging
[2021.09.29-02.29.59:126][  0]LogMeshReduction: No distributed automatic mesh merging module available
[2021.09.29-02.29.59:127][  0]LogMeshMerging: No distributed automatic mesh merging module available
[2021.09.29-02.29.59:136][  0]LogNetVersion: TwistedGrounds 1.0.0, NetCL: 10570792, EngineNetVer: 13, GameNetVer: 0 (Checksum: 1880475918)
[2021.09.29-02.30.00:243][  0]LogPackageLocalizationCache: Processed 10 localized package path(s) for 1 prioritized culture(s) in 0.040930 seconds
[2021.09.29-02.30.00:250][  0]LogUObjectArray: 46750 objects as part of root set at end of initial load.
[2021.09.29-02.30.00:250][  0]LogUObjectAllocator: 8137160 out of 0 bytes used by permanent object pool.
[2021.09.29-02.30.00:250][  0]LogUObjectArray: CloseDisregardForGC: 0/0 objects in disregard for GC pool
[2021.09.29-02.30.00:632][  0]LogTcpMessaging: Initializing TcpMessaging bridge
[2021.09.29-02.30.00:668][  0]LogUdpMessaging: Initializing bridge on interface 0.0.0.0:0 to multicast group 230.0.0.1:6666.
[2021.09.29-02.30.01:475][  0]SourceControl: Source control is disabled
[2021.09.29-02.30.01:476][  0]SourceControl: Source control is disabled
[2021.09.29-02.30.01:476][  0]SourceControl: Source control is disabled
[2021.09.29-02.30.01:477][  0]SourceControl: Source control is disabled
[2021.09.29-02.30.01:478][  0]SourceControl: Source control is disabled
[2021.09.29-02.30.01:551][  0]LogAndroidPermission: UAndroidPermissionCallbackProxy::GetInstance
[2021.09.29-02.30.01:560][  0]LogAudioCaptureCore: Display: No Audio Capture implementations found. Audio input will be silent.
[2021.09.29-02.30.01:560][  0]LogAudioCaptureCore: Display: No Audio Capture implementations found. Audio input will be silent.
[2021.09.29-02.30.01:633][  0]LogOcInput: OculusInput pre-init called
[2021.09.29-02.30.01:641][  0]LogWindows: Failed to load 'OVRPlugin.dll' (GetLastError=126)
[2021.09.29-02.30.01:641][  0]LogWindows: File 'OVRPlugin.dll' does not exist
[2021.09.29-02.30.01:697][  0]LogEngine: Initializing Engine...
[2021.09.29-02.30.01:698][  0]LogHMD: Failed to initialize OpenVR with code 110
[2021.09.29-02.30.01:699][  0]LogStats: UGameplayTagsManager::InitializeManager -  0.000 s
[2021.09.29-02.30.01:965][  0]LogInit: Initializing FReadOnlyCVARCache
[2021.09.29-02.30.01:972][  0]LogAIModule: Creating AISystem for world Untitled
[2021.09.29-02.30.01:993][  0]LogAudioMixer: Display: Audio Mixer Platform Settings:
[2021.09.29-02.30.01:993][  0]LogAudioMixer: Display: 	Sample Rate:						  48000
[2021.09.29-02.30.01:993][  0]LogAudioMixer: Display: 	Callback Buffer Frame Size Requested: 1024
[2021.09.29-02.30.01:993][  0]LogAudioMixer: Display: 	Callback Buffer Frame Size To Use:	  1024
[2021.09.29-02.30.01:993][  0]LogAudioMixer: Display: 	Number of buffers to queue:			  2
[2021.09.29-02.30.01:993][  0]LogAudioMixer: Display: 	Max Channels (voices):				  32
[2021.09.29-02.30.01:993][  0]LogAudioMixer: Display: 	Number of Async Source Workers:		  0
[2021.09.29-02.30.01:993][  0]LogAudio: Display: AudioDevice MaxSources: 32
[2021.09.29-02.30.01:993][  0]LogAudio: Display: Using built-in audio occlusion.
[2021.09.29-02.30.01:993][  0]LogAudioMixer: Display: Initializing audio mixer.
[2021.09.29-02.30.02:003][  0]LogAudioMixer: Display: Audio Device Output Speaker Info:
[2021.09.29-02.30.02:003][  0]LogAudioMixer: Display: Name: Speakers (Realtek High Definition Audio(SST))
[2021.09.29-02.30.02:003][  0]LogAudioMixer: Display: Is Default: Yes
[2021.09.29-02.30.02:003][  0]LogAudioMixer: Display: Sample Rate: 48000
[2021.09.29-02.30.02:003][  0]LogAudioMixer: Display: Channel Count Used: 2
[2021.09.29-02.30.02:003][  0]LogAudioMixer: Display: Device Channel Count: 2
[2021.09.29-02.30.02:003][  0]LogAudioMixer: Display: Channel Order:
[2021.09.29-02.30.02:003][  0]LogAudioMixer: Display: 0: FrontLeft
[2021.09.29-02.30.02:003][  0]LogAudioMixer: Display: 1: FrontRight
[2021.09.29-02.30.02:256][  0]LogAudioMixer: Display: Using Audio Device Speakers (Realtek High Definition Audio(SST))
[2021.09.29-02.30.02:261][  0]LogInit: FAudioDevice initialized.
[2021.09.29-02.30.02:261][  0]LogNetVersion: Set ProjectVersion to 1.0.0.0. Version Checksum will be recalculated on next use.
[2021.09.29-02.30.02:376][  0]LogDerivedDataCache: Saved boot cache 0.11s 78MB C:/Users/zelno/AppData/Local/UnrealEngine/4.24/DerivedDataCache/Boot.ddc.
[2021.09.29-02.30.02:376][  0]LogInit: Texture streaming: Enabled
[2021.09.29-02.30.02:384][  0]LogEngineSessionManager: EngineSessionManager initialized
[2021.09.29-02.30.02:384][  0]LogEditorSessionSummary: Verbose: Initializing EditorSessionSummaryWriter for editor session tracking
[2021.09.29-02.30.02:387][  0]LogEditorSessionSummary: EditorSessionSummaryWriter initialized
[2021.09.29-02.30.02:398][  0]LogInit: Transaction tracking system initialized
[2021.09.29-02.30.02:406][  0]BlueprintLog: New page: Editor Load
[2021.09.29-02.30.02:437][  0]LocalizationService: Localization service is disabled
[2021.09.29-02.30.02:480][  0]LogLinker: Warning: Failed to load '/Game/ThirdPersonBP/ThirdPersonOverview': Can't find file.
[2021.09.29-02.30.02:480][  0]LogLinker: Warning: Failed to load '/Game/ThirdPersonBP/ThirdPersonOverview': Can't find file.
[2021.09.29-02.30.02:480][  0]LogUObjectGlobals: Warning: Failed to find object 'Class /Game/ThirdPersonBP/ThirdPersonOverview.ThirdPersonOverview_C'
[2021.09.29-02.30.02:686][  0]LogFileCache: Scanning file cache for directory 'C:/Users/zelno/Downloads/Stuff/Coding Stuff/Unreal Engine/Assessment3AdvGamesDev/TwistedGrounds/Content/' took 0.00s
[2021.09.29-02.30.02:686][  0]LogCook: Display: Max memory allowance for cook 16384mb min free memory 0mb
[2021.09.29-02.30.02:686][  0]LogCook: Display: Mobile HDR setting 1
[2021.09.29-02.30.03:284][  0]SourceControl: Source control is disabled
[2021.09.29-02.30.03:284][  0]LightingResults: New page: Lighting Build
[2021.09.29-02.30.03:285][  0]LogWorld: UWorld::CleanupWorld for Untitled, bSessionEnded=true, bCleanupResources=true
[2021.09.29-02.30.03:285][  0]LogSlate: InvalidateAllWidgets triggered.  All widgets were invalidated
[2021.09.29-02.30.03:285][  0]MapCheck: New page: Map Check
[2021.09.29-02.30.03:285][  0]LightingResults: New page: Lighting Build
[2021.09.29-02.30.03:310][  0]LogUObjectHash: Compacting FUObjectHashTables data took   1.26ms
[2021.09.29-02.30.03:454][  0]LogAIModule: Creating AISystem for world FirstPersonExampleMap
[2021.09.29-02.30.03:460][  0]LogEditorServer: Finished looking for orphan Actors (0.000 secs)
[2021.09.29-02.30.03:485][  0]LogUObjectHash: Compacting FUObjectHashTables data took   1.67ms
[2021.09.29-02.30.03:485][  0]Cmd: MAP CHECKDEP NOCLEARLOG
[2021.09.29-02.30.03:485][  0]MapCheck: Map check complete: 0 Error(s), 0 Warning(s), took 0.174ms to complete.
[2021.09.29-02.30.03:485][  0]LogFileHelpers: Loading map 'FirstPersonExampleMap' took 0.200
[2021.09.29-02.30.03:631][  0]LogSlate: Updating window title bar state: overlay mode, drag disabled, window buttons hidden, title bar hidden
[2021.09.29-02.30.03:637][  0]LogSlate: Updating window title bar state: overlay mode, drag disabled, window buttons hidden, title bar hidden
[2021.09.29-02.30.03:642][  0]LogSlate: Updating window title bar state: overlay mode, drag disabled, window buttons hidden, title bar hidden
[2021.09.29-02.30.03:647][  0]LogSlate: Updating window title bar state: overlay mode, drag disabled, window buttons hidden, title bar hidden
[2021.09.29-02.30.03:652][  0]LogCollectionManager: Loaded 0 collections in 0.001374 seconds
[2021.09.29-02.30.03:667][  0]LogFileCache: Scanning file cache for directory 'C:/Users/zelno/Downloads/Stuff/Coding Stuff/Unreal Engine/Assessment3AdvGamesDev/TwistedGrounds/Saved/Collections/' took 0.00s
[2021.09.29-02.30.03:667][  0]LogFileCache: Scanning file cache for directory 'C:/Users/zelno/Downloads/Stuff/Coding Stuff/Unreal Engine/Assessment3AdvGamesDev/TwistedGrounds/Content/Developers/zelno/Collections/' took 0.00s
[2021.09.29-02.30.03:667][  0]LogFileCache: Scanning file cache for directory 'C:/Users/zelno/Downloads/Stuff/Coding Stuff/Unreal Engine/Assessment3AdvGamesDev/TwistedGrounds/Content/Collections/' took 0.00s
[2021.09.29-02.30.03:667][  0]LogContentBrowser: Native class hierarchy populated in 0.0104 seconds. Added 3024 classes and 722 folders.
[2021.09.29-02.30.03:671][  0]LogContentBrowser: Native class hierarchy updated for 'WidgetCarousel' in 0.0003 seconds. Added 0 classes and 0 folders.
[2021.09.29-02.30.03:724][  0]LogContentBrowser: Native class hierarchy updated for 'AddContentDialog' in 0.0003 seconds. Added 0 classes and 0 folders.
[2021.09.29-02.30.04:504][  0]LogSlate: Took 0.000317 seconds to synchronously load lazily loaded font '../../../Engine/Content/Slate/Fonts/Roboto-Regular.ttf' (155K)
[2021.09.29-02.30.04:508][  0]LogSlate: Took 0.000196 seconds to synchronously load lazily loaded font '../../../Engine/Content/Slate/Fonts/Roboto-Bold.ttf' (160K)
[2021.09.29-02.30.04:511][  0]LogSlate: Took 0.000457 seconds to synchronously load lazily loaded font '../../../Engine/Content/Editor/Slate/Fonts/FontAwesome.ttf' (139K)
[2021.09.29-02.30.04:567][  0]LogRenderer: Reallocating scene render targets to support 740x472 Format 10 NumSamples 1 (Frame:1).
[2021.09.29-02.30.04:680][  0]LogContentBrowser: Native class hierarchy updated for 'HierarchicalLODOutliner' in 0.0003 seconds. Added 0 classes and 0 folders.
[2021.09.29-02.30.04:680][  0]LogLoad: (Engine Initialization) Total time: 38.21 seconds
[2021.09.29-02.30.04:680][  0]LogLoad: (Engine Initialization) Total Blueprint compile time: 0.00 seconds
[2021.09.29-02.30.04:825][  0]LogAssetRegistry: Asset discovery search completed in 6.0765 seconds
[2021.09.29-02.30.04:828][  0]LogCollectionManager: Fixed up redirectors for 0 collections in 0.000008 seconds (updated 0 objects)
[2021.09.29-02.30.04:829][  0]LogContentStreaming: Texture pool size now 1000 MB
[2021.09.29-02.30.07:802][162]LogTemp: Repeating last play command: Selected Viewport
[2021.09.29-02.30.07:807][162]LogBlueprintUserMessages: Early PlayInEditor Detection: Level '/Game/Maps/FirstPersonExampleMap.FirstPersonExampleMap:PersistentLevel' has LevelScriptBlueprint '/Game/Maps/FirstPersonExampleMap.FirstPersonExampleMap:PersistentLevel.FirstPersonExampleMap' with GeneratedClass '/Game/Maps/FirstPersonExampleMap.FirstPersonExampleMap_C' with ClassGeneratedBy '/Game/Maps/FirstPersonExampleMap.FirstPersonExampleMap:PersistentLevel.FirstPersonExampleMap'
[2021.09.29-02.30.07:807][162]LogPlayLevel: PlayLevel: No blueprints needed recompiling
[2021.09.29-02.30.07:807][162]PIE: New page: PIE session: FirstPersonExampleMap (29 Sep 2021, 10:30:07 pm)
[2021.09.29-02.30.07:809][162]LogOnline: OSS: Creating online subsystem instance for: NULL
[2021.09.29-02.30.07:810][162]LogOnline: OSS: TryLoadSubsystemAndSetDefault: Loaded subsystem for module [NULL]
[2021.09.29-02.30.07:810][162]LogPlayLevel: Creating play world package: /Game/Maps/UEDPIE_0_FirstPersonExampleMap
[2021.09.29-02.30.07:835][162]LogPlayLevel: PIE: StaticDuplicateObject took: (0.025135s)
[2021.09.29-02.30.07:836][162]LogAIModule: Creating AISystem for world FirstPersonExampleMap
[2021.09.29-02.30.07:836][162]LogPlayLevel: PIE: World Init took: (0.000952s)
[2021.09.29-02.30.07:836][162]LogPlayLevel: PIE: Created PIE world by copying editor world from /Game/Maps/FirstPersonExampleMap.FirstPersonExampleMap to /Game/Maps/UEDPIE_0_FirstPersonExampleMap.FirstPersonExampleMap (0.026305s)
[2021.09.29-02.30.07:859][162]LogUObjectHash: Compacting FUObjectHashTables data took   1.03ms
[2021.09.29-02.30.07:862][162]LogAudioMixer: Display: Audio Mixer Platform Settings:
[2021.09.29-02.30.07:862][162]LogAudioMixer: Display: 	Sample Rate:						  48000
[2021.09.29-02.30.07:862][162]LogAudioMixer: Display: 	Callback Buffer Frame Size Requested: 1024
[2021.09.29-02.30.07:862][162]LogAudioMixer: Display: 	Callback Buffer Frame Size To Use:	  1024
[2021.09.29-02.30.07:862][162]LogAudioMixer: Display: 	Number of buffers to queue:			  2
[2021.09.29-02.30.07:862][162]LogAudioMixer: Display: 	Max Channels (voices):				  32
[2021.09.29-02.30.07:862][162]LogAudioMixer: Display: 	Number of Async Source Workers:		  0
[2021.09.29-02.30.07:862][162]LogAudio: Display: AudioDevice MaxSources: 32
[2021.09.29-02.30.07:862][162]LogAudio: Display: Using built-in audio occlusion.
[2021.09.29-02.30.07:862][162]LogAudioMixer: Display: Initializing audio mixer.
[2021.09.29-02.30.07:865][162]LogAudioMixer: Display: Audio Device Output Speaker Info:
[2021.09.29-02.30.07:865][162]LogAudioMixer: Display: Name: Speakers (Realtek High Definition Audio(SST))
[2021.09.29-02.30.07:865][162]LogAudioMixer: Display: Is Default: Yes
[2021.09.29-02.30.07:865][162]LogAudioMixer: Display: Sample Rate: 48000
[2021.09.29-02.30.07:865][162]LogAudioMixer: Display: Channel Count Used: 2
[2021.09.29-02.30.07:865][162]LogAudioMixer: Display: Device Channel Count: 2
[2021.09.29-02.30.07:865][162]LogAudioMixer: Display: Channel Order:
[2021.09.29-02.30.07:865][162]LogAudioMixer: Display: 0: FrontLeft
[2021.09.29-02.30.07:865][162]LogAudioMixer: Display: 1: FrontRight
[2021.09.29-02.30.07:881][162]LogAudioMixer: Display: Using Audio Device Speakers (Realtek High Definition Audio(SST))
[2021.09.29-02.30.07:883][162]LogInit: FAudioDevice initialized.
[2021.09.29-02.30.07:892][162]LogLoad: Game class is 'GameModeOverride_C'
[2021.09.29-02.30.07:895][162]LogWorld: Bringing World /Game/Maps/UEDPIE_0_FirstPersonExampleMap.FirstPersonExampleMap up for play (max tick rate 60) at 2021.09.29-12.30.07
[2021.09.29-02.30.07:895][162]LogWorld: Bringing up level for play took: 0.000807
[2021.09.29-02.30.07:895][162]LogOnline: OSS: Creating online subsystem instance for: :Context_2
[2021.09.29-02.30.07:898][162]LogContentBrowser: Native class hierarchy updated for 'MovieSceneCapture' in 0.0003 seconds. Added 20 classes and 0 folders.
[2021.09.29-02.30.07:899][162]PIE: Play in editor start time for /Game/Maps/UEDPIE_0_FirstPersonExampleMap 0.892
[2021.09.29-02.30.07:899][162]LogBlueprintUserMessages: Late PlayInEditor Detection: Level '/Game/Maps/FirstPersonExampleMap.FirstPersonExampleMap:PersistentLevel' has LevelScriptBlueprint '/Game/Maps/FirstPersonExampleMap.FirstPersonExampleMap:PersistentLevel.FirstPersonExampleMap' with GeneratedClass '/Game/Maps/FirstPersonExampleMap.FirstPersonExampleMap_C' with ClassGeneratedBy '/Game/Maps/FirstPersonExampleMap.FirstPersonExampleMap:PersistentLevel.FirstPersonExampleMap'
[2021.09.29-02.30.07:917][162]LogTemp: Warning: Saved Map
[2021.09.29-02.30.13:290][479]LogTemp: Warning: Ammo: 9.950000
[2021.09.29-02.30.13:290][479]LogTemp: Warning: Strength: 1.806393
[2021.09.29-02.30.13:301][479]LogTemp: Warning: ReUpdated
[2021.09.29-02.30.13:308][480]LogTemp: Warning: Ammo: 9.893361
[2021.09.29-02.30.13:309][480]LogTemp: Warning: Strength: 1.806393
[2021.09.29-02.30.13:320][480]LogTemp: Warning: ReUpdated
[2021.09.29-02.30.13:328][481]LogTemp: Warning: Ammo: 9.833835
[2021.09.29-02.30.13:328][481]LogTemp: Warning: Strength: 1.806393
[2021.09.29-02.30.13:339][481]LogTemp: Warning: ReUpdated
[2021.09.29-02.30.13:347][482]LogTemp: Warning: Ammo: 9.779811
[2021.09.29-02.30.13:347][482]LogTemp: Warning: Strength: 1.806393
[2021.09.29-02.30.13:358][482]LogTemp: Warning: ReUpdated
[2021.09.29-02.30.13:366][483]LogTemp: Warning: Ammo: 9.722374
[2021.09.29-02.30.13:366][483]LogTemp: Warning: Strength: 1.806393
[2021.09.29-02.30.13:377][483]LogTemp: Warning: ReUpdated
[2021.09.29-02.30.13:385][484]LogTemp: Warning: Ammo: 9.664983
[2021.09.29-02.30.13:385][484]LogTemp: Warning: Strength: 1.806393
[2021.09.29-02.30.13:397][484]LogTemp: Warning: ReUpdated
[2021.09.29-02.30.13:404][485]LogTemp: Warning: Ammo: 9.607378
[2021.09.29-02.30.13:405][485]LogTemp: Warning: Strength: 1.806393
[2021.09.29-02.30.13:416][485]LogTemp: Warning: ReUpdated
[2021.09.29-02.30.13:424][486]LogTemp: Warning: Ammo: 9.549451
[2021.09.29-02.30.13:424][486]LogTemp: Warning: Strength: 1.806393
[2021.09.29-02.30.13:434][486]LogTemp: Warning: ReUpdated
[2021.09.29-02.30.13:441][487]LogTemp: Warning: Ammo: 9.493533
[2021.09.29-02.30.13:441][487]LogTemp: Warning: Strength: 1.806393
[2021.09.29-02.30.13:453][487]LogTemp: Warning: ReUpdated
[2021.09.29-02.30.13:461][488]LogTemp: Warning: Ammo: 9.435847
[2021.09.29-02.30.13:461][488]LogTemp: Warning: Strength: 1.806393
[2021.09.29-02.30.13:473][488]LogTemp: Warning: ReUpdated
[2021.09.29-02.30.13:480][489]LogTemp: Warning: Ammo: 9.378284
[2021.09.29-02.30.13:481][489]LogTemp: Warning: Strength: 1.806393
[2021.09.29-02.30.13:491][489]LogTemp: Warning: ReUpdated
[2021.09.29-02.30.14:617][557]LogTemp: Warning: Ammo: 9.950000
[2021.09.29-02.30.14:617][557]LogTemp: Warning: Strength: 1.806393
[2021.09.29-02.30.14:627][557]LogTemp: Warning: ReUpdated
[2021.09.29-02.30.14:635][558]LogTemp: Warning: Ammo: 9.890653
[2021.09.29-02.30.14:635][558]LogTemp: Warning: Strength: 1.806393
[2021.09.29-02.30.14:647][558]LogTemp: Warning: ReUpdated
[2021.09.29-02.30.14:654][559]LogTemp: Warning: Ammo: 9.835876
[2021.09.29-02.30.14:654][559]LogTemp: Warning: Strength: 1.806393
[2021.09.29-02.30.14:666][559]LogTemp: Warning: ReUpdated
[2021.09.29-02.30.14:674][560]LogTemp: Warning: Ammo: 9.778176
[2021.09.29-02.30.14:674][560]LogTemp: Warning: Strength: 1.806393
[2021.09.29-02.30.14:685][560]LogTemp: Warning: ReUpdated
[2021.09.29-02.30.14:693][561]LogTemp: Warning: Ammo: 9.720733
[2021.09.29-02.30.14:693][561]LogTemp: Warning: Strength: 1.806393
[2021.09.29-02.30.14:704][561]LogTemp: Warning: ReUpdated
[2021.09.29-02.30.14:711][562]LogTemp: Warning: Ammo: 9.664431
[2021.09.29-02.30.14:711][562]LogTemp: Warning: Strength: 1.806393
[2021.09.29-02.30.14:723][562]LogTemp: Warning: ReUpdated
[2021.09.29-02.30.14:730][563]LogTemp: Warning: Ammo: 9.608579
[2021.09.29-02.30.14:730][563]LogTemp: Warning: Strength: 1.806393
[2021.09.29-02.30.14:742][563]LogTemp: Warning: ReUpdated
[2021.09.29-02.30.14:750][564]LogTemp: Warning: Ammo: 9.550011
[2021.09.29-02.30.14:750][564]LogTemp: Warning: Strength: 1.806393
[2021.09.29-02.30.14:761][564]LogTemp: Warning: ReUpdated
[2021.09.29-02.30.14:769][565]LogTemp: Warning: Ammo: 9.491189
[2021.09.29-02.30.14:769][565]LogTemp: Warning: Strength: 1.806393
[2021.09.29-02.30.14:780][565]LogTemp: Warning: ReUpdated
[2021.09.29-02.30.14:787][566]LogTemp: Warning: Ammo: 9.437935
[2021.09.29-02.30.14:787][566]LogTemp: Warning: Strength: 1.806393
[2021.09.29-02.30.14:798][566]LogTemp: Warning: ReUpdated
[2021.09.29-02.30.14:805][567]LogTemp: Warning: Ammo: 9.384398
[2021.09.29-02.30.14:805][567]LogTemp: Warning: Strength: 1.806393
[2021.09.29-02.30.14:816][567]LogTemp: Warning: ReUpdated
[2021.09.29-02.30.14:823][568]LogTemp: Warning: Ammo: 9.331137
[2021.09.29-02.30.14:823][568]LogTemp: Warning: Strength: 1.806393
[2021.09.29-02.30.14:834][568]LogTemp: Warning: ReUpdated
[2021.09.29-02.30.14:842][569]LogTemp: Warning: Ammo: 9.274685
[2021.09.29-02.30.14:842][569]LogTemp: Warning: Strength: 1.806393
[2021.09.29-02.30.14:853][569]LogTemp: Warning: ReUpdated
[2021.09.29-02.30.14:860][570]LogTemp: Warning: Ammo: 9.218682
[2021.09.29-02.30.14:860][570]LogTemp: Warning: Strength: 1.806393
[2021.09.29-02.30.14:870][570]LogTemp: Warning: ReUpdated
[2021.09.29-02.30.14:879][571]LogTemp: Warning: Ammo: 9.162706
[2021.09.29-02.30.14:879][571]LogTemp: Warning: Strength: 1.806393
[2021.09.29-02.30.14:890][571]LogTemp: Warning: ReUpdated
[2021.09.29-02.30.14:899][572]LogTemp: Warning: Ammo: 9.098079
[2021.09.29-02.30.14:899][572]LogTemp: Warning: Strength: 1.806393
[2021.09.29-02.30.14:910][572]LogTemp: Warning: ReUpdated
[2021.09.29-02.30.14:918][573]LogTemp: Warning: Ammo: 9.046041
[2021.09.29-02.30.14:918][573]LogTemp: Warning: Strength: 1.806393
[2021.09.29-02.30.14:929][573]LogTemp: Warning: ReUpdated
[2021.09.29-02.30.14:937][574]LogTemp: Warning: Ammo: 8.988797
[2021.09.29-02.30.14:937][574]LogTemp: Warning: Strength: 1.806393
[2021.09.29-02.30.14:947][574]LogTemp: Warning: ReUpdated
[2021.09.29-02.30.14:955][575]LogTemp: Warning: Ammo: 8.933560
[2021.09.29-02.30.14:955][575]LogTemp: Warning: Strength: 1.806393
[2021.09.29-02.30.14:966][575]LogTemp: Warning: ReUpdated
[2021.09.29-02.30.14:974][576]LogTemp: Warning: Ammo: 8.877532
[2021.09.29-02.30.14:974][576]LogTemp: Warning: Strength: 1.806393
[2021.09.29-02.30.14:985][576]LogTemp: Warning: ReUpdated
[2021.09.29-02.30.14:993][577]LogTemp: Warning: Ammo: 8.821239
[2021.09.29-02.30.14:993][577]LogTemp: Warning: Strength: 1.806393
[2021.09.29-02.30.15:004][577]LogTemp: Warning: ReUpdated
[2021.09.29-02.30.15:011][578]LogTemp: Warning: Ammo: 8.764611
[2021.09.29-02.30.15:011][578]LogTemp: Warning: Strength: 1.806393
[2021.09.29-02.30.15:023][578]LogTemp: Warning: ReUpdated
[2021.09.29-02.30.15:030][579]LogTemp: Warning: Ammo: 8.708152
[2021.09.29-02.30.15:030][579]LogTemp: Warning: Strength: 1.806393
[2021.09.29-02.30.15:042][579]LogTemp: Warning: ReUpdated
[2021.09.29-02.30.15:049][580]LogTemp: Warning: Ammo: 8.650140
[2021.09.29-02.30.15:050][580]LogTemp: Warning: Strength: 1.806393
[2021.09.29-02.30.15:061][580]LogTemp: Warning: ReUpdated
[2021.09.29-02.30.15:068][581]LogTemp: Warning: Ammo: 8.594015
[2021.09.29-02.30.15:069][581]LogTemp: Warning: Strength: 1.806393
[2021.09.29-02.30.15:080][581]LogTemp: Warning: ReUpdated
[2021.09.29-02.30.15:088][582]LogTemp: Warning: Ammo: 8.532734
[2021.09.29-02.30.15:088][582]LogTemp: Warning: Strength: 1.806393
[2021.09.29-02.30.15:099][582]LogTemp: Warning: ReUpdated
[2021.09.29-02.30.15:106][583]LogTemp: Warning: Ammo: 8.480558
[2021.09.29-02.30.15:106][583]LogTemp: Warning: Strength: 1.806393
[2021.09.29-02.30.15:117][583]LogTemp: Warning: ReUpdated
[2021.09.29-02.30.15:125][584]LogTemp: Warning: Ammo: 8.422925
[2021.09.29-02.30.15:125][584]LogTemp: Warning: Strength: 1.806393
[2021.09.29-02.30.15:136][584]LogTemp: Warning: ReUpdated
[2021.09.29-02.30.15:143][585]LogTemp: Warning: Ammo: 8.368591
[2021.09.29-02.30.15:143][585]LogTemp: Warning: Strength: 1.806393
[2021.09.29-02.30.15:154][585]LogTemp: Warning: ReUpdated
[2021.09.29-02.30.15:162][586]LogTemp: Warning: Ammo: 8.311687
[2021.09.29-02.30.15:162][586]LogTemp: Warning: Strength: 1.806393
[2021.09.29-02.30.15:174][586]LogTemp: Warning: ReUpdated
[2021.09.29-02.30.15:181][587]LogTemp: Warning: Ammo: 8.254800
[2021.09.29-02.30.15:182][587]LogTemp: Warning: Strength: 1.806393
[2021.09.29-02.30.15:193][587]LogTemp: Warning: ReUpdated
[2021.09.29-02.30.15:203][588]LogTemp: Warning: Ammo: 8.189205
[2021.09.29-02.30.15:203][588]LogTemp: Warning: Strength: 1.806393
[2021.09.29-02.30.15:213][588]LogTemp: Warning: ReUpdated
[2021.09.29-02.30.15:221][589]LogTemp: Warning: Ammo: 8.136081
[2021.09.29-02.30.15:221][589]LogTemp: Warning: Strength: 1.806393
[2021.09.29-02.30.15:232][589]LogTemp: Warning: ReUpdated
[2021.09.29-02.30.15:241][590]LogTemp: Warning: Ammo: 8.076291
[2021.09.29-02.30.15:241][590]LogTemp: Warning: Strength: 1.806393
[2021.09.29-02.30.15:252][590]LogTemp: Warning: ReUpdated
[2021.09.29-02.30.15:262][591]LogTemp: Warning: Ammo: 8.016897
[2021.09.29-02.30.15:262][591]LogTemp: Warning: Strength: 1.806393
[2021.09.29-02.30.15:273][591]LogTemp: Warning: ReUpdated
[2021.09.29-02.30.15:281][592]LogTemp: Warning: Ammo: 7.957305
[2021.09.29-02.30.15:281][592]LogTemp: Warning: Strength: 1.806393
[2021.09.29-02.30.15:291][592]LogTemp: Warning: ReUpdated
[2021.09.29-02.30.15:299][593]LogTemp: Warning: Ammo: 7.901973
[2021.09.29-02.30.15:299][593]LogTemp: Warning: Strength: 1.806393
[2021.09.29-02.30.15:310][593]LogTemp: Warning: ReUpdated
[2021.09.29-02.30.15:318][594]LogTemp: Warning: Ammo: 7.845353
[2021.09.29-02.30.15:318][594]LogTemp: Warning: Strength: 1.806393
[2021.09.29-02.30.15:330][594]LogTemp: Warning: ReUpdated
[2021.09.29-02.30.15:338][595]LogTemp: Warning: Ammo: 7.787492
[2021.09.29-02.30.15:338][595]LogTemp: Warning: Strength: 1.806393
[2021.09.29-02.30.15:349][595]LogTemp: Warning: ReUpdated
[2021.09.29-02.30.15:356][596]LogTemp: Warning: Ammo: 7.732028
[2021.09.29-02.30.15:356][596]LogTemp: Warning: Strength: 1.806393
[2021.09.29-02.30.15:366][596]LogTemp: Warning: ReUpdated
[2021.09.29-02.30.15:373][597]LogTemp: Warning: Ammo: 7.678185
[2021.09.29-02.30.15:373][597]LogTemp: Warning: Strength: 1.806393
[2021.09.29-02.30.15:384][597]LogTemp: Warning: ReUpdated
[2021.09.29-02.30.15:391][598]LogTemp: Warning: Ammo: 7.625025
[2021.09.29-02.30.15:391][598]LogTemp: Warning: Strength: 1.806393
[2021.09.29-02.30.15:402][598]LogTemp: Warning: ReUpdated
[2021.09.29-02.30.15:410][599]LogTemp: Warning: Ammo: 7.568119
[2021.09.29-02.30.15:410][599]LogTemp: Warning: Strength: 1.806393
[2021.09.29-02.30.15:421][599]LogTemp: Warning: ReUpdated
[2021.09.29-02.30.15:429][600]LogTemp: Warning: Ammo: 7.511240
[2021.09.29-02.30.15:429][600]LogTemp: Warning: Strength: 1.806393
[2021.09.29-02.30.15:440][600]LogTemp: Warning: ReUpdated
[2021.09.29-02.30.15:448][601]LogTemp: Warning: Ammo: 7.453732
[2021.09.29-02.30.15:448][601]LogTemp: Warning: Strength: 1.806393
[2021.09.29-02.30.15:459][601]LogTemp: Warning: ReUpdated
[2021.09.29-02.30.15:466][602]LogTemp: Warning: Ammo: 7.398778
[2021.09.29-02.30.15:467][602]LogTemp: Warning: Strength: 1.806393
[2021.09.29-02.30.15:478][602]LogTemp: Warning: ReUpdated
[2021.09.29-02.30.15:486][603]LogTemp: Warning: Ammo: 7.341401
[2021.09.29-02.30.15:486][603]LogTemp: Warning: Strength: 1.806393
[2021.09.29-02.30.15:497][603]LogTemp: Warning: ReUpdated
[2021.09.29-02.30.15:505][604]LogTemp: Warning: Ammo: 7.284487
[2021.09.29-02.30.15:505][604]LogTemp: Warning: Strength: 1.806393
[2021.09.29-02.30.15:516][604]LogTemp: Warning: ReUpdated
[2021.09.29-02.30.15:523][605]LogTemp: Warning: Ammo: 7.228395
[2021.09.29-02.30.15:524][605]LogTemp: Warning: Strength: 1.806393
[2021.09.29-02.30.15:535][605]LogTemp: Warning: ReUpdated
[2021.09.29-02.30.15:542][606]LogTemp: Warning: Ammo: 7.173042
[2021.09.29-02.30.15:543][606]LogTemp: Warning: Strength: 1.806393
[2021.09.29-02.30.15:553][606]LogTemp: Warning: ReUpdated
[2021.09.29-02.30.15:560][607]LogTemp: Warning: Ammo: 7.117401
[2021.09.29-02.30.15:561][607]LogTemp: Warning: Strength: 1.806393
[2021.09.29-02.30.15:572][607]LogTemp: Warning: ReUpdated
[2021.09.29-02.30.15:580][608]LogTemp: Warning: Ammo: 7.060412
[2021.09.29-02.30.15:580][608]LogTemp: Warning: Strength: 1.806393
[2021.09.29-02.30.15:590][608]LogTemp: Warning: ReUpdated
[2021.09.29-02.30.15:599][609]LogTemp: Warning: Ammo: 7.004494
[2021.09.29-02.30.15:599][609]LogTemp: Warning: Strength: 1.806393
[2021.09.29-02.30.15:610][609]LogTemp: Warning: ReUpdated
[2021.09.29-02.30.15:617][610]LogTemp: Warning: Ammo: 6.949073
[2021.09.29-02.30.15:617][610]LogTemp: Warning: Strength: 1.806393
[2021.09.29-02.30.15:628][610]LogTemp: Warning: ReUpdated
[2021.09.29-02.30.15:634][611]LogTemp: Warning: Ammo: 6.895331
[2021.09.29-02.30.15:634][611]LogTemp: Warning: Strength: 1.806393
[2021.09.29-02.30.15:645][611]LogTemp: Warning: ReUpdated
[2021.09.29-02.30.15:652][612]LogTemp: Warning: Ammo: 6.841855
[2021.09.29-02.30.15:653][612]LogTemp: Warning: Strength: 1.806393
[2021.09.29-02.30.15:663][612]LogTemp: Warning: ReUpdated
[2021.09.29-02.30.15:670][613]LogTemp: Warning: Ammo: 6.787730
[2021.09.29-02.30.15:670][613]LogTemp: Warning: Strength: 1.806393
[2021.09.29-02.30.15:682][613]LogTemp: Warning: ReUpdated
[2021.09.29-02.30.15:690][614]LogTemp: Warning: Ammo: 6.730283
[2021.09.29-02.30.15:690][614]LogTemp: Warning: Strength: 1.806393
[2021.09.29-02.30.15:701][614]LogTemp: Warning: ReUpdated
[2021.09.29-02.30.15:709][615]LogTemp: Warning: Ammo: 6.672492
[2021.09.29-02.30.15:709][615]LogTemp: Warning: Strength: 1.806393
[2021.09.29-02.30.15:720][615]LogTemp: Warning: ReUpdated
[2021.09.29-02.30.15:728][616]LogTemp: Warning: Ammo: 6.616379
[2021.09.29-02.30.15:728][616]LogTemp: Warning: Strength: 1.806393
[2021.09.29-02.30.15:739][616]LogTemp: Warning: ReUpdated
[2021.09.29-02.30.15:747][617]LogTemp: Warning: Ammo: 6.559221
[2021.09.29-02.30.15:747][617]LogTemp: Warning: Strength: 1.806393
[2021.09.29-02.30.15:758][617]LogTemp: Warning: ReUpdated
[2021.09.29-02.30.15:766][618]LogTemp: Warning: Ammo: 6.502626
[2021.09.29-02.30.15:766][618]LogTemp: Warning: Strength: 1.806393
[2021.09.29-02.30.15:776][618]LogTemp: Warning: ReUpdated
[2021.09.29-02.30.15:785][619]LogTemp: Warning: Ammo: 6.446750
[2021.09.29-02.30.15:785][619]LogTemp: Warning: Strength: 1.806393
[2021.09.29-02.30.15:796][619]LogTemp: Warning: ReUpdated
[2021.09.29-02.30.15:802][620]LogTemp: Warning: Ammo: 6.390415
[2021.09.29-02.30.15:802][620]LogTemp: Warning: Strength: 1.806393
[2021.09.29-02.30.15:814][620]LogTemp: Warning: ReUpdated
[2021.09.29-02.30.15:820][621]LogTemp: Warning: Ammo: 6.335723
[2021.09.29-02.30.15:820][621]LogTemp: Warning: Strength: 1.806393
[2021.09.29-02.30.15:832][621]LogTemp: Warning: ReUpdated
[2021.09.29-02.30.15:839][622]LogTemp: Warning: Ammo: 6.280257
[2021.09.29-02.30.15:839][622]LogTemp: Warning: Strength: 1.806393
[2021.09.29-02.30.15:852][622]LogTemp: Warning: ReUpdated
[2021.09.29-02.30.15:859][623]LogTemp: Warning: Ammo: 6.220465
[2021.09.29-02.30.15:859][623]LogTemp: Warning: Strength: 1.806393
[2021.09.29-02.30.15:871][623]LogTemp: Warning: ReUpdated
[2021.09.29-02.30.15:879][624]LogTemp: Warning: Ammo: 6.162257
[2021.09.29-02.30.15:879][624]LogTemp: Warning: Strength: 1.806393
[2021.09.29-02.30.15:891][624]LogTemp: Warning: ReUpdated
[2021.09.29-02.30.15:898][625]LogTemp: Warning: Ammo: 6.104381
[2021.09.29-02.30.15:898][625]LogTemp: Warning: Strength: 1.806393
[2021.09.29-02.30.15:910][625]LogTemp: Warning: ReUpdated
[2021.09.29-02.30.15:917][626]LogTemp: Warning: Ammo: 6.045917
[2021.09.29-02.30.15:917][626]LogTemp: Warning: Strength: 1.806393
[2021.09.29-02.30.15:930][626]LogTemp: Warning: ReUpdated
[2021.09.29-02.30.15:937][627]LogTemp: Warning: Ammo: 5.986868
[2021.09.29-02.30.15:937][627]LogTemp: Warning: Strength: 1.806393
[2021.09.29-02.30.15:949][627]LogTemp: Warning: ReUpdated
[2021.09.29-02.30.15:957][628]LogTemp: Warning: Ammo: 5.930566
[2021.09.29-02.30.15:957][628]LogTemp: Warning: Strength: 1.806393
[2021.09.29-02.30.15:968][628]LogTemp: Warning: ReUpdated
[2021.09.29-02.30.15:976][629]LogTemp: Warning: Ammo: 5.871642
[2021.09.29-02.30.15:976][629]LogTemp: Warning: Strength: 1.806393
[2021.09.29-02.30.15:986][629]LogTemp: Warning: ReUpdated
[2021.09.29-02.30.15:996][630]LogTemp: Warning: Ammo: 5.807659
[2021.09.29-02.30.15:996][630]LogTemp: Warning: Strength: 1.806393
[2021.09.29-02.30.16:008][630]LogTemp: Warning: ReUpdated
[2021.09.29-02.30.16:017][631]LogTemp: Warning: Ammo: 5.748628
[2021.09.29-02.30.16:017][631]LogTemp: Warning: Strength: 1.806393
[2021.09.29-02.30.16:028][631]LogTemp: Warning: ReUpdated
[2021.09.29-02.30.16:036][632]LogTemp: Warning: Ammo: 5.690031
[2021.09.29-02.30.16:036][632]LogTemp: Warning: Strength: 1.806393
[2021.09.29-02.30.16:047][632]LogTemp: Warning: ReUpdated
[2021.09.29-02.30.16:054][633]LogTemp: Warning: Ammo: 5.633763
[2021.09.29-02.30.16:054][633]LogTemp: Warning: Strength: 1.806393
[2021.09.29-02.30.16:066][633]LogTemp: Warning: ReUpdated
[2021.09.29-02.30.17:958][747]LogAudioMixer: Display: No commands were queued while flushing the source manager.
[2021.09.29-02.30.17:983][747]LogAudioMixer: Display: Flush succeeded in the source manager command queue (1).
[2021.09.29-02.30.18:002][747]LogAudioMixer: Display: Flush succeeded the source manager command queue (2).
[2021.09.29-02.30.18:002][747]LogBlueprintUserMessages: Early EndPlayMap Detection: Level '/Game/Maps/FirstPersonExampleMap.FirstPersonExampleMap:PersistentLevel' has LevelScriptBlueprint '/Game/Maps/FirstPersonExampleMap.FirstPersonExampleMap:PersistentLevel.FirstPersonExampleMap' with GeneratedClass '/Game/Maps/FirstPersonExampleMap.FirstPersonExampleMap_C' with ClassGeneratedBy '/Game/Maps/FirstPersonExampleMap.FirstPersonExampleMap:PersistentLevel.FirstPersonExampleMap'
[2021.09.29-02.30.18:003][747]LogSlate: Updating window title bar state: overlay mode, drag disabled, window buttons hidden, title bar hidden
[2021.09.29-02.30.18:003][747]LogWorld: BeginTearingDown for /Game/Maps/UEDPIE_0_FirstPersonExampleMap
[2021.09.29-02.30.18:003][747]LogAudioMixer: Display: No commands were queued while flushing the source manager.
[2021.09.29-02.30.18:003][747]LogWorld: UWorld::CleanupWorld for FirstPersonExampleMap, bSessionEnded=true, bCleanupResources=true
[2021.09.29-02.30.18:004][747]LogSlate: InvalidateAllWidgets triggered.  All widgets were invalidated
[2021.09.29-02.30.18:018][747]LogPlayLevel: Display: Shutting down PIE online subsystems
[2021.09.29-02.30.18:019][747]LogBlueprintUserMessages: Late EndPlayMap Detection: Level '/Game/Maps/FirstPersonExampleMap.FirstPersonExampleMap:PersistentLevel' has LevelScriptBlueprint '/Game/Maps/FirstPersonExampleMap.FirstPersonExampleMap:PersistentLevel.FirstPersonExampleMap' with GeneratedClass '/Game/Maps/FirstPersonExampleMap.FirstPersonExampleMap_C' with ClassGeneratedBy '/Game/Maps/FirstPersonExampleMap.FirstPersonExampleMap:PersistentLevel.FirstPersonExampleMap'
[2021.09.29-02.30.18:023][747]LogSlate: InvalidateAllWidgets triggered.  All widgets were invalidated
[2021.09.29-02.30.18:051][747]LogAudioMixer: Display: No commands were queued while flushing the source manager.
[2021.09.29-02.30.18:056][747]LogSlate: Updating window title bar state: overlay mode, drag disabled, window buttons hidden, title bar hidden
[2021.09.29-02.30.18:058][747]LogUObjectHash: Compacting FUObjectHashTables data took   1.13ms
[2021.09.29-02.30.18:078][748]LogPlayLevel: Display: Destroying online subsystem :Context_2
[2021.09.29-02.30.27:689][314]LogSlate: Took 0.000247 seconds to synchronously load lazily loaded font '../../../Engine/Content/Slate/Fonts/Roboto-Light.ttf' (167K)
[2021.09.29-02.32.11:945][231]LogSlate: Took 0.000209 seconds to synchronously load lazily loaded font '../../../Engine/Content/Slate/Fonts/Roboto-Light.ttf' (167K)
[2021.09.29-02.32.12:006][231]LogSavePackage: Moving '../../../../../../Users/zelno/Downloads/Stuff/Coding Stuff/Unreal Engine/Assessment3AdvGamesDev/TwistedGrounds/Saved/DustClouds_BP9379706540696CEF3BBDBF99D95095D2.tmp' to '../../../../../../Users/zelno/Downloads/Stuff/Coding Stuff/Unreal Engine/Assessment3AdvGamesDev/TwistedGrounds/Content/Blueprints/DustClouds_BP.uasset'
[2021.09.29-02.32.12:039][231]LogUObjectHash: Compacting FUObjectHashTables data took   0.62ms
[2021.09.29-02.32.13:740][231]LogUObjectHash: Compacting FUObjectHashTables data took   1.03ms
[2021.09.29-02.32.13:763][231]LogUObjectHash: Compacting FUObjectHashTables data took   0.66ms
[2021.09.29-02.32.13:784][231]LogUObjectHash: Compacting FUObjectHashTables data took   0.67ms
[2021.09.29-02.32.13:811][231]LogUObjectHash: Compacting FUObjectHashTables data took   0.61ms
[2021.09.29-02.32.13:836][231]LogUObjectHash: Compacting FUObjectHashTables data took   0.66ms
[2021.09.29-02.32.13:867][231]LogUObjectHash: Compacting FUObjectHashTables data took   0.64ms
[2021.09.29-02.32.13:890][231]LogUObjectHash: Compacting FUObjectHashTables data took   0.58ms
[2021.09.29-02.32.13:895][231]AssetCheck: New page: Asset Save: multiple assets
[2021.09.29-02.32.23:946][624]LogUObjectHash: Compacting FUObjectHashTables data took   0.60ms
[2021.09.29-02.32.24:302][624]LogUObjectHash: Compacting FUObjectHashTables data took   0.63ms
[2021.09.29-02.32.24:336][624]LogUObjectHash: Compacting FUObjectHashTables data took   0.54ms
[2021.09.29-02.32.24:359][624]LogUObjectHash: Compacting FUObjectHashTables data took   0.70ms
[2021.09.29-02.32.38:761][252]LogUObjectHash: Compacting FUObjectHashTables data took   0.60ms
[2021.09.29-02.32.39:191][252]LogUObjectHash: Compacting FUObjectHashTables data took   0.53ms
[2021.09.29-02.32.39:223][252]LogUObjectHash: Compacting FUObjectHashTables data took   0.64ms
[2021.09.29-02.32.39:245][252]LogUObjectHash: Compacting FUObjectHashTables data took   0.57ms
[2021.09.29-02.32.51:375][545]LogTemp: Repeating last play command: Selected Viewport
[2021.09.29-02.32.51:379][545]LogBlueprintUserMessages: Early PlayInEditor Detection: Level '/Game/Maps/FirstPersonExampleMap.FirstPersonExampleMap:PersistentLevel' has LevelScriptBlueprint '/Game/Maps/FirstPersonExampleMap.FirstPersonExampleMap:PersistentLevel.FirstPersonExampleMap' with GeneratedClass '/Game/Maps/FirstPersonExampleMap.FirstPersonExampleMap_C' with ClassGeneratedBy '/Game/Maps/FirstPersonExampleMap.FirstPersonExampleMap:PersistentLevel.FirstPersonExampleMap'
[2021.09.29-02.32.51:380][545]LogPlayLevel: PlayLevel: No blueprints needed recompiling
[2021.09.29-02.32.51:380][545]PIE: New page: PIE session: FirstPersonExampleMap (29 Sep 2021, 10:32:51 pm)
[2021.09.29-02.32.51:380][545]LogPlayLevel: Creating play world package: /Game/Maps/UEDPIE_0_FirstPersonExampleMap
[2021.09.29-02.32.51:403][545]LogPlayLevel: PIE: StaticDuplicateObject took: (0.022981s)
[2021.09.29-02.32.51:404][545]LogAIModule: Creating AISystem for world FirstPersonExampleMap
[2021.09.29-02.32.51:404][545]LogPlayLevel: PIE: World Init took: (0.000963s)
[2021.09.29-02.32.51:404][545]LogPlayLevel: PIE: Created PIE world by copying editor world from /Game/Maps/FirstPersonExampleMap.FirstPersonExampleMap to /Game/Maps/UEDPIE_0_FirstPersonExampleMap.FirstPersonExampleMap (0.024065s)
[2021.09.29-02.32.51:426][545]LogUObjectHash: Compacting FUObjectHashTables data took   1.00ms
[2021.09.29-02.32.51:427][545]LogAudioMixer: Display: Audio Mixer Platform Settings:
[2021.09.29-02.32.51:427][545]LogAudioMixer: Display: 	Sample Rate:						  48000
[2021.09.29-02.32.51:427][545]LogAudioMixer: Display: 	Callback Buffer Frame Size Requested: 1024
[2021.09.29-02.32.51:427][545]LogAudioMixer: Display: 	Callback Buffer Frame Size To Use:	  1024
[2021.09.29-02.32.51:427][545]LogAudioMixer: Display: 	Number of buffers to queue:			  2
[2021.09.29-02.32.51:427][545]LogAudioMixer: Display: 	Max Channels (voices):				  32
[2021.09.29-02.32.51:427][545]LogAudioMixer: Display: 	Number of Async Source Workers:		  0
[2021.09.29-02.32.51:427][545]LogAudio: Display: AudioDevice MaxSources: 32
[2021.09.29-02.32.51:428][545]LogAudio: Display: Using built-in audio occlusion.
[2021.09.29-02.32.51:428][545]LogAudioMixer: Display: Initializing audio mixer.
[2021.09.29-02.32.51:431][545]LogAudioMixer: Display: Audio Device Output Speaker Info:
[2021.09.29-02.32.51:431][545]LogAudioMixer: Display: Name: Speakers (Realtek High Definition Audio(SST))
[2021.09.29-02.32.51:431][545]LogAudioMixer: Display: Is Default: Yes
[2021.09.29-02.32.51:431][545]LogAudioMixer: Display: Sample Rate: 48000
[2021.09.29-02.32.51:431][545]LogAudioMixer: Display: Channel Count Used: 2
[2021.09.29-02.32.51:431][545]LogAudioMixer: Display: Device Channel Count: 2
[2021.09.29-02.32.51:431][545]LogAudioMixer: Display: Channel Order:
[2021.09.29-02.32.51:431][545]LogAudioMixer: Display: 0: FrontLeft
[2021.09.29-02.32.51:431][545]LogAudioMixer: Display: 1: FrontRight
[2021.09.29-02.32.51:446][545]LogAudioMixer: Display: Using Audio Device Speakers (Realtek High Definition Audio(SST))
[2021.09.29-02.32.51:447][545]LogInit: FAudioDevice initialized.
[2021.09.29-02.32.51:455][545]LogLoad: Game class is 'GameModeOverride_C'
[2021.09.29-02.32.51:458][545]LogWorld: Bringing World /Game/Maps/UEDPIE_0_FirstPersonExampleMap.FirstPersonExampleMap up for play (max tick rate 60) at 2021.09.29-12.32.51
[2021.09.29-02.32.51:458][545]LogWorld: Bringing up level for play took: 0.000881
[2021.09.29-02.32.51:458][545]LogOnline: OSS: Creating online subsystem instance for: :Context_3
[2021.09.29-02.32.51:463][545]LogTemp: Warning: Loaded Map
[2021.09.29-02.32.51:463][545]PIE: Play in editor start time for /Game/Maps/UEDPIE_0_FirstPersonExampleMap 0.457
[2021.09.29-02.32.51:464][545]LogBlueprintUserMessages: Late PlayInEditor Detection: Level '/Game/Maps/FirstPersonExampleMap.FirstPersonExampleMap:PersistentLevel' has LevelScriptBlueprint '/Game/Maps/FirstPersonExampleMap.FirstPersonExampleMap:PersistentLevel.FirstPersonExampleMap' with GeneratedClass '/Game/Maps/FirstPersonExampleMap.FirstPersonExampleMap_C' with ClassGeneratedBy '/Game/Maps/FirstPersonExampleMap.FirstPersonExampleMap:PersistentLevel.FirstPersonExampleMap'
[2021.09.29-02.32.52:719][613]LogAudioMixer: Display: No commands were queued while flushing the source manager.
[2021.09.29-02.32.52:723][613]LogAudioMixer: Display: Flush succeeded in the source manager command queue (1).
[2021.09.29-02.32.52:753][613]LogAudioMixer: Display: Flush succeeded the source manager command queue (2).
[2021.09.29-02.32.52:754][613]LogBlueprintUserMessages: Early EndPlayMap Detection: Level '/Game/Maps/FirstPersonExampleMap.FirstPersonExampleMap:PersistentLevel' has LevelScriptBlueprint '/Game/Maps/FirstPersonExampleMap.FirstPersonExampleMap:PersistentLevel.FirstPersonExampleMap' with GeneratedClass '/Game/Maps/FirstPersonExampleMap.FirstPersonExampleMap_C' with ClassGeneratedBy '/Game/Maps/FirstPersonExampleMap.FirstPersonExampleMap:PersistentLevel.FirstPersonExampleMap'
[2021.09.29-02.32.52:754][613]LogSlate: Updating window title bar state: overlay mode, drag disabled, window buttons hidden, title bar hidden
[2021.09.29-02.32.52:754][613]LogWorld: BeginTearingDown for /Game/Maps/UEDPIE_0_FirstPersonExampleMap
[2021.09.29-02.32.52:754][613]LogAudioMixer: Display: No commands were queued while flushing the source manager.
[2021.09.29-02.32.52:755][613]LogWorld: UWorld::CleanupWorld for FirstPersonExampleMap, bSessionEnded=true, bCleanupResources=true
[2021.09.29-02.32.52:755][613]LogSlate: InvalidateAllWidgets triggered.  All widgets were invalidated
[2021.09.29-02.32.52:768][613]LogPlayLevel: Display: Shutting down PIE online subsystems
[2021.09.29-02.32.52:769][613]LogBlueprintUserMessages: Late EndPlayMap Detection: Level '/Game/Maps/FirstPersonExampleMap.FirstPersonExampleMap:PersistentLevel' has LevelScriptBlueprint '/Game/Maps/FirstPersonExampleMap.FirstPersonExampleMap:PersistentLevel.FirstPersonExampleMap' with GeneratedClass '/Game/Maps/FirstPersonExampleMap.FirstPersonExampleMap_C' with ClassGeneratedBy '/Game/Maps/FirstPersonExampleMap.FirstPersonExampleMap:PersistentLevel.FirstPersonExampleMap'
[2021.09.29-02.32.52:773][613]LogSlate: InvalidateAllWidgets triggered.  All widgets were invalidated
[2021.09.29-02.32.52:796][613]LogAudioMixer: Display: No commands were queued while flushing the source manager.
[2021.09.29-02.32.52:801][613]LogSlate: Updating window title bar state: overlay mode, drag disabled, window buttons hidden, title bar hidden
[2021.09.29-02.32.52:803][613]LogUObjectHash: Compacting FUObjectHashTables data took   1.37ms
[2021.09.29-02.32.52:831][615]LogPlayLevel: Display: Destroying online subsystem :Context_3
