AndroidPlatformFactory.RegisterBuildPlatforms: UnrealBuildTool.AndroidPlatformSDK has no valid SDK
IOSPlatformFactory.RegisterBuildPlatforms: UnrealBuildTool.IOSPlatformSDK has no valid SDK
LinuxPlatformFactory.RegisterBuildPlatforms: UnrealBuildTool.LinuxPlatformSDK has no valid SDK
WindowsPlatformFactory.RegisterBuildPlatforms: UnrealBuildTool.WindowsPlatformSDK using manually installed SDK
ProjectFileGenerator.GenerateProjectFiles: Discovering modules, targets and source code for project...
WindowsPlatform.FindVSInstallDirs: Found Visual Studio installation: C:\Program Files (x86)\Microsoft Visual Studio\2019\Community (Product=Microsoft.VisualStudio.Product.Community, Version=16.11.31624.102, Sort=0)
WindowsPlatform.FindToolChainDirs: Found Visual Studio toolchain: C:\Program Files (x86)\Microsoft Visual Studio\2019\Community\VC\Tools\MSVC\14.29.30133 (Version=14.29.30133)
WindowsPlatform.UpdateCachedWindowsSdks: Found Windows 8.1 SDK at C:\Program Files (x86)\Windows Kits\8.1
WindowsPlatform.EnumerateSdkRootDirs: Found Windows 10 SDK root at C:\Program Files (x86)\Windows Kits\10 (1)
WindowsPlatform.EnumerateSdkRootDirs: Found Windows 10 SDK root at C:\Program Files (x86)\Windows Kits\10 (2)
WindowsPlatform.UpdateCachedWindowsSdks: Found Universal CRT version 10.0.10150.0 at C:\Program Files (x86)\Windows Kits\10
WindowsPlatform.UpdateCachedWindowsSdks: Found Universal CRT version 10.0.10240.0 at C:\Program Files (x86)\Windows Kits\10
WindowsPlatform.UpdateCachedWindowsSdks: Found Windows 10 SDK version 10.0.16299.0 at C:\Program Files (x86)\Windows Kits\10
WindowsPlatform.UpdateCachedWindowsSdks: Found Universal CRT version 10.0.16299.0 at C:\Program Files (x86)\Windows Kits\10
WindowsPlatform.UpdateCachedWindowsSdks: Found Windows 10 SDK version 10.0.17763.0 at C:\Program Files (x86)\Windows Kits\10
WindowsPlatform.UpdateCachedWindowsSdks: Found Universal CRT version 10.0.17763.0 at C:\Program Files (x86)\Windows Kits\10
WindowsPlatform.UpdateCachedWindowsSdks: Found Windows 10 SDK version 10.0.18362.0 at C:\Program Files (x86)\Windows Kits\10
WindowsPlatform.UpdateCachedWindowsSdks: Found Universal CRT version 10.0.18362.0 at C:\Program Files (x86)\Windows Kits\10
WindowsPlatform.UpdateCachedWindowsSdks: Found Windows 10 SDK version 10.0.19041.0 at C:\Program Files (x86)\Windows Kits\10
WindowsPlatform.UpdateCachedWindowsSdks: Found Universal CRT version 10.0.19041.0 at C:\Program Files (x86)\Windows Kits\10
DynamicCompilation.RequiresCompilation: Compiling E:\Desktop\Documents -HDD\Assessment3AdvGamesDev\TwistedGrounds\Intermediate\Build\BuildRules\TwistedGroundsModuleRules.dll: Added source file (E:\Desktop\Documents -HDD\Assessment3AdvGamesDev\TwistedGrounds\Plugins\SimplexNoise\SimplexNoise\Source\SimplexNoise\SimplexNoise.Build.cs)
DynamicCompilation.CompileAssembly: While compiling E:\Desktop\Documents -HDD\Assessment3AdvGamesDev\TwistedGrounds\Intermediate\Build\BuildRules\TwistedGroundsModuleRules.dll:
DynamicCompilation.CompileAssembly: e:\Desktop\Documents -HDD\Assessment3AdvGamesDev\TwistedGrounds\Plugins\SimplexNoise\SimplexNoise\Source\SimplexNoise\SimplexNoise.Build.cs(10,43) : error CS1502: The best overloaded method match for 'UnrealBuildTool.ModuleRules.ModuleRules(UnrealBuildTool.ReadOnlyTargetRules)' has some invalid arguments
DynamicCompilation.CompileAssembly: e:\Desktop\Documents -HDD\Assessment3AdvGamesDev\TwistedGrounds\Plugins\SimplexNoise\SimplexNoise\Source\SimplexNoise\SimplexNoise.Build.cs(10,49) : error CS1503: Argument 1: cannot convert from 'UnrealBuildTool.TargetInfo' to 'UnrealBuildTool.ReadOnlyTargetRules'
UnrealBuildTool.Main: ERROR: Unable to compile source files.
UnrealBuildTool.Main: BuildException: Unable to compile source files.
UnrealBuildTool.Main:    at UnrealBuildTool.DynamicCompilation.CompileAssembly(FileReference OutputAssemblyPath, HashSet`1 SourceFileNames, List`1 ReferencedAssembies, List`1 PreprocessorDefines, Boolean TreatWarningsAsErrors) in D:\Build\++UE4\Sync\Engine\Saved\CsTools\Engine\Source\Programs\UnrealBuildTool\System\DynamicCompilation.cs:line 375
UnrealBuildTool.Main:    at UnrealBuildTool.DynamicCompilation.CompileAndLoadAssembly(FileReference OutputAssemblyPath, HashSet`1 SourceFileNames, List`1 ReferencedAssembies, List`1 PreprocessorDefines, Boolean DoNotCompile, Boolean TreatWarningsAsErrors) in D:\Build\++UE4\Sync\Engine\Saved\CsTools\Engine\Source\Programs\UnrealBuildTool\System\DynamicCompilation.cs:line 442
UnrealBuildTool.Main:    at UnrealBuildTool.RulesAssembly..ctor(RulesScope Scope, DirectoryReference BaseDir, IReadOnlyList`1 Plugins, Dictionary`2 ModuleFileToContext, List`1 TargetFiles, FileReference AssemblyFileName, Boolean bContainsEngineModules, Nullable`1 DefaultBuildSettings, Boolean bReadOnly, Boolean bSkipCompile, RulesAssembly Parent) in D:\Build\++UE4\Sync\Engine\Saved\CsTools\Engine\Source\Programs\UnrealBuildTool\System\RulesAssembly.cs:line 115
UnrealBuildTool.Main:    at UnrealBuildTool.RulesCompiler.CreateProjectRulesAssembly(FileReference ProjectFileName, Boolean bUsePrecompiled, Boolean bSkipCompile) in D:\Build\++UE4\Sync\Engine\Saved\CsTools\Engine\Source\Programs\UnrealBuildTool\System\RulesCompiler.cs:line 592
UnrealBuildTool.Main:    at UnrealBuildTool.ProjectFileGenerator.AddProjectsForAllTargets(PlatformProjectGeneratorCollection PlatformProjectGenerators, List`1 AllGames, List`1 AllTargetFiles, ProjectFile& EngineProject, ProjectFile& EnterpriseProject, List`1& GameProjects, Dictionary`2& ProgramProjects) in D:\Build\++UE4\Sync\Engine\Saved\CsTools\Engine\Source\Programs\UnrealBuildTool\ProjectFiles\ProjectFileGenerator.cs:line 2219
UnrealBuildTool.Main:    at UnrealBuildTool.ProjectFileGenerator.GenerateProjectFiles(PlatformProjectGeneratorCollection PlatformProjectGenerators, String[] Arguments) in D:\Build\++UE4\Sync\Engine\Saved\CsTools\Engine\Source\Programs\UnrealBuildTool\ProjectFiles\ProjectFileGenerator.cs:line 720
UnrealBuildTool.Main:    at UnrealBuildTool.GenerateProjectFilesMode.Execute(CommandLineArguments Arguments) in D:\Build\++UE4\Sync\Engine\Saved\CsTools\Engine\Source\Programs\UnrealBuildTool\Modes\GenerateProjectFilesMode.cs:line 176
UnrealBuildTool.Main:    at UnrealBuildTool.UnrealBuildTool.Main(String[] ArgumentsArray) in D:\Build\++UE4\Sync\Engine\Saved\CsTools\Engine\Source\Programs\UnrealBuildTool\UnrealBuildTool.cs:line 517
Timeline.Print: Timeline:
Timeline.Print: 
Timeline.Print: [ 0.000]
Timeline.Print: [ 0.000](+0.040) <unknown>
Timeline.Print: [ 0.040](+0.094) XmlConfig.ReadConfigFiles()
Timeline.Print: [ 0.134](+0.000) SingleInstanceMutex.Acquire()
Timeline.Print: [ 0.134](+0.062) UEBuildPlatform.RegisterPlatforms()
Timeline.Print:   0.135          [ 0.000](+0.032) Initializing InstalledPlatformInfo
Timeline.Print:   0.167          [ 0.032](+0.000) Querying types
Timeline.Print:   0.169          [ 0.034](+0.001) MacPlatformFactory
Timeline.Print:   0.170          [ 0.035](+0.000) TVOSPlatformFactory
Timeline.Print:   0.170          [ 0.036](+0.008) AndroidPlatformFactory
Timeline.Print:   0.179          [ 0.044](+0.000) HoloLensPlatformFactory
Timeline.Print:   0.179          [ 0.044](+0.013) IOSPlatformFactory
Timeline.Print:   0.192          [ 0.057](+0.002) LinuxPlatformFactory
Timeline.Print:   0.194          [ 0.060](+0.000) LuminPlatformFactory
Timeline.Print:   0.195          [ 0.060](+0.001) WindowsPlatformFactory
Timeline.Print: [ 0.197](+0.383) <unknown>
Timeline.Print: [ 0.580](+0.001) Finding engine modules
Timeline.Print: [ 0.582](+0.002) Finding plugin modules
Timeline.Print: [ 0.584](+0.076) <unknown>
Timeline.Print: [ 0.661](+0.000) Finding program modules
Timeline.Print: [ 0.661](+0.000) Finding program targets
Timeline.Print: [ 0.661](+0.100) <unknown>
Timeline.Print: [ 0.762](+0.094) Compiling rules assembly (TwistedGroundsModuleRules.dll)
Timeline.Print: [ 0.870](+0.000) FileMetadataPrefetch.Stop()
Timeline.Print: [ 0.873]
